# This viminfo file was generated by Vim 8.1.
# You may edit it if you're careful!

# Viminfo version
|1,4

# Value of 'encoding' when this file was written
*encoding=utf-8


# hlsearch on (H) or off (h):
~h
# Last Search Pattern:
~MSle0~/cursoradio

# Last Substitute Search Pattern:
~MSle0&mms

# Last Substitute String:
$rsync -av --delete

# Command Line History (newest to oldest):
:w
|2,0,1543089551,,"w"
:source ~/.vim/vimrc
|2,0,1543088934,,"source ~/.vim/vimrc"
:bd
|2,0,1543087598,,"bd"
:q
|2,0,1543087540,,"q"
:$
|2,0,1543087276,,"$"
:0
|2,0,1543087270,,"0"
:PlugClean
|2,0,1543055477,,"PlugClean"
:'<,'> !yapf
|2,0,1543054468,,"'<,'> !yapf"
:'<,'> !python
|2,0,1543054440,,"'<,'> !python"
:'<,'> call AutoFormat("'<,'>")  h
|2,0,1543054308,,"'<,'> call AutoFormat(\"'<,'>\")  h"
:'<,'>!yapf 
|2,0,1543054250,,"'<,'>!yapf "
:'<,'> !ya
|2,0,1543054516,,"'<,'> !ya"
:'<,'>'<, >'!yapf
|2,0,1543055039,,"'<,'>'<, >'!yapf"
:'<
|2,0,1543054990,,"'<"
: '<
|2,0,1543054986,," '<"
:echom '<
|2,0,1543054980,,"echom '<"
:echo '<
|2,0,1543054975,,"echo '<"
:'>
|2,0,1543054952,,"'>"
:'<,'>'<,>'!yapf
|2,0,1543054861,,"'<,'>'<,>'!yapf"
:'<,'>h
|2,0,1543054609,,"'<,'>h"
:source .vim/vimrc
|2,0,1543053728,,"source .vim/vimrc"
:'<,'>!clang-format
|2,0,1543053574,,"'<,'>!clang-format"
::
|2,0,1543052282,,":"
:call AutoFormat('test')
|2,0,1543051536,,"call AutoFormat('test')"
:'<,'>!python
|2,0,1543053158,,"'<,'>!python"
:'<,'>!python %
|2,0,1543053138,,"'<,'>!python %"
:IndentWidth
|2,0,1543051221,,"IndentWidth"
:q!
|2,0,1543051148,,"q!"
:'<,'>ClangFormat
|2,0,1543050153,,"'<,'>ClangFormat"
:ClangFormat
|2,0,1543049628,,"ClangFormat"
:!proxychains mpv "http://liveal.quanmin.tv/live/2036316982.flv"
|2,0,1543049160,,"!proxychains mpv \"http://liveal.quanmin.tv/live/2036316982.flv\""
:source .vim
|2,0,1543049030,,"source .vim"
:ClangFormatjj
|2,0,1543048883,,"ClangFormatjj"
:PlugInstall
|2,0,1543048184,,"PlugInstall"
:load_config
|2,0,1542814312,,"load_config"
:selected
|2,0,1542807024,,"selected"
:nohl
|2,0,1542806802,,"nohl"
:nosl
|2,0,1542806679,,"nosl"
:nohlsearch
|2,0,1542717293,,"nohlsearch"
:PlugUpdate
|2,0,1542446737,,"PlugUpdate"
:g/
|2,0,1542392556,,"g/"
:g/mms/d
|2,0,1542392527,,"g/mms/d"
:r tet.txt
|2,0,1542392452,,"r tet.txt"
:o+ tet.txt
|2,0,1542392314,,"o+ tet.txt"
:o tet.txt
|2,0,1542392282,,"o tet.txt"
: ~/tet.txt
|2,0,1542392214,," ~/tet.txt"
:a ~/tet.txt
|2,0,1542392209,,"a ~/tet.txt"
:!proxychains mpv http://liveal.quanmin.tv/live/2036316982.flv
|2,0,1542297534,,"!proxychains mpv http://liveal.quanmin.tv/live/2036316982.flv"
:!proxychains mpv http://data1.cache.directory/media/videos/iphone/4350.mp4
|2,0,1542297489,,"!proxychains mpv http://data1.cache.directory/media/videos/iphone/4350.mp4"
:!bash proxychains mpv http://data1.cache.directory/media/videos/iphone/4350.mp4
|2,0,1542297476,,"!bash proxychains mpv http://data1.cache.directory/media/videos/iphone/4350.mp4"

# Search String History (newest to oldest):
?/curser
|2,1,1542896083,47,"curser"
?/cursoradio
|2,1,1542896076,47,"cursoradio"
?/self.flat
|2,1,1542893076,47,"self.flat"
?/TODO
|2,1,1542820564,47,"TODO"
?/todu
|2,1,1542820542,47,"todu"
?/pickle
|2,1,1542817745,47,"pickle"
?/config
|2,1,1542817580,47,"config"
?/pick
|2,1,1542817570,47,"pick"
?/OPMLAudio
|2,1,1542817395,47,"OPMLAudio"
?/from_xml
|2,1,1542816365,47,"from_xml"
?/libpath
|2,1,1542815585,47,"libpath"
?/libpaht
|2,1,1542815580,47,"libpaht"
?/CONFIG_DEFAULT
|2,1,1542814576,47,"CONFIG_DEFAULT"
?/self.config
|2,1,1542814370,47,"self.config"
?/load_config
|2,1,1542814325,47,"load_config"
?/lo
|2,1,1542814303,47,"lo"
? \<return\>
|2,1,1542814124,,"\\<return\\>"
?/pathlib
|2,1,1542813799,47,"pathlib"
?/Favourites
|2,1,1542813218,47,"Favourites"
?/OPMLFavourites
|2,1,1542813208,47,"OPMLFavourites"
?/selected
|2,1,1542807034,47,"selected"
?/collapsed
|2,1,1542806880,47,"collapsed"
?/collapsed 
|2,1,1542806849,47,"collapsed "
?/OPMLOutline
|2,1,1542806655,47,"OPMLOutline"
?/self.selected
|2,1,1542806462,47,"self.selected"
?/self.selected.activate
|2,1,1542806423,47,"self.selected.activate"
? \<OPMLAudio\>
|2,1,1542812075,,"\\<OPMLAudio\\>"
?/ready 
|2,1,1542810826,47,"ready "
? \<self\>
|2,1,1542808061,,"\\<self\\>"
? \<if\>
|2,1,1542807909,,"\\<if\\>"
?/ready
|2,1,1542807806,47,"ready"
?/rel
|2,1,1542721855,47,"rel"
?/self.root.
|2,1,1542718519,47,"self.root."
?/root
|2,1,1542718469,47,"root"
?/self.root
|2,1,1542718455,47,"self.root"
?/start
|2,1,1542718078,47,"start"
?/nohi
|2,1,1542716790,47,"nohi"
?/enter
|2,1,1542716760,47,"enter"
?/msg
|2,1,1542715651,47,"msg"
?/playb
|2,1,1542714692,47,"playb"
?/favourite
|2,1,1542560083,47,"favourite"
?/command
|2,1,1542558791,47,"command"
?/comm
|2,1,1542558753,47,"comm"
?/mpv
|2,1,1542558749,47,"mpv"
?/opml
|2,1,1542558674,47,"opml"
?/render
|2,1,1542554236,47,"render"
? }
|2,1,1542555078,,"}"
?/re
|2,1,1542554611,47,"re"
? mms
|2,1,1542392527,,"mms"
?/http://liveal.quanmin.tv/live/2036316982.flv
|2,1,1542297522,47,"http://liveal.quanmin.tv/live/2036316982.flv"

# Expression History (newest to oldest):

# Input Line History (newest to oldest):
@y
|2,3,1543055481,,"y"
@/home/gaffey/Code/C_language/Lesson_one.c
|2,3,1539445334,,"/home/gaffey/Code/C_language/Lesson_one.c"
@/lost+found/
|2,3,1538371530,,"/lost+found/"
@/home/gaffey/Learn/Util/ThreadUtil.py
|2,3,1529935916,,"/home/gaffey/Learn/Util/ThreadUtil.py"
@/home/gaffey/Learn/Util/BpyUtil.py
|2,3,1529935480,,"/home/gaffey/Learn/Util/BpyUtil.py"

# Debug Line History (newest to oldest):

# Registers:
"0	CHAR	0
	'!python %'
|3,0,0,0,1,0,1543053086,"'!python %'"
""1	LINE	0
	#include_next "
|3,1,1,1,1,0,1543089550,"#include_next \""
"2	LINE	0
	#include_next <
|3,0,2,1,1,0,1543089339,"#include_next <"
"3	LINE	0
	}
|3,0,3,1,1,0,1543088558,"}"
"4	LINE	0
	int test() {}
|3,0,4,1,1,0,1543088366,"int test() {}"
"5	LINE	0
			exec clang_format
|3,0,5,1,1,0,1543087287,"		exec clang_format"
"6	LINE	0
			let python_format = a:mode . pypf
|3,0,6,1,1,0,1543087228,"		let python_format = a:mode . pypf"
"7	LINE	0
			let clang_format = a:mode . clang
|3,0,7,1,1,0,1543087211,"		let clang_format = a:mode . clang"
"8	LINE	0
	im0 : f(i < 3) {
|3,0,8,1,1,0,1543055310,"im0 : f(i < 3) {"
"9	LINE	0
			echom python_format
|3,0,9,1,1,0,1543054345,"		echom python_format"
"a	LINE	0
	Traceback (most recent call last):
	  File "/usr/lib/python3.6/site-packages/yapf/yapflib/pytree_utils.py", line 115, in ParseCodeToTree
	    tree = parser_driver.parse_string(code, debug=False)
	  File "/usr/lib/python3.6/lib2to3/pgen2/driver.py", line 107, in parse_string
	    return self.parse_tokens(tokens, debug)
	  File "/usr/lib/python3.6/lib2to3/pgen2/driver.py", line 72, in parse_tokens
	    if p.addtoken(type, value, (prefix, start)):
	  File "/usr/lib/python3.6/lib2to3/pgen2/parse.py", line 159, in addtoken
	    raise ParseError("bad input", type, value, context)
	lib2to3.pgen2.parse.ParseError: bad input: type=22, value='=', context=('', (36, 15))
	
	During handling of the above exception, another exception occurred:
	
	Traceback (most recent call last):
	  File "/usr/lib/python3.6/site-packages/yapf/yapflib/pytree_utils.py", line 121, in ParseCodeToTree
	    tree = parser_driver.parse_string(code, debug=False)
	  File "/usr/lib/python3.6/lib2to3/pgen2/driver.py", line 107, in parse_string
	    return self.parse_tokens(tokens, debug)
	  File "/usr/lib/python3.6/lib2to3/pgen2/driver.py", line 72, in parse_tokens
	    if p.addtoken(type, value, (prefix, start)):
	  File "/usr/lib/python3.6/lib2to3/pgen2/parse.py", line 159, in addtoken
	    raise ParseError("bad input", type, value, context)
	lib2to3.pgen2.parse.ParseError: bad input: type=22, value='=', context=('', (36, 15))
	
	During handling of the above exception, another exception occurred:
	
	Traceback (most recent call last):
	  File "/usr/bin/yapf", line 11, in <module>
	    sys.exit(run_main())
	  File "/usr/lib/python3.6/site-packages/yapf/__init__.py", line 313, in run_main
	    sys.exit(main(sys.argv))
	  File "/usr/lib/python3.6/site-packages/yapf/__init__.py", line 183, in main
	    verify=args.verify)
	  File "/usr/lib/python3.6/site-packages/yapf/yapflib/yapf_api.py", line 129, in FormatCode
	    tree = pytree_utils.ParseCodeToTree(unformatted_source)
	  File "/usr/lib/python3.6/site-packages/yapf/yapflib/pytree_utils.py", line 127, in ParseCodeToTree
	    raise e
	  File "/usr/lib/python3.6/site-packages/yapf/yapflib/pytree_utils.py", line 125, in ParseCodeToTree
	    ast.parse(code)
	  File "/usr/lib/python3.6/ast.py", line 35, in parse
	    return compile(source, filename, mode, PyCF_ONLY_AST)
	  File "<unknown>", line 36
	    with outputfile=open(fileurl,'wb') as f:
	                   ^
	SyntaxError: invalid syntax
|3,0,10,1,45,0,1528977822,"Traceback (most recent call last):","  File \"/usr/lib/python3.6/site-packages/yapf/yapflib/pytree_utils.py\", line 115, in ParseCodeToTree","    tree = parser_driver.parse_string(code, debug=False)","  File \"/usr/lib/python3.6/lib2to3/pgen2/driver.py\", line 107, in parse_string","    return self.parse_tokens(tokens, debug)","  File \"/usr/lib/python3.6/lib2to3/pgen2/driver.py\", line 72, in parse_tokens",>50
|<"    if p.addtoken(type, value, (prefix, start)):","  File \"/usr/lib/python3.6/lib2to3/pgen2/parse.py\", line 159, in addtoken","    raise ParseError(\"bad input\", type, value, context)","lib2to3.pgen2.parse.ParseError: bad input: type=22, value='=', context=('', (36, 15))","","During handling of the above exception, another exception occurred:","","Traceback (most recent call last):",>104
|<"  File \"/usr/lib/python3.6/site-packages/yapf/yapflib/pytree_utils.py\", line 121, in ParseCodeToTree","    tree = parser_driver.parse_string(code, debug=False)","  File \"/usr/lib/python3.6/lib2to3/pgen2/driver.py\", line 107, in parse_string","    return self.parse_tokens(tokens, debug)","  File \"/usr/lib/python3.6/lib2to3/pgen2/driver.py\", line 72, in parse_tokens","    if p.addtoken(type, value, (prefix, start)):",>77
|<"  File \"/usr/lib/python3.6/lib2to3/pgen2/parse.py\", line 159, in addtoken","    raise ParseError(\"bad input\", type, value, context)","lib2to3.pgen2.parse.ParseError: bad input: type=22, value='=', context=('', (36, 15))","","During handling of the above exception, another exception occurred:","","Traceback (most recent call last):","  File \"/usr/bin/yapf\", line 11, in <module>","    sys.exit(run_main())",>85
|<"  File \"/usr/lib/python3.6/site-packages/yapf/__init__.py\", line 313, in run_main","    sys.exit(main(sys.argv))","  File \"/usr/lib/python3.6/site-packages/yapf/__init__.py\", line 183, in main","    verify=args.verify)","  File \"/usr/lib/python3.6/site-packages/yapf/yapflib/yapf_api.py\", line 129, in FormatCode","    tree = pytree_utils.ParseCodeToTree(unformatted_source)","  File \"/usr/lib/python3.6/site-packages/yapf/yapflib/pytree_utils.py\", line 127, in ParseCodeToTree",>13
|<"    raise e","  File \"/usr/lib/python3.6/site-packages/yapf/yapflib/pytree_utils.py\", line 125, in ParseCodeToTree","    ast.parse(code)","  File \"/usr/lib/python3.6/ast.py\", line 35, in parse","    return compile(source, filename, mode, PyCF_ONLY_AST)","  File \"<unknown>\", line 36","    with outputfile=open(fileurl,'wb') as f:","                   ^","SyntaxError: invalid syntax"
"h	CHAR	0
	563
<hhhhhhhhhhhhhhliint(lxlllllllllllllli)hi.0jhhhhhhhhhhhhhhhhhhjhiint(lx$a)hhi.li90€kb€kb0:w€k; uGkkkjBlkkkkkkhllllllllllllllllllllllllllll€k;uBGBBuuuuuuuuuuuuuukjhhhhhhhhhhhhhhhhllllllllllllllhhhhlllhhhhkkjjllllllllha):wkjhhhhhhhhhhhhhhhhlliii€kbnt(lxlllllllllllllli)hhhhhhkkjhkhhhhhhhhhhhliinit€kb€kbt(lxlllllllllllllllha):wjja):wjjjkkkkkjjjjjjjjjjjjjjjjjjjjjjjkkkkkkkkkkkkkkkkkkkkkkkkkkkkkkkkkkkkkkkkkkkkkkkkkkkkj:wjkkkkkkkkkkkjjjjjjjkjkkkkkkkkkkkkkkkkkkkkkkkjjjjjjjkkkjkkkkkkjjjjjjjkjjjjjjjjjjjjjjjjjkjjjkkkkkkkkkkkkkkkkkkkkjj:w
|3,0,17,0,1,0,1542722471,>562
|<"hhhhhhhhhhhhhhliint(lxlllllllllllllli)hi.0jhhhhhhhhhhhhhhhhhhjhiint(lx$a)hhi.li90€kb€kb0:w€k; uGkkkjBlkkkkkkhllllllllllllllllllllllllllll€k;uBGBBuuuuuuuuuuuuuukjhhhhhhhhhhhhhhhhllllllllllllllhhhhlllhhhhkkjjllllllllha):wkjhhhhhhhhhhhhhhhhlliii€kbnt(lxlllllllllllllli)hhhhhhkkjhkhhhhhhhhhhhliinit€kb€kbt(lxlllllllllllllllha):wjja):wjjjkkkkkjjjjjjjjjjjjjjjjjjjjjjjkkkkkkkkkkkkkkkkkkkkkkkkkkkkkkkkkkkkkkkkkkkkkkkkkkkkj:wjkkkkkkkkkkkjjjjjjjkjkkkkkkkkkkkkkkkkkkkkkkkj
|<jjjjjjkkkjkkkkkkjjjjjjjkjjjjjjjjjjjjjjjjjkjjjkkkkkkkkkkkkkkkkkkkkjj:w"
"j	CHAR	0
	kkkkkkkkkkkkkkkkkkkkkkkkkkkkkkkkkjjjjjjjjjjjjjjjjjjjjjjjjjjjjjjjjjjjjjjjjjjjjjjjjjjjjjjjjjjjjjjjkkkkkkkkkkjjjjkjjdduddudd:wkkkjyyjjjjkkopkddoukokkkdd:wkk
|3,0,19,0,1,0,1542894990,"kkkkkkkkkkkkkkkkkkkkkkkkkkkkkkkkkjjjjjjjjjjjjjjjjjjjjjjjjjjjjjjjjjjjjjjjjjjjjjjjjjjjjjjjjjjjjjjjkkkkkkkkkkjjjjkjjdduddudd:wkkkjyyjjjjkkopkddoukokkkdd:wkk"
"k	CHAR	0
	6699
<kjjjjjjjjjjkkkkkkkkkkjjjjjjjjjjjjjjjjjjjjjjjjjjjjjjjjjjjjjjjjjkkkkkkkkkkkkkkkkkkkkkkkkkkkkkkkkkkkkkkkkkkkkkkkkkkkkkkkkkkjjjjjjjjjjjjjjkkkkkkkkkkkkkkkkkkkkkkkkkkkkkkkkkkkkkkkkkkkkkkkkjjjjjjjjjjjjjjjjjjjjjjjkkkkkkkkkkkkkkkkkkkkkkkkkkkkkkkkkkkkkkkkkkkkkkkkkkkkkkkkkkkkkkkkkkkkkkkkkkkkkkkkkkkkkkkkkkkkkkkkkkkkkkkkkkkkkkkkkkkkkkkkkkkkkkkkkkkkkkkkkkkkkkkkkkkkkkkkkkkkkkkkkkkkkkkkkkkkkkkkkkkkkkkkkkkkkkkkkkkkkkkkkkkkkkkkkkkjjjjjjjjjjjjdd:wjjjjjjjjjjjjjjjjjjjjjjjjjjjjjjjjjjjjjjjjjjjjjjjjjjjjjjjjjjjjjjjjjjjjjjjjjjjjjjjjjjjjjjjjjjjjjjjjjjjjjjjjjjjjjjjjjjjjjjjjjjjjjjjjjjjjjjjjjjjjjjjjjjjjjjjjjjjjjjjjjjjjjjjjjjjjjjjjjjjjjjjjjjjjjjjjjjjjjjjjjjjjjjjjjjjjjjjjjjjjjjjjjjjjjjjjjjjjjjjjjjjjjjjjjjjjjjjjjjjjjjjjjjjjjjjjjjjjkkkkkkjhhhhhhhhhhhhhhhhhdwdwxhxhlhx:w€k;:wkkkkkkkkkkkkkkkkkkkkkkkkkkkkkkkkkkkkkkkkkkkkkkkkkkkkkkkkkkkkkkkkkkkkkkkkkkkkkkkkkkkkkkkkkkkkkkkkkkkkkkkkjjjjjjjjjjjjjjjjjjjjjjjjjjjjjjjjjjjjjjjjjkkkkkkkkkjjjjjjjjjjjjjjjjjjjjjjjjkkkkkkkkkkkkkkjjjjjjjjjjjjjjjjjjjjjjjjjjjjjjjjjjjjjjjjkkkkkkkkkkkkkkkkkkkkkkkkkkkkkkkkkkkkkjjjjjjjjjjjjjjjjjjjkkkkkkkkkkkkkkkkkkkkkkkkkkkkkkkkkkkkkkkkkkkkkkkkkkkkkkkkkkkkkkkkkkkkkkkkkkkkkkkkkkkkkkkkkkkkkkkkkkkkkkkkkkkkkkkkkkkkkkkkkkkkkkkkkkkkkkkkkkkkkkkkkkkkkkkkkkkkkkkkkkkkkkkkkkkkkkkkkkkkkkkkkkkkkkkkkkkkkkkkkkkkkkkkkkkkkkkkkkkkkkkkkkkkkkkkkkkkkkkkkjjjjjjjjjjjjjjjjjjjjjjjjjjjjjjjjjjjjjjjjjjjjjjjjjjjjjjjjjjjjjjjjjjjjjjjjjjjjjjjjjjjjjjjjjjjjjjjjjjjjjjjjjjjjjjjjjjjjjjjjjjjjjjjjjjjjjjjjjjjjjjjjjjjjjjjjjjjjjjjjjjkjjjjjjjjjjjjjjjjjjjjjjjjjjjjjjjjjjjjjjjjjjkkkkkkkjjjjjjjjjjjjjjjjjjkkkkkkkkkkkkkkkkjjjjjjjjjjjjjjjjjjjjjjjjkkkkkkkkjjjkkkkkkkkkkkkkkkkkkkkkkkkkkkjhjjjkvjjjjjjjjjjjjjjjjjjjjjjjjjjjjj\c ujvjjjjjjjjjjjjjjjjjjjjjjjjjjjj\c :wjjjjjjjjjkkkkkkkkkkjjjjjjjjjjjjjjjjjjjjjjjjjjjjjjjjjjjjjjjjjjjjjjjjjjjjjjjjjjjkkkkkkkkkkkkjjjjjjjjjjjjjjjjjkkkkkkkkkkkkkkkkkkkkkkkkkkkkkkkkkkkkkkkkkkkkkkkkkkkkkkkkkkkkkkkkkkkkjjjjjjjjjjjjjjjjjjjjjjjjjjjjjjjjjjjjjjjjjjjjjjjjjjjjjjjjjjjjjjjjjjjjjjjjjjjjjjjjjjkkkkkkkkkkkkkkkkkkkkkkkkkkkkkkkkkkjjjjjjjjjjjjjjjjjjjjjjjjjjjjjjjjjjjjjjjjjjjjjjjjjjjjjjjjjjjjjjjjjjjjjjjjjjjjjjjjjjjjjjjjjjjjjjjjjjjjjjjjjjjjjjjjjjjjjjjjjjjjjjjjjjjjjjjjjjjjjjjjjjjjjjjjjjjjjjjjjjjjjjjjkjjjjjjjjjjjjjjjjjjjjjkGggjjjjjjjjjjjjjjjjjjjjjjjjjjjjjjjjjjjjjjjjjjjjjjjjjjjjjjjjjjjjjjjjjjjjjjjjjjjkkkkkkkkkkkkkkkkkkkkkkkkkkkkkkkkkkkkkjjjjjjjjjjjjjjjjjjjjjjjjjjjjjjjjjjjjjjjjjjjjjjjjjjjjjjjjjjjjjjjjjjjjjjjjjjjjjjjjjjjjjjjjjjjjjjjjjjjjjjjjjjjjjjjjjjjjjjjjjjjjjjjjjjjjjjjjjjjjjjjjjjjjjjjjjjjjjjjjjjjjjjjjjjjjjjjjjjjjjjjjjjjjjjjjjjjjjkkkkkkkkkkkkkkkkkkkkkklllllljjjjjjjjkkjjjjjjjjkkkjjjjjjjjjkkjjjjjjjjjjjjjkkkkkkkjkllllllllllllllllllllllllljjjjjjjjjjjjjjjjjjjjjjjjjkkkkkjjjjjjjjjjjjjjjjjjjkkkkkjjjjjjjjjjjjjkkkkkkkkkkkkkkkkkkkkkkkkjkjjjjjjjjjjjjjjjkkjhhhhhhhhhhhhhhhhhhhhhhhhhhhhhhhkvjjjjjj\c :wjlllllllllllllllllllljlllvwy/"nNNNnnnnnnnnnnnnnn€ý,€ý.€ku€ku€ku€ku€ku€ku€ku€kd€kd€kd€kd€kd€kd€kd€kd€kd€kd€kd€kd€kd€kd€kd€kd€kd€kd€kd€kd€kd€kd€ku€ku€ku€kr€kr€kr€kr€kr€kr€kr€kr€kr€kr€kr€kr€kr€kr€kd€kd€kd€kd€kd€kd€kd€kd€kd€kd€kd€kd€kd€kd€kd€ku€ku€ku€ku€ku€ku€ku€ku€ku€ku€ku€ku€ku€ku€kdjjjjjj€ku€kl€kl€kl€kl€kl€kl€kl€kl€kl€kl€kl€kl€kl€kl€kl€kl€kl€kl€kl€kl€kl€kl€kl€kl€kl€kl€kl€kl€kl€kl€kl€kl€kl€kl€ku€ku€kuv€kd€kd€kd€kd€kd€kd€kd€kd€ku€ku€ku€ku€ku€ku€ku€ku€ku€ku€kd€kd€kdv€kd€kd€kd€kd€kd€kd€kdduv€kd€kd€kd€kd€kd€kd€kd€kd€kd€kd€kd€kd€kd€kd€kd€kd€kd€kd€kd€kd€kd€kd€kd€kd€kd€kd€kd€kd€kd€kd€kd€kd€kd€kd€kd€kd€kd€kd€kd€kd€kd€kd€kd€kd€kd€kd€kd€kd€kd€kd€kd€kd€kd€kd€kd€kd€kd€kd€kd€kd€kd€kd€kd€kd€kd€kd€kd€kd€kd€kd€kd€kd€kd€kd€kd€kd€kd€kd€kd€kd€kd€kd€kd€kd€kd€kd€kd€kd€kd€kd€kd€kd€kd€kd€kdGG€ku€ku€ku€ku€ku€ku€ku€ku€ku€ku€ku€ku€ku€ku€ku€ku€ku€ku€ku€ku€ku€ku€ku€ku€ku€ku€ku€ku€ku€ku€ku€ku€ku€ku€ku€ku€ku€kd€kd€kd€kd€kd€kd€kd€kd€kd€kd€kd€kd€kd€kd€kd€kd€kd€kd€kd€kd€kd€ku€ku€ku€ku€kd€kd€kd€kd€kd€kd€kd€kd€ku€ku€ku€ku€ku€ku€ku€ku€kd€ku€ku€ku€ku€ku€ku€ku€kddd€kd€kd€kd€kd€ku€kd€kd€kl€kl€kl€kl€kl€kl€kl€klv€kd€kd€kd€kdddd€ku€ku€ku€ku€ku€ku€ku€ku€ku€ku€ku€ku€ku€ku€ku€ku€ku€ku€ku€kuuuv€kd€kd€kd€kdddd€ku:w€ku€ku€ku€ku€ku€ku€ku€ku€ku€ku€ku€ku€ku€ku€ku€ku€ku€ku€ku€ku€ku€ku€ku€ku€ku€ku€ku€ku€ku€ku€ku€ku€ku€ku€ku€ku€ku€ku€ku€ku€ku€ku€ku€ku€ku€ku€ku€ku€ku€ku€ku€ku€ku€ku€ku€ku€ku€ku€ku€ku€ku€ku€ku€ku€ku€ku€ku€ku€ku€ku€ku€ku€ku€ku€ku€ku€ku€ku€ku€ku€ku€ku€ku€ku€ku€ku€ku€ku€ku€ku€ku€ku€ku€ku€ku€ku€ku€ku€ku€ku€ku€ku€ku€ku€ku€ku€ku€ku€ku€ku€ku€ku€ku€ku€ku€ku€ku€ku€ku€ku€ku€ku€ku€ku€ku€ku€ku€ku€ku€ku€ku€ku€ku€ku€ku€ku€ku€ku€ku€ku€ku€ku€ku€ku€ku€ku€ku€ku€ku€ku€ku€ku€kd€kd€kd€kd€kd€kd€kd€kd€kd€kd€kd€kd€kd€kd€ku€ku€ku€ku€ku€ku€ku€ku€ku€ku€ku€ku€ku€ku€ku€ku€ku€ku€ku€ku€ku€ku€ku€ku€ku€ku€kd€kd€kd€kd€kd€kd€kd€kd€kd€kd€kd€kd€kd€kd€kd€kd€kd€kd€kd€kd€kd€kd€kd€kd€kd€kd€kd€ku€kl€kl€kl€kl€kl€kl€kl€kl€kl€kl€kl€ku€ku€ku€ku€ku€ku€ku€ku€ku€kd€kd€kd€kd€kd€kd€kd€kd€kd€kd€ku€ku€ku€ku€ku€ku€ku€ku€ku€ku€ku€ku€kd€kd€kd€kd€kd€kd€kd€kd€kd€kd€kd€kd€kd€kd€kd€kd€kd€ku€ku€ku€ku€ku€ku€ku€ku€ku€ku€ku€ku€ku€ku€kd€kd€kd€kd€kd€kd€kd€kd€kd€kd€kd€ku€ku€ku€ku€ku€ku€ku€ku€ku€ku€ku€ku€ku€ku€ku€ku€ku€ku€ku€ku€ku€ku€ku€ku€ku€ku€ku€ku€ku€ku€ku€ku€ku€ku€ku€ku€ku€ku€ku€ku€ku€ku€ku€ku€ku€ku€ku€ku€ku€ku€ku€ku€ku€ku€ku€ku€ku€ku€ku€ku€ku€kd€kd€kd€kd€kd€kd€kd€kdv€kd€kd€kd€kd€kd€kd€kd€kd€kd€kd#€ku€ku€ku€ku€ku€ku€ku€ku€ku€ku€ku€ku€ku€ku€ku€ku€ku€ku€ku€ku€ku€ku€ku€ku€ku€ku€ku€ku€ku€ku€ku€ku€ku€ku€ku€ku€ku€ku€ku€ku€ku€kdG€ku€ku€ku€ku€ku€ku€ku€ku€ku€ku€ku€ku€ku€ku€ku€ku€ku€ku€ku€ku€ku€ku€ku€ku€ku€ku€ku€ku€ku€ku€ku€ku€ku€ku€ku€ku€ku€ku€ku€ku€ku€ku€ku€ku€ku€ku€ku€ku€ku€ku€ku€ku€ku€ku€ku€ku€ku€ku€ku€ku€ku€ku€kd€kd€kd€kd€kd€kd€kd€kd€kd€kd€kd€kd€kd€kd€kd€kd€kd€kd€kd€kd€kd€kd€kd€kd€kr€kr€kr€kr€kr€kr€kr€kr€kr€kr€kr€kr€kr€kr€kr€kr€kr€kr€kr€kr€kr€kr€kr€kr€kr€kr€kr€kr€kr€kr€kr€kr€kr€ku€ku€ku€ku€ku€ku€ku€kr€kr€kr€kr€kr€kr€kr€kr€kr€kr€kr€kr€kr€kr€kr€kr€kr€kr€kr€kr€kr€kr€kr€kr€kr€kr€kr€kr€kr€kr€kr€kr€kr€kr€kr€kr€kr€kr€kr€kr€kr€kr€kr€kr€kr€kr€kr€kr€kr€kr€kl€kld$€kd€kd€kr€kr€krd$€kd€kd€kd€kd€kd€kdd$€kd€ku€ku€ku€ku€ku€ku€ku€ku€ku€ku€ku€ku€ku€ku€ku€ku€ku€ku€ku€ku€ku€ku€ku€ku€ku€ku€ku€ku€ku€ku€ku€ku€ku€ku€ku€ku€ku€ku€ku€ku€ku€ku€ku€ku€ku€ku€ku€ku€ku€ku€ku€ku€ku€ku€ku€ku€ku€ku€ku€ku€ku€ku€ku€ku€ku€ku€ku€ku€ku€ku€ku€ku€ku€ku€ku€ku€ku€ku€ku€ku€ku€ku€ku€ku€ku€ku€ku€ku€ku€ku€ku€ku€ku€ku€ku€ku€ku€ku€ku€ku€ku€ku€ku€ku€ku€ku€ku€ku€ku€ku€ku€ku€ku€ku€ku€ku€ku€ku€ku€ku€ku€ku€ku€ku€ku€ku€ku€ku€ku€ku€ku€ku€ku€ku€kd€ku€ku€ku€ku€ku€ku€ku€ku€ku€ku€ku€ku€ku€ku€ku€ku€ku€ku€ku€ku€ku€ku€ku€ku€ku€ku€ku€ku€ku€ku€ku€ku€ku€ku€ku€ku€ku€ku€ku€ku€ku€ku€kunkjjjjjdddd:wkkkkj\c kkjjjjjjjjjjjjjjjjjjjjjjjjjkkkkjjjjjjjjjkjjjjjjjjkkkkkkkkkjjjjjjjjjjjjjjjjjjjjjjjjjjjjjjjjjjjjjjjjjkkkkkkkkkkkkhhhhhhhhhkkvjjjjjjjjjj$dddddddddk:wjjjjjjjjjjjjjjjjjjjjjjjjjjjjjjkkkkkkkkkkkkjjjjjjjjjjjjjjjjjjjjjjjjjkkkkkkkjvjjjjj$djddkkjjjjjjjjjjjjjjkkkkkkkkkkkkkdd:w/confignnnnnnnnnnnnnnnnnnnnkkkkkkkkkkkkkkkkkkkkkkkkkkkknnnnnnnn/lo
|3,0,20,0,1,0,1542814305,>6703
|<"kjjjjjjjjjjkkkkkkkkkkjjjjjjjjjjjjjjjjjjjjjjjjjjjjjjjjjjjjjjjjjkkkkkkkkkkkkkkkkkkkkkkkkkkkkkkkkkkkkkkkkkkkkkkkkkkkkkkkkkkjjjjjjjjjjjjjjkkkkkkkkkkkkkkkkkkkkkkkkkkkkkkkkkkkkkkkkkkkkkkkkjjjjjjjjjjjjjjjjjjjjjjjkkkkkkkkkkkkkkkkkkkkkkkkkkkkkkkkkkkkkkkkkkkkkkkkkkkkkkkkkkkkkkkkkkkkkkkkkkkkkkkkkkkkkkkkkkkkkkkkkkkkkkkkkkkkkkkkkkkkkkkkkkkkkkkkkkkkkkkkkkkkkkkkkkkkkkkkkkkkkkkkkkkkkkkkkkkkkkkkkkkkkkkkkkkkkkkkkkkkkkkkkkkkkkkkkkkjjjjjjjjjjjjdd:wjjjjjjjjjjjjjjjjjjjjjjjjjjjjjjjjjjjjjjjjjjjjjjjjjjjjjjjjj
|<jjjjjjjjjjjjjjjjjjjjjjjjjjjjjjjjjjjjjjjjjjjjjjjjjjjjjjjjjjjjjjjjjjjjjjjjjjjjjjjjjjjjjjjjjjjjjjjjjjjjjjjjjjjjjjjjjjjjjjjjjjjjjjjjjjjjjjjjjjjjjjjjjjjjjjjjjjjjjjjjjjjjjjjjjjjjjjjjjjjjjjjjjjjjjjjjjjjjjjjjjjjjjjjjjjjjjjjjjjjkkkkkkjhhhhhhhhhhhhhhhhhdwdwxhxhlhx:w€k;:wkkkkkkkkkkkkkkkkkkkkkkkkkkkkkkkkkkkkkkkkkkkkkkkkkkkkkkkkkkkkkkkkkkkkkkkkkkkkkkkkkkkkkkkkkkkkkkkkkkkkkkkkjjjjjjjjjjjjjjjjjjjjjjjjjjjjjjjjjjjjjjjjjkkkkkkkkkjjjjjjjjjjjjjjjjjjjjjjjjkkkkkkkkkkkkkkjjjjjjjjjjjjjjjjjjjjjjjjjjjjjjjjjjj
|<jjjjjkkkkkkkkkkkkkkkkkkkkkkkkkkkkkkkkkkkkkjjjjjjjjjjjjjjjjjjjkkkkkkkkkkkkkkkkkkkkkkkkkkkkkkkkkkkkkkkkkkkkkkkkkkkkkkkkkkkkkkkkkkkkkkkkkkkkkkkkkkkkkkkkkkkkkkkkkkkkkkkkkkkkkkkkkkkkkkkkkkkkkkkkkkkkkkkkkkkkkkkkkkkkkkkkkkkkkkkkkkkkkkkkkkkkkkkkkkkkkkkkkkkkkkkkkkkkkkkkkkkkkkkkkkkkkkkkkkkkkkkkkkkkkkkkkkkkkkkkkjjjjjjjjjjjjjjjjjjjjjjjjjjjjjjjjjjjjjjjjjjjjjjjjjjjjjjjjjjjjjjjjjjjjjjjjjjjjjjjjjjjjjjjjjjjjjjjjjjjjjjjjjjjjjjjjjjjjjjjjjjjjjjjjjjjjjjjjjjjjjjjjjjjjjjjjjjjjjjjjjjkjjjjjjjjjjjjjjjjjjjjjjjjj
|<jjjjjjjjjjjjjjjjjkkkkkkkjjjjjjjjjjjjjjjjjjkkkkkkkkkkkkkkkkjjjjjjjjjjjjjjjjjjjjjjjjkkkkkkkkjjjkkkkkkkkkkkkkkkkkkkkkkkkkkkjhjjjkvjjjjjjjjjjjjjjjjjjjjjjjjjjjjj\\c ujvjjjjjjjjjjjjjjjjjjjjjjjjjjjj\\c :wjjjjjjjjjkkkkkkkkkkjjjjjjjjjjjjjjjjjjjjjjjjjjjjjjjjjjjjjjjjjjjjjjjjjjjjjjjjjjjkkkkkkkkkkkkjjjjjjjjjjjjjjjjjkkkkkkkkkkkkkkkkkkkkkkkkkkkkkkkkkkkkkkkkkkkkkkkkkkkkkkkkkkkkkkkkkkkkjjjjjjjjjjjjjjjjjjjjjjjjjjjjjjjjjjjjjjjjjjjjjjjjjjjjjjjjjjjjjjjjjjjjjjjjjjjjjjjjjjkkkkkkkkkkkkkkkkkkkkkkkkkkkkkkkkkkj
|<jjjjjjjjjjjjjjjjjjjjjjjjjjjjjjjjjjjjjjjjjjjjjjjjjjjjjjjjjjjjjjjjjjjjjjjjjjjjjjjjjjjjjjjjjjjjjjjjjjjjjjjjjjjjjjjjjjjjjjjjjjjjjjjjjjjjjjjjjjjjjjjjjjjjjjjjjjjjjjjjjjjjjjjkjjjjjjjjjjjjjjjjjjjjjkGggjjjjjjjjjjjjjjjjjjjjjjjjjjjjjjjjjjjjjjjjjjjjjjjjjjjjjjjjjjjjjjjjjjjjjjjjjjjkkkkkkkkkkkkkkkkkkkkkkkkkkkkkkkkkkkkkjjjjjjjjjjjjjjjjjjjjjjjjjjjjjjjjjjjjjjjjjjjjjjjjjjjjjjjjjjjjjjjjjjjjjjjjjjjjjjjjjjjjjjjjjjjjjjjjjjjjjjjjjjjjjjjjjjjjjjjjjjjjjjjjjjjjjjjjjjjjjjjjjjjjjjjjjjjjjjjjjjjjjjjjjjjjjjjjjjjjjjjjj
|<jjjjjjjjjjjjkkkkkkkkkkkkkkkkkkkkkklllllljjjjjjjjkkjjjjjjjjkkkjjjjjjjjjkkjjjjjjjjjjjjjkkkkkkkjkllllllllllllllllllllllllljjjjjjjjjjjjjjjjjjjjjjjjjkkkkkjjjjjjjjjjjjjjjjjjjkkkkkjjjjjjjjjjjjjkkkkkkkkkkkkkkkkkkkkkkkkjkjjjjjjjjjjjjjjjkkjhhhhhhhhhhhhhhhhhhhhhhhhhhhhhhhkvjjjjjj\\c :wjlllllllllllllllllllljlllvwy/\"nNNNnnnnnnnnnnnnnn€ý,€ý.€ku€ku€ku€ku€ku€ku€ku€kd€kd€kd€kd€kd€kd€kd€kd€kd€kd€kd€kd€kd€kd€kd€kd€kd€kd€kd€kd€kd€kd€ku€ku€ku€kr€kr€kr€kr€kr€kr€kr€kr€kr€kr€kr€kr€kr€kr€kd€kd€kd€kd€kd€kd€
|<kd€kd€kd€kd€kd€kd€kd€kd€kd€ku€ku€ku€ku€ku€ku€ku€ku€ku€ku€ku€ku€ku€ku€kdjjjjjj€ku€kl€kl€kl€kl€kl€kl€kl€kl€kl€kl€kl€kl€kl€kl€kl€kl€kl€kl€kl€kl€kl€kl€kl€kl€kl€kl€kl€kl€kl€kl€kl€kl€kl€kl€ku€ku€kuv€kd€kd€kd€kd€kd€kd€kd€kd€ku€ku€ku€ku€ku€ku€ku€ku€ku€ku€kd€kd€kdv€kd€kd€kd€kd€kd€kd€kdduv€kd€kd€kd€kd€kd€kd€kd€kd€kd€kd€kd€kd€kd€kd€kd€kd€kd€kd€kd€kd€kd€kd€kd€kd€kd€kd€kd€kd€kd€kd€kd€kd€kd€kd€kd€kd€kd€kd€kd€kd€kd€kd€kd€kd€kd€kd€kd€kd€kd€kd€kd€kd€kd€kd€kd€kd€kd€kd€kd€kd€kd€kd€kd€kd€kd€kd€kd€kd€kd
|<€kd€kd€kd€kd€kd€kd€kd€kd€kd€kd€kd€kd€kd€kd€kd€kd€kd€kd€kd€kd€kd€kd€kd€kd€kd€kdGG€ku€ku€ku€ku€ku€ku€ku€ku€ku€ku€ku€ku€ku€ku€ku€ku€ku€ku€ku€ku€ku€ku€ku€ku€ku€ku€ku€ku€ku€ku€ku€ku€ku€ku€ku€ku€ku€kd€kd€kd€kd€kd€kd€kd€kd€kd€kd€kd€kd€kd€kd€kd€kd€kd€kd€kd€kd€kd€ku€ku€ku€ku€kd€kd€kd€kd€kd€kd€kd€kd€ku€ku€ku€ku€ku€ku€ku€ku€kd€ku€ku€ku€ku€ku€ku€ku€kddd€kd€kd€kd€kd€ku€kd€kd€kl€kl€kl€kl€kl€kl€kl€klv€kd€kd€kd€kdddd€ku€ku€ku€ku€ku€ku€ku€ku€ku€ku€ku€ku€ku€ku€ku€ku€ku€ku€ku€kuuuv€kd€kd€kd€kdddd€ku:w€k
|<u€ku€ku€ku€ku€ku€ku€ku€ku€ku€ku€ku€ku€ku€ku€ku€ku€ku€ku€ku€ku€ku€ku€ku€ku€ku€ku€ku€ku€ku€ku€ku€ku€ku€ku€ku€ku€ku€ku€ku€ku€ku€ku€ku€ku€ku€ku€ku€ku€ku€ku€ku€ku€ku€ku€ku€ku€ku€ku€ku€ku€ku€ku€ku€ku€ku€ku€ku€ku€ku€ku€ku€ku€ku€ku€ku€ku€ku€ku€ku€ku€ku€ku€ku€ku€ku€ku€ku€ku€ku€ku€ku€ku€ku€ku€ku€ku€ku€ku€ku€ku€ku€ku€ku€ku€ku€ku€ku€ku€ku€ku€ku€ku€ku€ku€ku€ku€ku€ku€ku€ku€ku€ku€ku€ku€ku€ku€ku€ku€ku€ku€ku€ku€ku€ku€ku€ku€ku€ku€ku€ku€ku€ku€ku€ku€ku€ku€ku€ku€ku€ku€ku€kd€kd€kd€kd€kd€kd€kd€kd€kd€kd€kd€kd
|<€kd€kd€ku€ku€ku€ku€ku€ku€ku€ku€ku€ku€ku€ku€ku€ku€ku€ku€ku€ku€ku€ku€ku€ku€ku€ku€ku€ku€kd€kd€kd€kd€kd€kd€kd€kd€kd€kd€kd€kd€kd€kd€kd€kd€kd€kd€kd€kd€kd€kd€kd€kd€kd€kd€kd€ku€kl€kl€kl€kl€kl€kl€kl€kl€kl€kl€kl€ku€ku€ku€ku€ku€ku€ku€ku€ku€kd€kd€kd€kd€kd€kd€kd€kd€kd€kd€ku€ku€ku€ku€ku€ku€ku€ku€ku€ku€ku€ku€kd€kd€kd€kd€kd€kd€kd€kd€kd€kd€kd€kd€kd€kd€kd€kd€kd€ku€ku€ku€ku€ku€ku€ku€ku€ku€ku€ku€ku€ku€ku€kd€kd€kd€kd€kd€kd€kd€kd€kd€kd€kd€ku€ku€ku€ku€ku€ku€ku€ku€ku€ku€ku€ku€ku€ku€ku€ku€ku€ku€ku€ku€ku€ku€ku€
|<ku€ku€ku€ku€ku€ku€ku€ku€ku€ku€ku€ku€ku€ku€ku€ku€ku€ku€ku€ku€ku€ku€ku€ku€ku€ku€ku€ku€ku€ku€ku€ku€ku€ku€ku€ku€ku€ku€kd€kd€kd€kd€kd€kd€kd€kdv€kd€kd€kd€kd€kd€kd€kd€kd€kd€kd#€ku€ku€ku€ku€ku€ku€ku€ku€ku€ku€ku€ku€ku€ku€ku€ku€ku€ku€ku€ku€ku€ku€ku€ku€ku€ku€ku€ku€ku€ku€ku€ku€ku€ku€ku€ku€ku€ku€ku€ku€ku€kdG€ku€ku€ku€ku€ku€ku€ku€ku€ku€ku€ku€ku€ku€ku€ku€ku€ku€ku€ku€ku€ku€ku€ku€ku€ku€ku€ku€ku€ku€ku€ku€ku€ku€ku€ku€ku€ku€ku€ku€ku€ku€ku€ku€ku€ku€ku€ku€ku€ku€ku€ku€ku€ku€ku€ku€ku€ku€ku€ku€ku€ku€ku€kd€
|<kd€kd€kd€kd€kd€kd€kd€kd€kd€kd€kd€kd€kd€kd€kd€kd€kd€kd€kd€kd€kd€kd€kd€kr€kr€kr€kr€kr€kr€kr€kr€kr€kr€kr€kr€kr€kr€kr€kr€kr€kr€kr€kr€kr€kr€kr€kr€kr€kr€kr€kr€kr€kr€kr€kr€kr€ku€ku€ku€ku€ku€ku€ku€kr€kr€kr€kr€kr€kr€kr€kr€kr€kr€kr€kr€kr€kr€kr€kr€kr€kr€kr€kr€kr€kr€kr€kr€kr€kr€kr€kr€kr€kr€kr€kr€kr€kr€kr€kr€kr€kr€kr€kr€kr€kr€kr€kr€kr€kr€kr€kr€kr€kr€kl€kld$€kd€kd€kr€kr€krd$€kd€kd€kd€kd€kd€kdd$€kd€ku€ku€ku€ku€ku€ku€ku€ku€ku€ku€ku€ku€ku€ku€ku€ku€ku€ku€ku€ku€ku€ku€ku€ku€ku€ku€ku€ku€ku€ku€ku€ku€ku€ku€k
|<u€ku€ku€ku€ku€ku€ku€ku€ku€ku€ku€ku€ku€ku€ku€ku€ku€ku€ku€ku€ku€ku€ku€ku€ku€ku€ku€ku€ku€ku€ku€ku€ku€ku€ku€ku€ku€ku€ku€ku€ku€ku€ku€ku€ku€ku€ku€ku€ku€ku€ku€ku€ku€ku€ku€ku€ku€ku€ku€ku€ku€ku€ku€ku€ku€ku€ku€ku€ku€ku€ku€ku€ku€ku€ku€ku€ku€ku€ku€ku€ku€ku€ku€ku€ku€ku€ku€ku€ku€ku€ku€ku€ku€ku€ku€ku€ku€ku€ku€ku€kd€ku€ku€ku€ku€ku€ku€ku€ku€ku€ku€ku€ku€ku€ku€ku€ku€ku€ku€ku€ku€ku€ku€ku€ku€ku€ku€ku€ku€ku€ku€ku€ku€ku€ku€ku€ku€ku€ku€ku€ku€ku€ku€ku\nkjjjjjdddd:wkkkkj\\c kkjjjjjjjjjjjjjjjjjj
|<jjjjjjjkkkkjjjjjjjjjkjjjjjjjjkkkkkkkkkjjjjjjjjjjjjjjjjjjjjjjjjjjjjjjjjjjjjjjjjjkkkkkkkkkkkkhhhhhhhhhkkvjjjjjjjjjj$dddddddddk:wjjjjjjjjjjjjjjjjjjjjjjjjjjjjjjkkkkkkkkkkkkjjjjjjjjjjjjjjjjjjjjjjjjjkkkkkkkjvjjjjj$djddkkjjjjjjjjjjjjjjkkkkkkkkkkkkkdd:w/confignnnnnnnnnnnnnnnnnnnnkkkkkkkkkkkkkkkkkkkkkkkkkkkknnnnnnnn/lo"
"t	CHAR	0
	I# -*- coding: utf-8 -*-
|3,0,29,0,1,0,1529740655,"I# -*- coding: utf-8 -*-"
"u	CHAR	0
	uu:w
|3,0,30,0,1,0,1543053994,"uu:w"
"w	CHAR	0
	6055
<€ku€kr€ý,€ý.hhxxii€kbnetw€kb€kb€kb€kblxicustom hhhhhhrcrC:wjjjjjjjjjjkkkkkkkkkkjjjjjjjjjjjjjjjjjjjjjjjjjjjjjjjjjjjjjjjjjjjjjjjjjjjjjjjjjjjjjjjjjjjjjjjjjjjjjjjjjjjjkkkkjjjjjjjjjjjjjjjjjjjjjjjjjjjjjjjjjjjjjjjjjjjjjjjjjjjjjjjjjjjjjjjjjjjjjjjjjjjjjjjjjjjjjjjjjjjjjjjjjjjjjjjjjjjjjjjjjjjjjjjjjjjkkkkkkkkkkkkkkkkkkkkkkkkkkkkkkkkkkkkkkkkkkkkkkkkkkkkkkkkkkkkkkkkkkkkkkkkkkkkkkkkkkkkkkkkkkkkkkkkkkkkkkkkkkkkkkkkkkkkkkkkkkkkkkkkkkkkkkkkkkkkkkkkkkkkkkkkkkkkkkkkkkkkkkkkkkkkkkkkkkkkkjjjjjjjjjjjjjjjjjjjjjjjjjjjjjjjjjjjjjjjjjjjjjjjjjjjjjjjjjjjjjjjjjjjjjjjjjjjjjjjjjjjjjjjjjjjjjjjjjjjjjjjjjjjjjjjjjjjjjjjjjjjjjjjjjjjjjjjjjjjjjjjjjjjjjjjjjjjjjjjjjjjjjjjjjjjjjjjjjjjjjjjjjjjjkkkkkkkkkkkkkkkkkkkkkkkkkkkkkkkkkkkkkkkkkkkkkkkkkkkkkkkkkkkkkkjkkkkkkkkkkkkkkkkkkkkkkkkkkkkkkkkkkkkkkkkkkkkkkkkkkkkkkkkkkkkkkkkkkkkkkkkkkkkkkjjjjjjjkkkkkkkkkkkkkkkkkkkkkkkkkkkkkkkjjjjjjjjjjjjjjjjhhhhhhhhhhkkkkkkkkkkkkkjjjjjjjjjjjjjhkkkkkkkkkkkkkkkkkkkkkkjjjjjjjjjkkkjjjjjjjjjjjjjjjjhhhhhhhhhjvj$\c :wkkkkkkkkkkkkkkkkkkkkkkkkkkkkkkkkkkkkkkkkkkkkkkkkkkkkkkkkkkkkkkkkkkkkkkkkkkkkkkkkkkkkkkkkkkkkkkkkkkkkkkkkkkkkkkkkkkkkkkkkkkkkkkkkkkkkkkkkkkjjjjjjjjjjjjjjjkkkkkkkkkkkkkkkkkkkkkkkkkkkkkkkkkkkkkkkkkkkkkkkkjjjjjjjjjjjjjjjjjjjjjjjjjjkkkkkkkkkkkkkkkkkkkkkkkkkkkkkkkkkkkjjjjkkkkkkkkkkkkkkkkkkkkkkkkkkkkkkkkkkkkkkkkkkkkkjkkkkkkkkkkkkjjjjjjjkjjjjjjjjjjjjjjjjjjjjjjjjjjjjkkkkkkkkkkkkkkkkkjllllljjjjjjjjjjjjjjjjjjjjkkkkkkkkkkkkkkkkkkkkkkkkkkkkkjjjjjjjjjkkkkjjjjkjjjjjjjjjjjjjjjjjj/from_xmlkkkkkkkkkkkkkkkkkkkkkkkkkkkkkkkkkkkkkkkjjjjjjjjjjjjjjjjjjjjjjjjjjjjjjjjjjjjjjjjjjjjjjjjjjjjjjjjjjjjjjjjjjjjjjjjjjjjjjjjjjjjjjjjjjjjjjjjjjjjjjjjjjjjjjjjjjjjjjjjjjjjjjjjjjjjjjjjjjjjjjjjjjjjjjjjjjjjjjjjjjjjjjjjjjjjjjjjjjjjjjjjjjjjjjjjjjjjjjjjjjjjjjjjjjjjjjjjjjjjjjjjjjjjjjjjjjjjjjjjkkkkkkkkkkkkkkkkkkkkkkkkkkkkkkkkkkkkkkkkkkkkkkkkkkkkkkkkkkkkkkkkkkkkkkkkkkkkkkkkkkkkkkkkkkkkkkkkkkkkkkkkkkkkkkkkkkkkkkkkkkkkkkkkkkkkkkkkkkkkkkkkkkkkkkkkkkkkkkkkkkkkkkkkkkkkkkkkkkkkkkkkkkkkkkkkkkkkkkkkkkkkkkkkkkkkkkkkkkkkkkkkkkkkkkkkkkkkkkkkkkkkkkkkkkkkkkkkkkkkkkkkkkkkkkkkkkkkkkkkkkkjjjjjjjjjjjjjjjjjjjjjjjjjjjjkkhhhhhhhhjjjkkGggjjjjjjjjkoimp	€kb	 pi€kbki€kb€kbik€kbc	Gkgggjjjjjjjjjjjjjjjjjjjjjjjjjjjjjjjjjjjjjjjjjjjjjjjjjjjjjjjjjjjjjjj:wjjjjjjjjkkkkkkkkkkkkkkjjjjjjjjjjjjjjjjjjjjjjjjjjjjjjjjjjjjjjjjjjjjjjjjjjjjjjjjjjjjjjjjjjjjjjjjjjjjjjjjjjjjjjkjjjjjjjjjjkkkkjjjjjjjjjjkkkkllllllllllopik	.dum	(pl€kbal	,€kb,open('€kb€kB€kb;€kB€kb€kb'~/playlistlli,w€kb'wb:w€kd€kl€kl€kl€kl€kl€kl€kl€kl€kl€kl€kl€kl€kl€kl€kl€kl€kl€kl€kl€kl€kl€kl€kl€kl€kl€kl€kl€kl€kl€kl€kl€kl€kl€kl€kl€kl€kl€kl€kl€kli€kb/h€kbh	ga€kb€kb/g	:w€ý,€ý.jjjjjjjjjjjjjkkj\c :w€ý,€ý-€ý.€ý,€ý.jkkkkjjjjjjjjjjjjjjjjjjjjjjjjjjjjkkkkkkkkkkkkkkkkkkkkjjjjjjjkkkjGkkkkkkkkkkkkkkkkkkkkkkkkkkkkkkkkkkkkkkkkkkkkkkjkkkkkkkkkkkkkkkkkkkkkkkkkkkkkkkkkkkkkkkkkkkkkkkkkkkkkkkkkkkkkkkkkkkkkkkkkkkkkkkkkjjjjjjjjjjjjjjjjjjjjjjkkkkkkkkkkkkkkkkkkkkkkkkkkkkkkkkkkkjjjjjjjjjjjjjjjjjjjjjjjjkkkkkkkkkkkkkkkkkkkkkkkkkkkkkkkkkkkkkjjjjjjjjkkkkkkkkkkkkkkkkkkkkkkkjjjllllllllllllllljjjjjjjjjjjjjjjjjjjkkkkkkkkkkkkkkkkkkkkkkkkkkkkkkkkkkkkkkkkkkkkkkkkkkkkkkkkkjjjjjjjjjjjjjkkkjkkkkkkkkkkkkkkkkkkkkkkjkkkkkkkkkkkkkkkkkkkkkkkkkkkkkkkkkkkkkkkkkkkkkkkkkkkkkkkkkkkkkkkkkkkkkkkkkkkkkkkkkkkkkkkkkkjjjjjjjjkkkkkkkkkkkkkkkkkkkkkkkkkkkkkkkkkkkkkkkkkkkkkkkkkkkkkkkkkkkkkkjjjjjjjjjjjjjjjjjjjjkkkkkkkkkkkkkkkkkkkkkkkkkkkkkkkkkkkkkjjjjjjjjkkkkkkkjjjjjjjjjjjjjjjjjjjjjjjjjjjjjjjjjjkkkkkkkkkkjkkkkkkkkkkkkkkkkkkkkkkkkkkkkkkjjjjjjjjjjknnnnnnnnjjjjjjjjjjjjjjjjjjjjjjjjjjjjjjjjjjjjjjjjjjjjjjjjjjjjjjjjjjjjjjjjjjjjjjjjjjjjjjjjjjjjjjjjjjjjjjjjjjjjjjjjjjjjjjjjjjjjjjjjjjjjjjjjjjjjjjjjjjjjjjjjjjjjkjjjjjjjjjjjjjjjjjjjjjjjjjjjjjjjjjjjjjjjjjjjjjjjjjjjjjjjjjjjjjjjjjjjjjjjjjjjjjjjjjjjjjjjjjjjkkkkkkkkkkkkkkkkkkkkkkkkkkkkkk/pick	€kbnyykkkkkkkkkkkkkkkkkkGggkjjjjjjjjjjjjjjjjjjjjjjjjjjjjjjjjjjjjjjjjjjjjjjjjjjjjjjjjjjjjjjjjjkkkkkkkkkkkkkkkllllllllllllljjkojjjjkkkki		pkj\c kjkddllllllllllllixxhxxxxxxxxxxires	:wkk:wjjyyjpkkddjllllllllllllll:wjjjjjjjjjjjjjjjjjjjjjjjjjjjjjjjjjjjjjjjjkkkkkkkkkkkkkkkkkkkkkkkkkkkkkkkkkkkkkkkkkkkkkkkkjjjjjjjjjkkkkkkkkkkkkkkkkkkkkkkkkkkkkkkkkkkkkkkkkkkkkkkkkjjjjjjjjjjjjjjjjjjjjjjjjjjjjjjjjjjjjjjjjjjjjjjjjjjjjjjjjjjjjjjjjjjjjjjjjjjjjjjjjjjjjjjjjjjjjjjjjjjjjjjjjjjjkkkjjjjjjjjjjjjjjkkkkkkkkkkkkkkkkkkkkkkkkkkkkkkkkkkkkkkkkkkkkkkkkkkkkkkkkkkkkkkkkkkkkkkkkkkkkkjjjjjjjkkkllllllllllllllllllllllllllllllllllllljkjjkkjjjjkkk\c :wjjjjjjjjjjjjjjjkkjjjjjjjjjjjjjjjjjjjjjjjjjjjjjjjjjjjjjjjjjjjjjjjjjjjjjjjjjjjjkkkkkkkkkkkkkkkkkkkkkkkkkkkkkkkkkkkkkkkjjjjjjjjjjjjjjjjjjjjjjjjjjjjjjjjjjjjjjjjjjjjjjjjjjjjjjjjjjjjjjjjjjjjjjjjjjjjjjjjjjjjjjjjjjjjjjjjjjjkkkkkkkkkkkkkkkkkkkkkkkkkkkkkkjjjjjjjjjjjjjjjjjjjjjjjjkkkkkkkkkkkkkkkkkkkkkkkkkkkkkkkkkkkkkkkkkkkkkkkkkkkjjjjjjjjjjjjjjjjjjjjjjjjjjjjjjjjjjjkkkkkkkkkkkkkkkkkkkkkkkkkkkkkkkkkkkkkkjjjjkhhhhhhhhhjkhhvwy/"kkkkkkkkkkkkkkkkkkkkkkkkjjjjjjjjjjjjjjjjjjjjjjjjjjjjjjjjjjjjjkkkkkkkkkkkkkhhhhhhhhhh$hhhhhhhhhhhhhhhhhhhhhhhhhyyjjkhhhhhhhhhhhhhhhhhhhhhkvjj$ykkkkkkkkkkkkkkkkkkkkkkkkkkkkkkkkkkkkkkkjjjjjjjjjjjjjjjjjjjjjjjjjjjjjjjjjjjjjjjjjjjjjjjjjjjjjjjjjjjjjjjjjjjjjjjjjjjjjjjjjjjjjjjjjjjjjjjjjjjjjjjjjjjkkkkkkkkkkkkkkkjjjjjjjjjjjjjjjjjjjjjjjjjjjjjjjjjjjjjjkkkkkkkkkkkkkkkkkkkkkkkkkkkkkkjjjjjjjjjjjjjjjjjjjjjjjjjjjjjjjjjjjjjjjjjjjjjjjjjjjjjjjjjjjjjkkkkkkkkkkkkkkkkkkkkkkkkkjjkkkkkkkjjjjjjjjjjjjjjjjjjjjjjjjjjjjjjjjjjjjjjjjjjjjjjjjjjjjjjjjjjjjjkkkkkkkkkkkkkkjjjjjkljjjjjjkopklllllllljli€kb:wkojhhhhhhhhvjjj\c :wkkjjjjjjjjjjjjjjjjjjjjjjjjjjjjjjjjjjjjjjjjjjjjjjjjjjjkkkkkkkkkkkkkkjjkkkkkkkkkkkkkkkkkkkkkkkkkkkkkkkkkkkkkkkkkkkkkkkkkkkkjjjjjjjlllllllllllpujdd:wkgGggjjjjjjjjjjjjjjjjjjjjjjjjjjjjjjjjjjjjjjjjjjjjjjjjjjjjjjj/o€kbpickyyG/path€kb€kb€kb€kbconfignnnnnnnjjjjjjjjjkkkkkkkkkkkjkkkkjkkkkkkkjkkkkkkkkkkkkkkkkkkkkkkkkkkkkkkkkkkkkkkkkkkkkkkkkkkkkkkkkjjjjjjjjjjjjop€kbpkdd\c lllllllllllldwipath:w€k;:wjjjjjjjjjjjjjjjjjjjjjjjkkkkkkkkkkkkkkkkkkkkkkkkkkkkjjjjjjjjjjjjjjjjjjjjjjjjjjjjjjjjjjjjjjjjjjjjjjjjjkkkkkkkkkkkkjjjjjjjjjjjjjjjjjjjjjjkkkkkkkkkkkkkkkkkkkkkkkkkkkkkkkkkkkkkkkkkkkkkkkkkkkkkkkkkkkkkkjjjjjjjj\c /picklennnnnnnyyjjjjjjjjjjjjjjjjjjjjjjjjjjjjjjjjjjjjjjjjjjjjjjjjjjjjjjjkkkkkkkjopkj\c lllllllllllllllhhhxxxxim3u	:w
|3,0,32,0,1,0,1542817777,>6063
|<"€ku€kr€ý,€ý.hhxxii€kbnetw€kb€kb€kb€kblxicustom hhhhhhrcrC:wjjjjjjjjjjkkkkkkkkkkjjjjjjjjjjjjjjjjjjjjjjjjjjjjjjjjjjjjjjjjjjjjjjjjjjjjjjjjjjjjjjjjjjjjjjjjjjjjjjjjjjjjkkkkjjjjjjjjjjjjjjjjjjjjjjjjjjjjjjjjjjjjjjjjjjjjjjjjjjjjjjjjjjjjjjjjjjjjjjjjjjjjjjjjjjjjjjjjjjjjjjjjjjjjjjjjjjjjjjjjjjjjjjjjjjjkkkkkkkkkkkkkkkkkkkkkkkkkkkkkkkkkkkkkkkkkkkkkkkkkkkkkkkkkkkkkkkkkkkkkkkkkkkkkkkkkkkkkkkkkkkkkkkkkkkkkkkkkkkkkkkkkkkkkkkkkkkkkkkkkkkkkkkkkkkkkkkkkkkkkkkkkkkkkkkkkkkkkkkkkkkkkkkkkkkkkjjjjjjjjjjjjjj
|<jjjjjjjjjjjjjjjjjjjjjjjjjjjjjjjjjjjjjjjjjjjjjjjjjjjjjjjjjjjjjjjjjjjjjjjjjjjjjjjjjjjjjjjjjjjjjjjjjjjjjjjjjjjjjjjjjjjjjjjjjjjjjjjjjjjjjjjjjjjjjjjjjjjjjjjjjjjjjjjjjjjjjjjjjjjjjjkkkkkkkkkkkkkkkkkkkkkkkkkkkkkkkkkkkkkkkkkkkkkkkkkkkkkkkkkkkkkkjkkkkkkkkkkkkkkkkkkkkkkkkkkkkkkkkkkkkkkkkkkkkkkkkkkkkkkkkkkkkkkkkkkkkkkkkkkkkkkjjjjjjjkkkkkkkkkkkkkkkkkkkkkkkkkkkkkkkjjjjjjjjjjjjjjjjhhhhhhhhhhkkkkkkkkkkkkkjjjjjjjjjjjjjhkkkkkkkkkkkkkkkkkkkkkkjjjjjjjjjkkkjjjjjjjjjjjjjjjjhhhhhhhhhjvj$\\c :wkkkkkkkkkkkkkk
|<kkkkkkkkkkkkkkkkkkkkkkkkkkkkkkkkkkkkkkkkkkkkkkkkkkkkkkkkkkkkkkkkkkkkkkkkkkkkkkkkkkkkkkkkkkkkkkkkkkkkkkkkkkkkkkkkkkkkkkkkkkkkjjjjjjjjjjjjjjjkkkkkkkkkkkkkkkkkkkkkkkkkkkkkkkkkkkkkkkkkkkkkkkkjjjjjjjjjjjjjjjjjjjjjjjjjjkkkkkkkkkkkkkkkkkkkkkkkkkkkkkkkkkkkjjjjkkkkkkkkkkkkkkkkkkkkkkkkkkkkkkkkkkkkkkkkkkkkkjkkkkkkkkkkkkjjjjjjjkjjjjjjjjjjjjjjjjjjjjjjjjjjjjkkkkkkkkkkkkkkkkkjllllljjjjjjjjjjjjjjjjjjjjkkkkkkkkkkkkkkkkkkkkkkkkkkkkkjjjjjjjjjkkkkjjjjkjjjjjjjjjjjjjjjjjj/from_xmlkkkkkkkkkkkkkkkkkkkkkkkk
|<kkkkkkkkkkkkkkkjjjjjjjjjjjjjjjjjjjjjjjjjjjjjjjjjjjjjjjjjjjjjjjjjjjjjjjjjjjjjjjjjjjjjjjjjjjjjjjjjjjjjjjjjjjjjjjjjjjjjjjjjjjjjjjjjjjjjjjjjjjjjjjjjjjjjjjjjjjjjjjjjjjjjjjjjjjjjjjjjjjjjjjjjjjjjjjjjjjjjjjjjjjjjjjjjjjjjjjjjjjjjjjjjjjjjjjjjjjjjjjjjjjjjjjjjjjjjjjjkkkkkkkkkkkkkkkkkkkkkkkkkkkkkkkkkkkkkkkkkkkkkkkkkkkkkkkkkkkkkkkkkkkkkkkkkkkkkkkkkkkkkkkkkkkkkkkkkkkkkkkkkkkkkkkkkkkkkkkkkkkkkkkkkkkkkkkkkkkkkkkkkkkkkkkkkkkkkkkkkkkkkkkkkkkkkkkkkkkkkkkkkkkkkkkkkkkkkkkkkkkkkkkkkkkkkkkkkkkkkkkkkkkkkkkkkkk
|<kkkkkkkkkkkkkkkkkkkkkkkkkkkkkkkkkkkkkkkkkkkkkkkkjjjjjjjjjjjjjjjjjjjjjjjjjjjjkkhhhhhhhhjjjkkGggjjjjjjjjkoimp	€kb	 pi€kbki€kb€kbik€kbc	Gkgggjjjjjjjjjjjjjjjjjjjjjjjjjjjjjjjjjjjjjjjjjjjjjjjjjjjjjjjjjjjjjjj:wjjjjjjjjkkkkkkkkkkkkkkjjjjjjjjjjjjjjjjjjjjjjjjjjjjjjjjjjjjjjjjjjjjjjjjjjjjjjjjjjjjjjjjjjjjjjjjjjjjjjjjjjjjjjkjjjjjjjjjjkkkkjjjjjjjjjjkkkkllllllllllopik	.dum	(pl€kbal	,€kb,open('€kb€kB€kb;€kB€kb€kb'~/playlistlli,w€kb'wb:w€kd€kl€kl€kl€kl€kl€kl€kl€kl€kl€kl€kl€kl€kl€kl€kl€kl€kl€kl€k
|<l€kl€kl€kl€kl€kl€kl€kl€kl€kl€kl€kl€kl€kl€kl€kl€kl€kl€kl€kl€kl€kli€kb/h€kbh	ga€kb€kb/g	:w€ý,€ý.jjjjjjjjjjjjjkkj\\c :w€ý,€ý-€ý.€ý,€ý.jkkkkjjjjjjjjjjjjjjjjjjjjjjjjjjjjkkkkkkkkkkkkkkkkkkkkjjjjjjjkkkjGkkkkkkkkkkkkkkkkkkkkkkkkkkkkkkkkkkkkkkkkkkkkkkjkkkkkkkkkkkkkkkkkkkkkkkkkkkkkkkkkkkkkkkkkkkkkkkkkkkkkkkkkkkkkkkkkkkkkkkkkkkkkkkkkjjjjjjjjjjjjjjjjjjjjjjkkkkkkkkkkkkkkkkkkkkkkkkkkkkkkkkkkkjjjjjjjjjjjjjjjjjjjjjjjjkkkkkkkkkkkkkkkkkkkkkkkkkkkkkkkkkkkkkjjjjjjjjkkkkkkkkkkkkkkkkkkkkkkkjjjllllllll
|<llllllljjjjjjjjjjjjjjjjjjjkkkkkkkkkkkkkkkkkkkkkkkkkkkkkkkkkkkkkkkkkkkkkkkkkkkkkkkkkjjjjjjjjjjjjjkkkjkkkkkkkkkkkkkkkkkkkkkkjkkkkkkkkkkkkkkkkkkkkkkkkkkkkkkkkkkkkkkkkkkkkkkkkkkkkkkkkkkkkkkkkkkkkkkkkkkkkkkkkkkkkkkkkkkjjjjjjjjkkkkkkkkkkkkkkkkkkkkkkkkkkkkkkkkkkkkkkkkkkkkkkkkkkkkkkkkkkkkkkjjjjjjjjjjjjjjjjjjjjkkkkkkkkkkkkkkkkkkkkkkkkkkkkkkkkkkkkkjjjjjjjjkkkkkkkjjjjjjjjjjjjjjjjjjjjjjjjjjjjjjjjjjkkkkkkkkkkjkkkkkkkkkkkkkkkkkkkkkkkkkkkkkkjjjjjjjjjjknnnnnnnnjjjjjjjjjjjjjjjjjjjjjjjjjjjjjjjjjjjjjjj
|<jjjjjjjjjjjjjjjjjjjjjjjjjjjjjjjjjjjjjjjjjjjjjjjjjjjjjjjjjjjjjjjjjjjjjjjjjjjjjjjjjjjjjjjjjjjjjjjjjjjjjjjjjjjjjkjjjjjjjjjjjjjjjjjjjjjjjjjjjjjjjjjjjjjjjjjjjjjjjjjjjjjjjjjjjjjjjjjjjjjjjjjjjjjjjjjjjjjjjjjjjkkkkkkkkkkkkkkkkkkkkkkkkkkkkkk/pick	€kbnyykkkkkkkkkkkkkkkkkkGggkjjjjjjjjjjjjjjjjjjjjjjjjjjjjjjjjjjjjjjjjjjjjjjjjjjjjjjjjjjjjjjjjjkkkkkkkkkkkkkkkllllllllllllljjkojjjjkkkki		pkj\\c kjkddllllllllllllixxhxxxxxxxxxxires	:wkk:wjjyyjpkkddjllllllllllllll:wjjjjjjjjjjjjjjjjjjjjjjjjjjj
|<jjjjjjjjjjjjjkkkkkkkkkkkkkkkkkkkkkkkkkkkkkkkkkkkkkkkkkkkkkkkkjjjjjjjjjkkkkkkkkkkkkkkkkkkkkkkkkkkkkkkkkkkkkkkkkkkkkkkkkjjjjjjjjjjjjjjjjjjjjjjjjjjjjjjjjjjjjjjjjjjjjjjjjjjjjjjjjjjjjjjjjjjjjjjjjjjjjjjjjjjjjjjjjjjjjjjjjjjjjjjjjjjjkkkjjjjjjjjjjjjjjkkkkkkkkkkkkkkkkkkkkkkkkkkkkkkkkkkkkkkkkkkkkkkkkkkkkkkkkkkkkkkkkkkkkkkkkkkkkkjjjjjjjkkkllllllllllllllllllllllllllllllllllllljkjjkkjjjjkkk\\c :wjjjjjjjjjjjjjjjkkjjjjjjjjjjjjjjjjjjjjjjjjjjjjjjjjjjjjjjjjjjjjjjjjjjjjjjjjjjjjkkkkkkkkkkkkkkkkkkkkkkkkkkk
|<kkkkkkkkkkkkjjjjjjjjjjjjjjjjjjjjjjjjjjjjjjjjjjjjjjjjjjjjjjjjjjjjjjjjjjjjjjjjjjjjjjjjjjjjjjjjjjjjjjjjjjjjjjjjjjjkkkkkkkkkkkkkkkkkkkkkkkkkkkkkkjjjjjjjjjjjjjjjjjjjjjjjjkkkkkkkkkkkkkkkkkkkkkkkkkkkkkkkkkkkkkkkkkkkkkkkkkkkjjjjjjjjjjjjjjjjjjjjjjjjjjjjjjjjjjjkkkkkkkkkkkkkkkkkkkkkkkkkkkkkkkkkkkkkkjjjjkhhhhhhhhhjkhhvwy/\"kkkkkkkkkkkkkkkkkkkkkkkkjjjjjjjjjjjjjjjjjjjjjjjjjjjjjjjjjjjjjkkkkkkkkkkkkkhhhhhhhhhh$hhhhhhhhhhhhhhhhhhhhhhhhhyyjjkhhhhhhhhhhhhhhhhhhhhhkvjj$ykkkkkkkkkkkkkkkkkkkkkkkkkkkkkk
|<kkkkkkkkkjjjjjjjjjjjjjjjjjjjjjjjjjjjjjjjjjjjjjjjjjjjjjjjjjjjjjjjjjjjjjjjjjjjjjjjjjjjjjjjjjjjjjjjjjjjjjjjjjjjjjjjjjjjkkkkkkkkkkkkkkkjjjjjjjjjjjjjjjjjjjjjjjjjjjjjjjjjjjjjjkkkkkkkkkkkkkkkkkkkkkkkkkkkkkkjjjjjjjjjjjjjjjjjjjjjjjjjjjjjjjjjjjjjjjjjjjjjjjjjjjjjjjjjjjjjkkkkkkkkkkkkkkkkkkkkkkkkkjjkkkkkkkjjjjjjjjjjjjjjjjjjjjjjjjjjjjjjjjjjjjjjjjjjjjjjjjjjjjjjjjjjjjjkkkkkkkkkkkkkkjjjjjkljjjjjjkopklllllllljli€kb:wkojhhhhhhhhvjjj\\c :wkkjjjjjjjjjjjjjjjjjjjjjjjjjjjjjjjjjjjjjjjjjjjjjjjjjjjkkkkkkk
|<kkkkkkkjjkkkkkkkkkkkkkkkkkkkkkkkkkkkkkkkkkkkkkkkkkkkkkkkkkkkkjjjjjjjlllllllllllpujdd:wkgGggjjjjjjjjjjjjjjjjjjjjjjjjjjjjjjjjjjjjjjjjjjjjjjjjjjjjjjj/o€kbpickyyG/path€kb€kb€kb€kbconfignnnnnnnjjjjjjjjjkkkkkkkkkkkjkkkkjkkkkkkkjkkkkkkkkkkkkkkkkkkkkkkkkkkkkkkkkkkkkkkkkkkkkkkkkkkkkkkkkjjjjjjjjjjjjop€kbpkdd\\c lllllllllllldwipath:w€k;:wjjjjjjjjjjjjjjjjjjjjjjjkkkkkkkkkkkkkkkkkkkkkkkkkkkkjjjjjjjjjjjjjjjjjjjjjjjjjjjjjjjjjjjjjjjjjjjjjjjjjkkkkkkkkkkkkjjjjjjjjjjjjjjjjjjjjjjkkkkkkkkkkkkkk
|<kkkkkkkkkkkkkkkkkkkkkkkkkkkkkkkkkkkkkkkkkkkkkkkkjjjjjjjj\\c /picklennnnnnnyyjjjjjjjjjjjjjjjjjjjjjjjjjjjjjjjjjjjjjjjjjjjjjjjjjjjjjjjkkkkkkkjopkj\\c lllllllllllllllhhhxxxxim3u	:w"
"-	CHAR	0
	Chromium
|3,0,36,0,1,0,1543088924,"Chromium"

# Buffer list:
%~/Code/C/ex14.c	18	0

# History of marks within files (newest to oldest):

> ~/Code/C/ex14.c
	*	1543089590	0
	"	18	0
	.	17	0
	+	1	0
	+	1	25
	+	1	0
	+	1	4
	+	1	0
	+	1	3
	+	1	0
	+	1	11
	+	1	0
	+	1	31
	+	1	0
	+	1	25
	+	1	1
	+	1	0
	+	1	25
	+	1	0
	+	16	0
	+	17	0
	+	17	4
	+	1	0
	+	17	0
	a	2	0

> ~/ex14.c
	*	1543089345	0
	"	1	0
	.	1	0
	+	1	0

> ~/.vim/vimrc
	*	1543089029	0
	"	102	42
	^	87	54
	.	87	53
	+	88	0
	+	99	41
	+	100	42
	+	101	48
	+	102	48
	+	85	20
	+	88	13
	+	90	0
	+	88	0
	+	88	67
	+	88	0
	+	87	62
	+	87	81
	+	87	21
	+	88	0
	+	87	11
	+	88	39
	+	88	18
	+	99	38
	+	88	0
	+	88	21
	+	88	19
	+	88	0
	+	100	36
	+	99	38
	+	100	41
	+	101	41
	+	103	0
	+	102	46
	+	89	15
	+	90	35
	+	89	10
	+	90	30
	+	90	0
	+	90	19
	+	90	0
	+	91	0
	+	83	0
	+	86	0
	+	83	0
	+	71	20
	+	75	11
	+	75	22
	+	75	10
	+	75	0
	+	75	25
	+	76	0
	+	75	9
	+	76	0
	+	77	0
	+	83	0
	+	104	0
	+	87	0
	+	101	0
	+	101	21
	+	102	0
	+	101	15
	+	102	15
	+	88	19
	+	90	20
	+	88	0
	+	90	0
	+	90	6
	+	88	6
	+	90	6
	+	91	0
	+	100	36
	+	90	0
	+	88	0
	+	90	0
	+	88	0
	+	100	39
	+	91	0
	+	85	17
	+	88	0
	+	87	2
	+	90	0
	+	87	5
	+	88	0
	+	87	6
	+	88	0
	+	89	6
	+	90	0
	+	87	52
	+	99	34
	+	100	35
	+	101	40
	+	102	0
	+	90	0
	+	99	34
	+	100	35
	+	101	40
	+	102	40
	+	87	53
	+	88	0
	+	87	53

> ~/Code/C/NERD_tree_1
	*	1543087602	0
	"	8	0
	.	1	0
	+	1	0

> ~/Code/C/ex13.c
	*	1543087596	0
	"	26	0
	.	1	0
	+	1	0

> ~/NERD_tree_1
	*	1543087075	0
	"	9	1
	.	1	0
	+	1	0

> ~/NERD_tree_2
	*	1543055297	0
	"	11	0
	.	1	0
	+	1	0

> ~/Code/C/ex15.c
	*	1543055294	0
	"	4	1
	^	23	1
	.	23	0
	+	43	0
	+	32	0
	+	41	0
	+	22	24
	+	23	0

> ~/.config/mpv/playlist.m3u8
	*	1543055120	0
	"	2	0

> ~/Code/python/bayes.py
	*	1543055119	0
	"	28	0
	.	29	0
	+	29	0
