# This viminfo file was generated by Vim 8.1.
# You may edit it if you're careful!

# Viminfo version
|1,4

# Value of 'encoding' when this file was written
*encoding=utf-8


# hlsearch on (H) or off (h):
~h
# Last Search Pattern:
~Msle0~/\<140\>

# Last Substitute Search Pattern:
~MSle0&mms

# Last Substitute String:
$rsync -av --delete

# Command Line History (newest to oldest):
:w
|2,0,1544479888,,"w"
:q
|2,0,1544479905,,"q"
:nohl
|2,0,1543938173,,"nohl"
:w$a
|2,0,1543938040,,"w$a"
:ls
|2,0,1543414625,,"ls"
:j
|2,0,1543405925,,"j"
:nosl
|2,0,1543089557,,"nosl"
:source ~/.vim/vimrc
|2,0,1543088934,,"source ~/.vim/vimrc"
:bd
|2,0,1543087598,,"bd"
:$
|2,0,1543087276,,"$"
:0
|2,0,1543087270,,"0"
:PlugClean
|2,0,1543055477,,"PlugClean"
:'<,'> !yapf
|2,0,1543054468,,"'<,'> !yapf"
:'<,'> !python
|2,0,1543054440,,"'<,'> !python"
:'<,'> call AutoFormat("'<,'>")  h
|2,0,1543054308,,"'<,'> call AutoFormat(\"'<,'>\")  h"
:'<,'>!yapf 
|2,0,1543054250,,"'<,'>!yapf "
:'<,'> !ya
|2,0,1543054516,,"'<,'> !ya"
:'<,'>'<, >'!yapf
|2,0,1543055039,,"'<,'>'<, >'!yapf"
:'<
|2,0,1543054990,,"'<"
: '<
|2,0,1543054986,," '<"
:echom '<
|2,0,1543054980,,"echom '<"
:echo '<
|2,0,1543054975,,"echo '<"
:'>
|2,0,1543054952,,"'>"
:'<,'>'<,>'!yapf
|2,0,1543054861,,"'<,'>'<,>'!yapf"
:'<,'>h
|2,0,1543054609,,"'<,'>h"
:source .vim/vimrc
|2,0,1543053728,,"source .vim/vimrc"
:'<,'>!clang-format
|2,0,1543053574,,"'<,'>!clang-format"
::
|2,0,1543052282,,":"
:call AutoFormat('test')
|2,0,1543051536,,"call AutoFormat('test')"
:'<,'>!python
|2,0,1543053158,,"'<,'>!python"
:'<,'>!python %
|2,0,1543053138,,"'<,'>!python %"
:IndentWidth
|2,0,1543051221,,"IndentWidth"
:q!
|2,0,1543051148,,"q!"
:'<,'>ClangFormat
|2,0,1543050153,,"'<,'>ClangFormat"
:ClangFormat
|2,0,1543049628,,"ClangFormat"
:!proxychains mpv "http://liveal.quanmin.tv/live/2036316982.flv"
|2,0,1543049160,,"!proxychains mpv \"http://liveal.quanmin.tv/live/2036316982.flv\""
:source .vim
|2,0,1543049030,,"source .vim"
:ClangFormatjj
|2,0,1543048883,,"ClangFormatjj"
:PlugInstall
|2,0,1543048184,,"PlugInstall"
:load_config
|2,0,1542814312,,"load_config"
:selected
|2,0,1542807024,,"selected"
:nohlsearch
|2,0,1542717293,,"nohlsearch"
:PlugUpdate
|2,0,1542446737,,"PlugUpdate"
:g/
|2,0,1542392556,,"g/"
:g/mms/d
|2,0,1542392527,,"g/mms/d"
:r tet.txt
|2,0,1542392452,,"r tet.txt"
:o+ tet.txt
|2,0,1542392314,,"o+ tet.txt"
:o tet.txt
|2,0,1542392282,,"o tet.txt"
: ~/tet.txt
|2,0,1542392214,," ~/tet.txt"
:a ~/tet.txt
|2,0,1542392209,,"a ~/tet.txt"

# Search String History (newest to oldest):
? \<140\>
|2,1,1543938516,,"\\<140\\>"
? \<who\>
|2,1,1543938113,,"\\<who\\>"
? ;
|2,1,1543938111,,";"
? \<name\>
|2,1,1543938096,,"\\<name\\>"
?/ja
|2,1,1543332586,47,"ja"
?/jav
|2,1,1543332584,47,"jav"
?/s
|2,1,1543130709,47,"s"
? \\
|2,1,1543089279,,"\\\\"
?/curser
|2,1,1542896083,47,"curser"
?/cursoradio
|2,1,1542896076,47,"cursoradio"
?/self.flat
|2,1,1542893076,47,"self.flat"
?/TODO
|2,1,1542820564,47,"TODO"
?/todu
|2,1,1542820542,47,"todu"
?/pickle
|2,1,1542817745,47,"pickle"
?/config
|2,1,1542817580,47,"config"
?/pick
|2,1,1542817570,47,"pick"
?/OPMLAudio
|2,1,1542817395,47,"OPMLAudio"
?/from_xml
|2,1,1542816365,47,"from_xml"
?/libpath
|2,1,1542815585,47,"libpath"
?/libpaht
|2,1,1542815580,47,"libpaht"
?/CONFIG_DEFAULT
|2,1,1542814576,47,"CONFIG_DEFAULT"
?/self.config
|2,1,1542814370,47,"self.config"
?/load_config
|2,1,1542814325,47,"load_config"
?/lo
|2,1,1542814303,47,"lo"
? \<return\>
|2,1,1542814124,,"\\<return\\>"
?/pathlib
|2,1,1542813799,47,"pathlib"
?/Favourites
|2,1,1542813218,47,"Favourites"
?/OPMLFavourites
|2,1,1542813208,47,"OPMLFavourites"
?/selected
|2,1,1542807034,47,"selected"
?/collapsed
|2,1,1542806880,47,"collapsed"
?/collapsed 
|2,1,1542806849,47,"collapsed "
?/OPMLOutline
|2,1,1542806655,47,"OPMLOutline"
?/self.selected
|2,1,1542806462,47,"self.selected"
?/self.selected.activate
|2,1,1542806423,47,"self.selected.activate"
? \<OPMLAudio\>
|2,1,1542812075,,"\\<OPMLAudio\\>"
?/ready 
|2,1,1542810826,47,"ready "
? \<self\>
|2,1,1542808061,,"\\<self\\>"
? \<if\>
|2,1,1542807909,,"\\<if\\>"
?/ready
|2,1,1542807806,47,"ready"
?/rel
|2,1,1542721855,47,"rel"
?/self.root.
|2,1,1542718519,47,"self.root."
?/root
|2,1,1542718469,47,"root"
?/self.root
|2,1,1542718455,47,"self.root"
?/start
|2,1,1542718078,47,"start"
?/nohi
|2,1,1542716790,47,"nohi"
?/enter
|2,1,1542716760,47,"enter"
?/msg
|2,1,1542715651,47,"msg"
?/playb
|2,1,1542714692,47,"playb"
?/favourite
|2,1,1542560083,47,"favourite"
?/command
|2,1,1542558791,47,"command"

# Expression History (newest to oldest):

# Input Line History (newest to oldest):
@y
|2,3,1543055481,,"y"
@/home/gaffey/Code/C_language/Lesson_one.c
|2,3,1539445334,,"/home/gaffey/Code/C_language/Lesson_one.c"
@/lost+found/
|2,3,1538371530,,"/lost+found/"
@/home/gaffey/Learn/Util/ThreadUtil.py
|2,3,1529935916,,"/home/gaffey/Learn/Util/ThreadUtil.py"
@/home/gaffey/Learn/Util/BpyUtil.py
|2,3,1529935480,,"/home/gaffey/Learn/Util/BpyUtil.py"

# Debug Line History (newest to oldest):

# Registers:
"0	LINE	0
	    printf("The value is: %d\n", *p);
|3,0,0,1,1,0,1543939729,"    printf(\"The value is: %d\\n\", *p);"
""1	LINE	0
	#include <stdio.h>
	
	int func(void)
	{
	    int i = 0;
	
	    i += 2;
	    i *= 10;
	
	    return i;
	}
	
	int main(void)
	{
	    int a = 0;
	
	    a = func();
|3,1,1,1,17,0,1544478920,"#include <stdio.h>","","int func(void)","{","    int i = 0;","","    i += 2;","    i *= 10;","","    return i;","}","","int main(void)","{","    int a = 0;","","    a = func();"
"2	LINE	0
	    printf("%d\n", a)ggG
	    return 0;
	}
|3,0,2,1,3,0,1544478918,"    printf(\"%d\\n\", a)ggG","    return 0;","}"
"3	LINE	0
	#include <pthread.h>
	#include <stdio.h>
	
	typedef struct {
	    int a;
	    int b;
	    int c;
	    int d;
	    pthread_mutex_t mutex;
	} ex_st;
	
	int main(void)
	{
	    ex_st st = { 1, 2, 3, 4, PTHREAD_MUTEX_INITIALIZER };
	    printf("%d,%d,%d,%d\n", st.a, st.b, st.c, st.d);
	    return 0;
	}
|3,0,3,1,17,0,1544478438,"#include <pthread.h>","#include <stdio.h>","","typedef struct {","    int a;","    int b;","    int c;","    int d;","    pthread_mutex_t mutex;","} ex_st;","","int main(void)","{","    ex_st st = { 1, 2, 3, 4, PTHREAD_MUTEX_INITIALIZER };","    printf(\"%d,%d,%d,%d\\n\", st.a, st.b, st.c, st.d);","    return 0;","}"
"4	LINE	0
	
|3,0,4,1,1,0,1544478101,""
"5	LINE	0
	:w
|3,0,5,1,1,0,1544478097,":w"
"6	LINE	0
	#include <stdio.h>
	
	int func(void)
	{
	    return 3;
	}
	
	int main(void)
	{
	    int a = 0;
	
	    a = func();
	    printf("%d\n", a);
	    return 0;
	}
|3,0,6,1,15,0,1544478088,"#include <stdio.h>","","int func(void)","{","    return 3;","}","","int main(void)","{","    int a = 0;","","    a = func();","    printf(\"%d\\n\", a);","    return 0;","}"
"7	LINE	0
	http://ws4.streamhls.huya.com/huyalive/30765679-2484192572-10669525853706125312-2847687498-10057-A-1521100607-1_1200/playlist.m3u8 
|3,0,7,1,1,0,1544354177,"http://ws4.streamhls.huya.com/huyalive/30765679-2484192572-10669525853706125312-2847687498-10057-A-1521100607-1_1200/playlist.m3u8 "
"8	LINE	0
	
|3,0,8,1,1,0,1544354175,""
"9	CHAR	0
	å¥½èŠå¡¢é›»å½±å° 2 http://ws4.streamhls.huya.com/huyalive/29106097-2689279104-11550365801496182784-2777026902-10057-A-0-1_1200/playlist.m3u8
	å¥½èŠå¡¢é›»å½±å° 3 http://aldirect.hls.huya.com/huyalive/29169025-2686219962-11537226886652362752-2710080226-10057-A-0-1_1200.m3u8
	å¥½èŠå¡¢é›»å½±å° 4 http://ws4.streamhls.huya.com/huyalive/29106097-2689448236-11551092217904889856-2789274572-10057-A-0-1_1200/playlist.m3u8?thebestfreeenglishchannels.m3u8
	å¥½èŠå¡¢é›»å½±å° 5 http://ws4.streamhls.huya.com/huyalive/29106097-2689279104-11550365801496182784-2777026902-10057-A-0-1_1200/playlist.m3u8
	å¥½èŠå¡¢é›»å½±å° 6 http://aldirect.hls.huya.com/huyalive/29169025-2686220018-11537227127170531328-2847699120-10057-A-1524041208-1_1200.m3u8
	å¥½èŠå¡¢é›»å½±å° 7 http://aldirect.hls.huya.com/huyalive/28466698-2689659358-11551998979990355968-2789274580-10057-A-0-1_1200.m3u8
	å¥½èŠå¡¢é›»å½±å° 8 http://js.hls.huya.com/huyalive/30765679-2478268764-10644083292078342144-2847699106-10057-A-0-1_1200.m3u8
	å¥½èŠå¡¢é›»å½±å° 9 http://aldirect.hls.huya.com/huyalive/29169025-2686219962-11537226886652362752-2710080226-10057-A-0-1_1200.m3u8
	å¥½èŠå¡¢é›»å½±å° 10 http://aldirect.hls.huya.com/huyalive/30765679-2499070088-10733424298371842048-2789274548-10057-A-1521102596-1_1200.m3u8
	å¥½èŠå¡¢é›»å½±å° 11 http://aldirect.hls.huya.com/huyalive/30765679-2504742278-10757786168918540288-3049003128-10057-A-0-1_1200.m3u8
|3,0,9,0,10,0,1544354174,"å¥½èŠå¡¢é›»å½±å° 2 http://ws4.streamhls.huya.com/huyalive/29106097-2689279104-11550365801496182784-2777026902-10057-A-0-1_1200/playlist.m3u8","å¥½èŠå¡¢é›»å½±å° 3 http://aldirect.hls.huya.com/huyalive/29169025-2686219962-11537226886652362752-2710080226-10057-A-0-1_1200.m3u8",>176
|<"å¥½èŠå¡¢é›»å½±å° 4 http://ws4.streamhls.huya.com/huyalive/29106097-2689448236-11551092217904889856-2789274572-10057-A-0-1_1200/playlist.m3u8?thebestfreeenglishchannels.m3u8","å¥½èŠå¡¢é›»å½±å° 5 http://ws4.streamhls.huya.com/huyalive/29106097-2689279104-11550365801496182784-2777026902-10057-A-0-1_1200/playlist.m3u8","å¥½èŠå¡¢é›»å½±å° 6 http://aldirect.hls.huya.com/huyalive/29169025-2686220018-11537227127170531328-2847699120-10057-A-1524041208-1_1200.m3u8",>134
|<"å¥½èŠå¡¢é›»å½±å° 7 http://aldirect.hls.huya.com/huyalive/28466698-2689659358-11551998979990355968-2789274580-10057-A-0-1_1200.m3u8","å¥½èŠå¡¢é›»å½±å° 8 http://js.hls.huya.com/huyalive/30765679-2478268764-10644083292078342144-2847699106-10057-A-0-1_1200.m3u8","å¥½èŠå¡¢é›»å½±å° 9 http://aldirect.hls.huya.com/huyalive/29169025-2686219962-11537226886652362752-2710080226-10057-A-0-1_1200.m3u8",>144
|<"å¥½èŠå¡¢é›»å½±å° 10 http://aldirect.hls.huya.com/huyalive/30765679-2499070088-10733424298371842048-2789274548-10057-A-1521102596-1_1200.m3u8","å¥½èŠå¡¢é›»å½±å° 11 http://aldirect.hls.huya.com/huyalive/30765679-2504742278-10757786168918540288-3049003128-10057-A-0-1_1200.m3u8"
"a	LINE	0
	Traceback (most recent call last):
	  File "/usr/lib/python3.6/site-packages/yapf/yapflib/pytree_utils.py", line 115, in ParseCodeToTree
	    tree = parser_driver.parse_string(code, debug=False)
	  File "/usr/lib/python3.6/lib2to3/pgen2/driver.py", line 107, in parse_string
	    return self.parse_tokens(tokens, debug)
	  File "/usr/lib/python3.6/lib2to3/pgen2/driver.py", line 72, in parse_tokens
	    if p.addtoken(type, value, (prefix, start)):
	  File "/usr/lib/python3.6/lib2to3/pgen2/parse.py", line 159, in addtoken
	    raise ParseError("bad input", type, value, context)
	lib2to3.pgen2.parse.ParseError: bad input: type=22, value='=', context=('', (36, 15))
	
	During handling of the above exception, another exception occurred:
	
	Traceback (most recent call last):
	  File "/usr/lib/python3.6/site-packages/yapf/yapflib/pytree_utils.py", line 121, in ParseCodeToTree
	    tree = parser_driver.parse_string(code, debug=False)
	  File "/usr/lib/python3.6/lib2to3/pgen2/driver.py", line 107, in parse_string
	    return self.parse_tokens(tokens, debug)
	  File "/usr/lib/python3.6/lib2to3/pgen2/driver.py", line 72, in parse_tokens
	    if p.addtoken(type, value, (prefix, start)):
	  File "/usr/lib/python3.6/lib2to3/pgen2/parse.py", line 159, in addtoken
	    raise ParseError("bad input", type, value, context)
	lib2to3.pgen2.parse.ParseError: bad input: type=22, value='=', context=('', (36, 15))
	
	During handling of the above exception, another exception occurred:
	
	Traceback (most recent call last):
	  File "/usr/bin/yapf", line 11, in <module>
	    sys.exit(run_main())
	  File "/usr/lib/python3.6/site-packages/yapf/__init__.py", line 313, in run_main
	    sys.exit(main(sys.argv))
	  File "/usr/lib/python3.6/site-packages/yapf/__init__.py", line 183, in main
	    verify=args.verify)
	  File "/usr/lib/python3.6/site-packages/yapf/yapflib/yapf_api.py", line 129, in FormatCode
	    tree = pytree_utils.ParseCodeToTree(unformatted_source)
	  File "/usr/lib/python3.6/site-packages/yapf/yapflib/pytree_utils.py", line 127, in ParseCodeToTree
	    raise e
	  File "/usr/lib/python3.6/site-packages/yapf/yapflib/pytree_utils.py", line 125, in ParseCodeToTree
	    ast.parse(code)
	  File "/usr/lib/python3.6/ast.py", line 35, in parse
	    return compile(source, filename, mode, PyCF_ONLY_AST)
	  File "<unknown>", line 36
	    with outputfile=open(fileurl,'wb') as f:
	                   ^
	SyntaxError: invalid syntax
|3,0,10,1,45,0,1528977822,"Traceback (most recent call last):","  File \"/usr/lib/python3.6/site-packages/yapf/yapflib/pytree_utils.py\", line 115, in ParseCodeToTree","    tree = parser_driver.parse_string(code, debug=False)","  File \"/usr/lib/python3.6/lib2to3/pgen2/driver.py\", line 107, in parse_string","    return self.parse_tokens(tokens, debug)","  File \"/usr/lib/python3.6/lib2to3/pgen2/driver.py\", line 72, in parse_tokens",>50
|<"    if p.addtoken(type, value, (prefix, start)):","  File \"/usr/lib/python3.6/lib2to3/pgen2/parse.py\", line 159, in addtoken","    raise ParseError(\"bad input\", type, value, context)","lib2to3.pgen2.parse.ParseError: bad input: type=22, value='=', context=('', (36, 15))","","During handling of the above exception, another exception occurred:","","Traceback (most recent call last):",>104
|<"  File \"/usr/lib/python3.6/site-packages/yapf/yapflib/pytree_utils.py\", line 121, in ParseCodeToTree","    tree = parser_driver.parse_string(code, debug=False)","  File \"/usr/lib/python3.6/lib2to3/pgen2/driver.py\", line 107, in parse_string","    return self.parse_tokens(tokens, debug)","  File \"/usr/lib/python3.6/lib2to3/pgen2/driver.py\", line 72, in parse_tokens","    if p.addtoken(type, value, (prefix, start)):",>77
|<"  File \"/usr/lib/python3.6/lib2to3/pgen2/parse.py\", line 159, in addtoken","    raise ParseError(\"bad input\", type, value, context)","lib2to3.pgen2.parse.ParseError: bad input: type=22, value='=', context=('', (36, 15))","","During handling of the above exception, another exception occurred:","","Traceback (most recent call last):","  File \"/usr/bin/yapf\", line 11, in <module>","    sys.exit(run_main())",>85
|<"  File \"/usr/lib/python3.6/site-packages/yapf/__init__.py\", line 313, in run_main","    sys.exit(main(sys.argv))","  File \"/usr/lib/python3.6/site-packages/yapf/__init__.py\", line 183, in main","    verify=args.verify)","  File \"/usr/lib/python3.6/site-packages/yapf/yapflib/yapf_api.py\", line 129, in FormatCode","    tree = pytree_utils.ParseCodeToTree(unformatted_source)","  File \"/usr/lib/python3.6/site-packages/yapf/yapflib/pytree_utils.py\", line 127, in ParseCodeToTree",>13
|<"    raise e","  File \"/usr/lib/python3.6/site-packages/yapf/yapflib/pytree_utils.py\", line 125, in ParseCodeToTree","    ast.parse(code)","  File \"/usr/lib/python3.6/ast.py\", line 35, in parse","    return compile(source, filename, mode, PyCF_ONLY_AST)","  File \"<unknown>\", line 36","    with outputfile=open(fileurl,'wb') as f:","                   ^","SyntaxError: invalid syntax"
"h	CHAR	0
	563
<hhhhhhhhhhhhhhliint(lxlllllllllllllli)hi.0jhhhhhhhhhhhhhhhhhhjhiint(lx$a)hhi.li90€kb€kb0:w€k; uGkkkjBlkkkkkkhllllllllllllllllllllllllllll€k;uBGBBuuuuuuuuuuuuuukjhhhhhhhhhhhhhhhhllllllllllllllhhhhlllhhhhkkjjllllllllha):wkjhhhhhhhhhhhhhhhhlliii€kbnt(lxlllllllllllllli)hhhhhhkkjhkhhhhhhhhhhhliinit€kb€kbt(lxlllllllllllllllha):wjja):wjjjkkkkkjjjjjjjjjjjjjjjjjjjjjjjkkkkkkkkkkkkkkkkkkkkkkkkkkkkkkkkkkkkkkkkkkkkkkkkkkkkj:wjkkkkkkkkkkkjjjjjjjkjkkkkkkkkkkkkkkkkkkkkkkkjjjjjjjkkkjkkkkkkjjjjjjjkjjjjjjjjjjjjjjjjjkjjjkkkkkkkkkkkkkkkkkkkkjj:w
|3,0,17,0,1,0,1542722471,>562
|<"hhhhhhhhhhhhhhliint(lxlllllllllllllli)hi.0jhhhhhhhhhhhhhhhhhhjhiint(lx$a)hhi.li90€kb€kb0:w€k; uGkkkjBlkkkkkkhllllllllllllllllllllllllllll€k;uBGBBuuuuuuuuuuuuuukjhhhhhhhhhhhhhhhhllllllllllllllhhhhlllhhhhkkjjllllllllha):wkjhhhhhhhhhhhhhhhhlliii€kbnt(lxlllllllllllllli)hhhhhhkkjhkhhhhhhhhhhhliinit€kb€kbt(lxlllllllllllllllha):wjja):wjjjkkkkkjjjjjjjjjjjjjjjjjjjjjjjkkkkkkkkkkkkkkkkkkkkkkkkkkkkkkkkkkkkkkkkkkkkkkkkkkkkj:wjkkkkkkkkkkkjjjjjjjkjkkkkkkkkkkkkkkkkkkkkkkkj
|<jjjjjjkkkjkkkkkkjjjjjjjkjjjjjjjjjjjjjjjjjkjjjkkkkkkkkkkkkkkkkkkkkjj:w"
"j	CHAR	0
	kkkkkkkkkkkkkkkkkkkkkkkkkkkkkkkkkjjjjjjjjjjjjjjjjjjjjjjjjjjjjjjjjjjjjjjjjjjjjjjjjjjjjjjjjjjjjjjjkkkkkkkkkkjjjjkjjdduddudd:wkkkjyyjjjjkkopkddoukokkkdd:wkk
|3,0,19,0,1,0,1542894990,"kkkkkkkkkkkkkkkkkkkkkkkkkkkkkkkkkjjjjjjjjjjjjjjjjjjjjjjjjjjjjjjjjjjjjjjjjjjjjjjjjjjjjjjjjjjjjjjjkkkkkkkkkkjjjjkjjdduddudd:wkkkjyyjjjjkkopkddoukokkkdd:wkk"
"k	CHAR	0
	6699
<kjjjjjjjjjjkkkkkkkkkkjjjjjjjjjjjjjjjjjjjjjjjjjjjjjjjjjjjjjjjjjkkkkkkkkkkkkkkkkkkkkkkkkkkkkkkkkkkkkkkkkkkkkkkkkkkkkkkkkkkjjjjjjjjjjjjjjkkkkkkkkkkkkkkkkkkkkkkkkkkkkkkkkkkkkkkkkkkkkkkkkjjjjjjjjjjjjjjjjjjjjjjjkkkkkkkkkkkkkkkkkkkkkkkkkkkkkkkkkkkkkkkkkkkkkkkkkkkkkkkkkkkkkkkkkkkkkkkkkkkkkkkkkkkkkkkkkkkkkkkkkkkkkkkkkkkkkkkkkkkkkkkkkkkkkkkkkkkkkkkkkkkkkkkkkkkkkkkkkkkkkkkkkkkkkkkkkkkkkkkkkkkkkkkkkkkkkkkkkkkkkkkkkkkkkkkkkkkjjjjjjjjjjjjdd:wjjjjjjjjjjjjjjjjjjjjjjjjjjjjjjjjjjjjjjjjjjjjjjjjjjjjjjjjjjjjjjjjjjjjjjjjjjjjjjjjjjjjjjjjjjjjjjjjjjjjjjjjjjjjjjjjjjjjjjjjjjjjjjjjjjjjjjjjjjjjjjjjjjjjjjjjjjjjjjjjjjjjjjjjjjjjjjjjjjjjjjjjjjjjjjjjjjjjjjjjjjjjjjjjjjjjjjjjjjjjjjjjjjjjjjjjjjjjjjjjjjjjjjjjjjjjjjjjjjjjjjjjjjjjjjjjjjjjkkkkkkjhhhhhhhhhhhhhhhhhdwdwxhxhlhx:w€k;:wkkkkkkkkkkkkkkkkkkkkkkkkkkkkkkkkkkkkkkkkkkkkkkkkkkkkkkkkkkkkkkkkkkkkkkkkkkkkkkkkkkkkkkkkkkkkkkkkkkkkkkkkjjjjjjjjjjjjjjjjjjjjjjjjjjjjjjjjjjjjjjjjjkkkkkkkkkjjjjjjjjjjjjjjjjjjjjjjjjkkkkkkkkkkkkkkjjjjjjjjjjjjjjjjjjjjjjjjjjjjjjjjjjjjjjjjkkkkkkkkkkkkkkkkkkkkkkkkkkkkkkkkkkkkkjjjjjjjjjjjjjjjjjjjkkkkkkkkkkkkkkkkkkkkkkkkkkkkkkkkkkkkkkkkkkkkkkkkkkkkkkkkkkkkkkkkkkkkkkkkkkkkkkkkkkkkkkkkkkkkkkkkkkkkkkkkkkkkkkkkkkkkkkkkkkkkkkkkkkkkkkkkkkkkkkkkkkkkkkkkkkkkkkkkkkkkkkkkkkkkkkkkkkkkkkkkkkkkkkkkkkkkkkkkkkkkkkkkkkkkkkkkkkkkkkkkkkkkkkkkkkkkkkkkkjjjjjjjjjjjjjjjjjjjjjjjjjjjjjjjjjjjjjjjjjjjjjjjjjjjjjjjjjjjjjjjjjjjjjjjjjjjjjjjjjjjjjjjjjjjjjjjjjjjjjjjjjjjjjjjjjjjjjjjjjjjjjjjjjjjjjjjjjjjjjjjjjjjjjjjjjjjjjjjjjjkjjjjjjjjjjjjjjjjjjjjjjjjjjjjjjjjjjjjjjjjjjkkkkkkkjjjjjjjjjjjjjjjjjjkkkkkkkkkkkkkkkkjjjjjjjjjjjjjjjjjjjjjjjjkkkkkkkkjjjkkkkkkkkkkkkkkkkkkkkkkkkkkkjhjjjkvjjjjjjjjjjjjjjjjjjjjjjjjjjjjj\c ujvjjjjjjjjjjjjjjjjjjjjjjjjjjjj\c :wjjjjjjjjjkkkkkkkkkkjjjjjjjjjjjjjjjjjjjjjjjjjjjjjjjjjjjjjjjjjjjjjjjjjjjjjjjjjjjkkkkkkkkkkkkjjjjjjjjjjjjjjjjjkkkkkkkkkkkkkkkkkkkkkkkkkkkkkkkkkkkkkkkkkkkkkkkkkkkkkkkkkkkkkkkkkkkkjjjjjjjjjjjjjjjjjjjjjjjjjjjjjjjjjjjjjjjjjjjjjjjjjjjjjjjjjjjjjjjjjjjjjjjjjjjjjjjjjjkkkkkkkkkkkkkkkkkkkkkkkkkkkkkkkkkkjjjjjjjjjjjjjjjjjjjjjjjjjjjjjjjjjjjjjjjjjjjjjjjjjjjjjjjjjjjjjjjjjjjjjjjjjjjjjjjjjjjjjjjjjjjjjjjjjjjjjjjjjjjjjjjjjjjjjjjjjjjjjjjjjjjjjjjjjjjjjjjjjjjjjjjjjjjjjjjjjjjjjjjjkjjjjjjjjjjjjjjjjjjjjjkGggjjjjjjjjjjjjjjjjjjjjjjjjjjjjjjjjjjjjjjjjjjjjjjjjjjjjjjjjjjjjjjjjjjjjjjjjjjjkkkkkkkkkkkkkkkkkkkkkkkkkkkkkkkkkkkkkjjjjjjjjjjjjjjjjjjjjjjjjjjjjjjjjjjjjjjjjjjjjjjjjjjjjjjjjjjjjjjjjjjjjjjjjjjjjjjjjjjjjjjjjjjjjjjjjjjjjjjjjjjjjjjjjjjjjjjjjjjjjjjjjjjjjjjjjjjjjjjjjjjjjjjjjjjjjjjjjjjjjjjjjjjjjjjjjjjjjjjjjjjjjjjjjjjjjjkkkkkkkkkkkkkkkkkkkkkklllllljjjjjjjjkkjjjjjjjjkkkjjjjjjjjjkkjjjjjjjjjjjjjkkkkkkkjkllllllllllllllllllllllllljjjjjjjjjjjjjjjjjjjjjjjjjkkkkkjjjjjjjjjjjjjjjjjjjkkkkkjjjjjjjjjjjjjkkkkkkkkkkkkkkkkkkkkkkkkjkjjjjjjjjjjjjjjjkkjhhhhhhhhhhhhhhhhhhhhhhhhhhhhhhhkvjjjjjj\c :wjlllllllllllllllllllljlllvwy/"nNNNnnnnnnnnnnnnnn€ý,€ý.€ku€ku€ku€ku€ku€ku€ku€kd€kd€kd€kd€kd€kd€kd€kd€kd€kd€kd€kd€kd€kd€kd€kd€kd€kd€kd€kd€kd€kd€ku€ku€ku€kr€kr€kr€kr€kr€kr€kr€kr€kr€kr€kr€kr€kr€kr€kd€kd€kd€kd€kd€kd€kd€kd€kd€kd€kd€kd€kd€kd€kd€ku€ku€ku€ku€ku€ku€ku€ku€ku€ku€ku€ku€ku€ku€kdjjjjjj€ku€kl€kl€kl€kl€kl€kl€kl€kl€kl€kl€kl€kl€kl€kl€kl€kl€kl€kl€kl€kl€kl€kl€kl€kl€kl€kl€kl€kl€kl€kl€kl€kl€kl€kl€ku€ku€kuv€kd€kd€kd€kd€kd€kd€kd€kd€ku€ku€ku€ku€ku€ku€ku€ku€ku€ku€kd€kd€kdv€kd€kd€kd€kd€kd€kd€kdduv€kd€kd€kd€kd€kd€kd€kd€kd€kd€kd€kd€kd€kd€kd€kd€kd€kd€kd€kd€kd€kd€kd€kd€kd€kd€kd€kd€kd€kd€kd€kd€kd€kd€kd€kd€kd€kd€kd€kd€kd€kd€kd€kd€kd€kd€kd€kd€kd€kd€kd€kd€kd€kd€kd€kd€kd€kd€kd€kd€kd€kd€kd€kd€kd€kd€kd€kd€kd€kd€kd€kd€kd€kd€kd€kd€kd€kd€kd€kd€kd€kd€kd€kd€kd€kd€kd€kd€kd€kd€kd€kd€kd€kd€kd€kdGG€ku€ku€ku€ku€ku€ku€ku€ku€ku€ku€ku€ku€ku€ku€ku€ku€ku€ku€ku€ku€ku€ku€ku€ku€ku€ku€ku€ku€ku€ku€ku€ku€ku€ku€ku€ku€ku€kd€kd€kd€kd€kd€kd€kd€kd€kd€kd€kd€kd€kd€kd€kd€kd€kd€kd€kd€kd€kd€ku€ku€ku€ku€kd€kd€kd€kd€kd€kd€kd€kd€ku€ku€ku€ku€ku€ku€ku€ku€kd€ku€ku€ku€ku€ku€ku€ku€kddd€kd€kd€kd€kd€ku€kd€kd€kl€kl€kl€kl€kl€kl€kl€klv€kd€kd€kd€kdddd€ku€ku€ku€ku€ku€ku€ku€ku€ku€ku€ku€ku€ku€ku€ku€ku€ku€ku€ku€kuuuv€kd€kd€kd€kdddd€ku:w€ku€ku€ku€ku€ku€ku€ku€ku€ku€ku€ku€ku€ku€ku€ku€ku€ku€ku€ku€ku€ku€ku€ku€ku€ku€ku€ku€ku€ku€ku€ku€ku€ku€ku€ku€ku€ku€ku€ku€ku€ku€ku€ku€ku€ku€ku€ku€ku€ku€ku€ku€ku€ku€ku€ku€ku€ku€ku€ku€ku€ku€ku€ku€ku€ku€ku€ku€ku€ku€ku€ku€ku€ku€ku€ku€ku€ku€ku€ku€ku€ku€ku€ku€ku€ku€ku€ku€ku€ku€ku€ku€ku€ku€ku€ku€ku€ku€ku€ku€ku€ku€ku€ku€ku€ku€ku€ku€ku€ku€ku€ku€ku€ku€ku€ku€ku€ku€ku€ku€ku€ku€ku€ku€ku€ku€ku€ku€ku€ku€ku€ku€ku€ku€ku€ku€ku€ku€ku€ku€ku€ku€ku€ku€ku€ku€ku€ku€ku€ku€ku€ku€ku€kd€kd€kd€kd€kd€kd€kd€kd€kd€kd€kd€kd€kd€kd€ku€ku€ku€ku€ku€ku€ku€ku€ku€ku€ku€ku€ku€ku€ku€ku€ku€ku€ku€ku€ku€ku€ku€ku€ku€ku€kd€kd€kd€kd€kd€kd€kd€kd€kd€kd€kd€kd€kd€kd€kd€kd€kd€kd€kd€kd€kd€kd€kd€kd€kd€kd€kd€ku€kl€kl€kl€kl€kl€kl€kl€kl€kl€kl€kl€ku€ku€ku€ku€ku€ku€ku€ku€ku€kd€kd€kd€kd€kd€kd€kd€kd€kd€kd€ku€ku€ku€ku€ku€ku€ku€ku€ku€ku€ku€ku€kd€kd€kd€kd€kd€kd€kd€kd€kd€kd€kd€kd€kd€kd€kd€kd€kd€ku€ku€ku€ku€ku€ku€ku€ku€ku€ku€ku€ku€ku€ku€kd€kd€kd€kd€kd€kd€kd€kd€kd€kd€kd€ku€ku€ku€ku€ku€ku€ku€ku€ku€ku€ku€ku€ku€ku€ku€ku€ku€ku€ku€ku€ku€ku€ku€ku€ku€ku€ku€ku€ku€ku€ku€ku€ku€ku€ku€ku€ku€ku€ku€ku€ku€ku€ku€ku€ku€ku€ku€ku€ku€ku€ku€ku€ku€ku€ku€ku€ku€ku€ku€ku€ku€kd€kd€kd€kd€kd€kd€kd€kdv€kd€kd€kd€kd€kd€kd€kd€kd€kd€kd#€ku€ku€ku€ku€ku€ku€ku€ku€ku€ku€ku€ku€ku€ku€ku€ku€ku€ku€ku€ku€ku€ku€ku€ku€ku€ku€ku€ku€ku€ku€ku€ku€ku€ku€ku€ku€ku€ku€ku€ku€ku€kdG€ku€ku€ku€ku€ku€ku€ku€ku€ku€ku€ku€ku€ku€ku€ku€ku€ku€ku€ku€ku€ku€ku€ku€ku€ku€ku€ku€ku€ku€ku€ku€ku€ku€ku€ku€ku€ku€ku€ku€ku€ku€ku€ku€ku€ku€ku€ku€ku€ku€ku€ku€ku€ku€ku€ku€ku€ku€ku€ku€ku€ku€ku€kd€kd€kd€kd€kd€kd€kd€kd€kd€kd€kd€kd€kd€kd€kd€kd€kd€kd€kd€kd€kd€kd€kd€kd€kr€kr€kr€kr€kr€kr€kr€kr€kr€kr€kr€kr€kr€kr€kr€kr€kr€kr€kr€kr€kr€kr€kr€kr€kr€kr€kr€kr€kr€kr€kr€kr€kr€ku€ku€ku€ku€ku€ku€ku€kr€kr€kr€kr€kr€kr€kr€kr€kr€kr€kr€kr€kr€kr€kr€kr€kr€kr€kr€kr€kr€kr€kr€kr€kr€kr€kr€kr€kr€kr€kr€kr€kr€kr€kr€kr€kr€kr€kr€kr€kr€kr€kr€kr€kr€kr€kr€kr€kr€kr€kl€kld$€kd€kd€kr€kr€krd$€kd€kd€kd€kd€kd€kdd$€kd€ku€ku€ku€ku€ku€ku€ku€ku€ku€ku€ku€ku€ku€ku€ku€ku€ku€ku€ku€ku€ku€ku€ku€ku€ku€ku€ku€ku€ku€ku€ku€ku€ku€ku€ku€ku€ku€ku€ku€ku€ku€ku€ku€ku€ku€ku€ku€ku€ku€ku€ku€ku€ku€ku€ku€ku€ku€ku€ku€ku€ku€ku€ku€ku€ku€ku€ku€ku€ku€ku€ku€ku€ku€ku€ku€ku€ku€ku€ku€ku€ku€ku€ku€ku€ku€ku€ku€ku€ku€ku€ku€ku€ku€ku€ku€ku€ku€ku€ku€ku€ku€ku€ku€ku€ku€ku€ku€ku€ku€ku€ku€ku€ku€ku€ku€ku€ku€ku€ku€ku€ku€ku€ku€ku€ku€ku€ku€ku€ku€ku€ku€ku€ku€ku€kd€ku€ku€ku€ku€ku€ku€ku€ku€ku€ku€ku€ku€ku€ku€ku€ku€ku€ku€ku€ku€ku€ku€ku€ku€ku€ku€ku€ku€ku€ku€ku€ku€ku€ku€ku€ku€ku€ku€ku€ku€ku€ku€kunkjjjjjdddd:wkkkkj\c kkjjjjjjjjjjjjjjjjjjjjjjjjjkkkkjjjjjjjjjkjjjjjjjjkkkkkkkkkjjjjjjjjjjjjjjjjjjjjjjjjjjjjjjjjjjjjjjjjjkkkkkkkkkkkkhhhhhhhhhkkvjjjjjjjjjj$dddddddddk:wjjjjjjjjjjjjjjjjjjjjjjjjjjjjjjkkkkkkkkkkkkjjjjjjjjjjjjjjjjjjjjjjjjjkkkkkkkjvjjjjj$djddkkjjjjjjjjjjjjjjkkkkkkkkkkkkkdd:w/confignnnnnnnnnnnnnnnnnnnnkkkkkkkkkkkkkkkkkkkkkkkkkkkknnnnnnnn/lo
|3,0,20,0,1,0,1542814305,>6703
|<"kjjjjjjjjjjkkkkkkkkkkjjjjjjjjjjjjjjjjjjjjjjjjjjjjjjjjjjjjjjjjjkkkkkkkkkkkkkkkkkkkkkkkkkkkkkkkkkkkkkkkkkkkkkkkkkkkkkkkkkkjjjjjjjjjjjjjjkkkkkkkkkkkkkkkkkkkkkkkkkkkkkkkkkkkkkkkkkkkkkkkkjjjjjjjjjjjjjjjjjjjjjjjkkkkkkkkkkkkkkkkkkkkkkkkkkkkkkkkkkkkkkkkkkkkkkkkkkkkkkkkkkkkkkkkkkkkkkkkkkkkkkkkkkkkkkkkkkkkkkkkkkkkkkkkkkkkkkkkkkkkkkkkkkkkkkkkkkkkkkkkkkkkkkkkkkkkkkkkkkkkkkkkkkkkkkkkkkkkkkkkkkkkkkkkkkkkkkkkkkkkkkkkkkkkkkkkkkkjjjjjjjjjjjjdd:wjjjjjjjjjjjjjjjjjjjjjjjjjjjjjjjjjjjjjjjjjjjjjjjjjjjjjjjjj
|<jjjjjjjjjjjjjjjjjjjjjjjjjjjjjjjjjjjjjjjjjjjjjjjjjjjjjjjjjjjjjjjjjjjjjjjjjjjjjjjjjjjjjjjjjjjjjjjjjjjjjjjjjjjjjjjjjjjjjjjjjjjjjjjjjjjjjjjjjjjjjjjjjjjjjjjjjjjjjjjjjjjjjjjjjjjjjjjjjjjjjjjjjjjjjjjjjjjjjjjjjjjjjjjjjjjjjjjjjjjkkkkkkjhhhhhhhhhhhhhhhhhdwdwxhxhlhx:w€k;:wkkkkkkkkkkkkkkkkkkkkkkkkkkkkkkkkkkkkkkkkkkkkkkkkkkkkkkkkkkkkkkkkkkkkkkkkkkkkkkkkkkkkkkkkkkkkkkkkkkkkkkkkjjjjjjjjjjjjjjjjjjjjjjjjjjjjjjjjjjjjjjjjjkkkkkkkkkjjjjjjjjjjjjjjjjjjjjjjjjkkkkkkkkkkkkkkjjjjjjjjjjjjjjjjjjjjjjjjjjjjjjjjjjj
|<jjjjjkkkkkkkkkkkkkkkkkkkkkkkkkkkkkkkkkkkkkjjjjjjjjjjjjjjjjjjjkkkkkkkkkkkkkkkkkkkkkkkkkkkkkkkkkkkkkkkkkkkkkkkkkkkkkkkkkkkkkkkkkkkkkkkkkkkkkkkkkkkkkkkkkkkkkkkkkkkkkkkkkkkkkkkkkkkkkkkkkkkkkkkkkkkkkkkkkkkkkkkkkkkkkkkkkkkkkkkkkkkkkkkkkkkkkkkkkkkkkkkkkkkkkkkkkkkkkkkkkkkkkkkkkkkkkkkkkkkkkkkkkkkkkkkkkkkkkkkkkjjjjjjjjjjjjjjjjjjjjjjjjjjjjjjjjjjjjjjjjjjjjjjjjjjjjjjjjjjjjjjjjjjjjjjjjjjjjjjjjjjjjjjjjjjjjjjjjjjjjjjjjjjjjjjjjjjjjjjjjjjjjjjjjjjjjjjjjjjjjjjjjjjjjjjjjjjjjjjjjjjkjjjjjjjjjjjjjjjjjjjjjjjjj
|<jjjjjjjjjjjjjjjjjkkkkkkkjjjjjjjjjjjjjjjjjjkkkkkkkkkkkkkkkkjjjjjjjjjjjjjjjjjjjjjjjjkkkkkkkkjjjkkkkkkkkkkkkkkkkkkkkkkkkkkkjhjjjkvjjjjjjjjjjjjjjjjjjjjjjjjjjjjj\\c ujvjjjjjjjjjjjjjjjjjjjjjjjjjjjj\\c :wjjjjjjjjjkkkkkkkkkkjjjjjjjjjjjjjjjjjjjjjjjjjjjjjjjjjjjjjjjjjjjjjjjjjjjjjjjjjjjkkkkkkkkkkkkjjjjjjjjjjjjjjjjjkkkkkkkkkkkkkkkkkkkkkkkkkkkkkkkkkkkkkkkkkkkkkkkkkkkkkkkkkkkkkkkkkkkkjjjjjjjjjjjjjjjjjjjjjjjjjjjjjjjjjjjjjjjjjjjjjjjjjjjjjjjjjjjjjjjjjjjjjjjjjjjjjjjjjjkkkkkkkkkkkkkkkkkkkkkkkkkkkkkkkkkkj
|<jjjjjjjjjjjjjjjjjjjjjjjjjjjjjjjjjjjjjjjjjjjjjjjjjjjjjjjjjjjjjjjjjjjjjjjjjjjjjjjjjjjjjjjjjjjjjjjjjjjjjjjjjjjjjjjjjjjjjjjjjjjjjjjjjjjjjjjjjjjjjjjjjjjjjjjjjjjjjjjjjjjjjjjkjjjjjjjjjjjjjjjjjjjjjkGggjjjjjjjjjjjjjjjjjjjjjjjjjjjjjjjjjjjjjjjjjjjjjjjjjjjjjjjjjjjjjjjjjjjjjjjjjjjkkkkkkkkkkkkkkkkkkkkkkkkkkkkkkkkkkkkkjjjjjjjjjjjjjjjjjjjjjjjjjjjjjjjjjjjjjjjjjjjjjjjjjjjjjjjjjjjjjjjjjjjjjjjjjjjjjjjjjjjjjjjjjjjjjjjjjjjjjjjjjjjjjjjjjjjjjjjjjjjjjjjjjjjjjjjjjjjjjjjjjjjjjjjjjjjjjjjjjjjjjjjjjjjjjjjjjjjjjjjjj
|<jjjjjjjjjjjjkkkkkkkkkkkkkkkkkkkkkklllllljjjjjjjjkkjjjjjjjjkkkjjjjjjjjjkkjjjjjjjjjjjjjkkkkkkkjkllllllllllllllllllllllllljjjjjjjjjjjjjjjjjjjjjjjjjkkkkkjjjjjjjjjjjjjjjjjjjkkkkkjjjjjjjjjjjjjkkkkkkkkkkkkkkkkkkkkkkkkjkjjjjjjjjjjjjjjjkkjhhhhhhhhhhhhhhhhhhhhhhhhhhhhhhhkvjjjjjj\\c :wjlllllllllllllllllllljlllvwy/\"nNNNnnnnnnnnnnnnnn€ý,€ý.€ku€ku€ku€ku€ku€ku€ku€kd€kd€kd€kd€kd€kd€kd€kd€kd€kd€kd€kd€kd€kd€kd€kd€kd€kd€kd€kd€kd€kd€ku€ku€ku€kr€kr€kr€kr€kr€kr€kr€kr€kr€kr€kr€kr€kr€kr€kd€kd€kd€kd€kd€kd€
|<kd€kd€kd€kd€kd€kd€kd€kd€kd€ku€ku€ku€ku€ku€ku€ku€ku€ku€ku€ku€ku€ku€ku€kdjjjjjj€ku€kl€kl€kl€kl€kl€kl€kl€kl€kl€kl€kl€kl€kl€kl€kl€kl€kl€kl€kl€kl€kl€kl€kl€kl€kl€kl€kl€kl€kl€kl€kl€kl€kl€kl€ku€ku€kuv€kd€kd€kd€kd€kd€kd€kd€kd€ku€ku€ku€ku€ku€ku€ku€ku€ku€ku€kd€kd€kdv€kd€kd€kd€kd€kd€kd€kdduv€kd€kd€kd€kd€kd€kd€kd€kd€kd€kd€kd€kd€kd€kd€kd€kd€kd€kd€kd€kd€kd€kd€kd€kd€kd€kd€kd€kd€kd€kd€kd€kd€kd€kd€kd€kd€kd€kd€kd€kd€kd€kd€kd€kd€kd€kd€kd€kd€kd€kd€kd€kd€kd€kd€kd€kd€kd€kd€kd€kd€kd€kd€kd€kd€kd€kd€kd€kd€kd
|<€kd€kd€kd€kd€kd€kd€kd€kd€kd€kd€kd€kd€kd€kd€kd€kd€kd€kd€kd€kd€kd€kd€kd€kd€kd€kdGG€ku€ku€ku€ku€ku€ku€ku€ku€ku€ku€ku€ku€ku€ku€ku€ku€ku€ku€ku€ku€ku€ku€ku€ku€ku€ku€ku€ku€ku€ku€ku€ku€ku€ku€ku€ku€ku€kd€kd€kd€kd€kd€kd€kd€kd€kd€kd€kd€kd€kd€kd€kd€kd€kd€kd€kd€kd€kd€ku€ku€ku€ku€kd€kd€kd€kd€kd€kd€kd€kd€ku€ku€ku€ku€ku€ku€ku€ku€kd€ku€ku€ku€ku€ku€ku€ku€kddd€kd€kd€kd€kd€ku€kd€kd€kl€kl€kl€kl€kl€kl€kl€klv€kd€kd€kd€kdddd€ku€ku€ku€ku€ku€ku€ku€ku€ku€ku€ku€ku€ku€ku€ku€ku€ku€ku€ku€kuuuv€kd€kd€kd€kdddd€ku:w€k
|<u€ku€ku€ku€ku€ku€ku€ku€ku€ku€ku€ku€ku€ku€ku€ku€ku€ku€ku€ku€ku€ku€ku€ku€ku€ku€ku€ku€ku€ku€ku€ku€ku€ku€ku€ku€ku€ku€ku€ku€ku€ku€ku€ku€ku€ku€ku€ku€ku€ku€ku€ku€ku€ku€ku€ku€ku€ku€ku€ku€ku€ku€ku€ku€ku€ku€ku€ku€ku€ku€ku€ku€ku€ku€ku€ku€ku€ku€ku€ku€ku€ku€ku€ku€ku€ku€ku€ku€ku€ku€ku€ku€ku€ku€ku€ku€ku€ku€ku€ku€ku€ku€ku€ku€ku€ku€ku€ku€ku€ku€ku€ku€ku€ku€ku€ku€ku€ku€ku€ku€ku€ku€ku€ku€ku€ku€ku€ku€ku€ku€ku€ku€ku€ku€ku€ku€ku€ku€ku€ku€ku€ku€ku€ku€ku€ku€ku€ku€ku€ku€ku€ku€kd€kd€kd€kd€kd€kd€kd€kd€kd€kd€kd€kd
|<€kd€kd€ku€ku€ku€ku€ku€ku€ku€ku€ku€ku€ku€ku€ku€ku€ku€ku€ku€ku€ku€ku€ku€ku€ku€ku€ku€ku€kd€kd€kd€kd€kd€kd€kd€kd€kd€kd€kd€kd€kd€kd€kd€kd€kd€kd€kd€kd€kd€kd€kd€kd€kd€kd€kd€ku€kl€kl€kl€kl€kl€kl€kl€kl€kl€kl€kl€ku€ku€ku€ku€ku€ku€ku€ku€ku€kd€kd€kd€kd€kd€kd€kd€kd€kd€kd€ku€ku€ku€ku€ku€ku€ku€ku€ku€ku€ku€ku€kd€kd€kd€kd€kd€kd€kd€kd€kd€kd€kd€kd€kd€kd€kd€kd€kd€ku€ku€ku€ku€ku€ku€ku€ku€ku€ku€ku€ku€ku€ku€kd€kd€kd€kd€kd€kd€kd€kd€kd€kd€kd€ku€ku€ku€ku€ku€ku€ku€ku€ku€ku€ku€ku€ku€ku€ku€ku€ku€ku€ku€ku€ku€ku€ku€
|<ku€ku€ku€ku€ku€ku€ku€ku€ku€ku€ku€ku€ku€ku€ku€ku€ku€ku€ku€ku€ku€ku€ku€ku€ku€ku€ku€ku€ku€ku€ku€ku€ku€ku€ku€ku€ku€ku€kd€kd€kd€kd€kd€kd€kd€kdv€kd€kd€kd€kd€kd€kd€kd€kd€kd€kd#€ku€ku€ku€ku€ku€ku€ku€ku€ku€ku€ku€ku€ku€ku€ku€ku€ku€ku€ku€ku€ku€ku€ku€ku€ku€ku€ku€ku€ku€ku€ku€ku€ku€ku€ku€ku€ku€ku€ku€ku€ku€kdG€ku€ku€ku€ku€ku€ku€ku€ku€ku€ku€ku€ku€ku€ku€ku€ku€ku€ku€ku€ku€ku€ku€ku€ku€ku€ku€ku€ku€ku€ku€ku€ku€ku€ku€ku€ku€ku€ku€ku€ku€ku€ku€ku€ku€ku€ku€ku€ku€ku€ku€ku€ku€ku€ku€ku€ku€ku€ku€ku€ku€ku€ku€kd€
|<kd€kd€kd€kd€kd€kd€kd€kd€kd€kd€kd€kd€kd€kd€kd€kd€kd€kd€kd€kd€kd€kd€kd€kr€kr€kr€kr€kr€kr€kr€kr€kr€kr€kr€kr€kr€kr€kr€kr€kr€kr€kr€kr€kr€kr€kr€kr€kr€kr€kr€kr€kr€kr€kr€kr€kr€ku€ku€ku€ku€ku€ku€ku€kr€kr€kr€kr€kr€kr€kr€kr€kr€kr€kr€kr€kr€kr€kr€kr€kr€kr€kr€kr€kr€kr€kr€kr€kr€kr€kr€kr€kr€kr€kr€kr€kr€kr€kr€kr€kr€kr€kr€kr€kr€kr€kr€kr€kr€kr€kr€kr€kr€kr€kl€kld$€kd€kd€kr€kr€krd$€kd€kd€kd€kd€kd€kdd$€kd€ku€ku€ku€ku€ku€ku€ku€ku€ku€ku€ku€ku€ku€ku€ku€ku€ku€ku€ku€ku€ku€ku€ku€ku€ku€ku€ku€ku€ku€ku€ku€ku€ku€ku€k
|<u€ku€ku€ku€ku€ku€ku€ku€ku€ku€ku€ku€ku€ku€ku€ku€ku€ku€ku€ku€ku€ku€ku€ku€ku€ku€ku€ku€ku€ku€ku€ku€ku€ku€ku€ku€ku€ku€ku€ku€ku€ku€ku€ku€ku€ku€ku€ku€ku€ku€ku€ku€ku€ku€ku€ku€ku€ku€ku€ku€ku€ku€ku€ku€ku€ku€ku€ku€ku€ku€ku€ku€ku€ku€ku€ku€ku€ku€ku€ku€ku€ku€ku€ku€ku€ku€ku€ku€ku€ku€ku€ku€ku€ku€ku€ku€ku€ku€ku€ku€kd€ku€ku€ku€ku€ku€ku€ku€ku€ku€ku€ku€ku€ku€ku€ku€ku€ku€ku€ku€ku€ku€ku€ku€ku€ku€ku€ku€ku€ku€ku€ku€ku€ku€ku€ku€ku€ku€ku€ku€ku€ku€ku€ku\nkjjjjjdddd:wkkkkj\\c kkjjjjjjjjjjjjjjjjjj
|<jjjjjjjkkkkjjjjjjjjjkjjjjjjjjkkkkkkkkkjjjjjjjjjjjjjjjjjjjjjjjjjjjjjjjjjjjjjjjjjkkkkkkkkkkkkhhhhhhhhhkkvjjjjjjjjjj$dddddddddk:wjjjjjjjjjjjjjjjjjjjjjjjjjjjjjjkkkkkkkkkkkkjjjjjjjjjjjjjjjjjjjjjjjjjkkkkkkkjvjjjjj$djddkkjjjjjjjjjjjjjjkkkkkkkkkkkkkdd:w/confignnnnnnnnnnnnnnnnnnnnkkkkkkkkkkkkkkkkkkkkkkkkkkkknnnnnnnn/lo"
"t	CHAR	0
	I# -*- coding: utf-8 -*-
|3,0,29,0,1,0,1529740655,"I# -*- coding: utf-8 -*-"
"u	CHAR	0
	uu:w
|3,0,30,0,1,0,1543053994,"uu:w"
"w	CHAR	0
	6055
<€ku€kr€ý,€ý.hhxxii€kbnetw€kb€kb€kb€kblxicustom hhhhhhrcrC:wjjjjjjjjjjkkkkkkkkkkjjjjjjjjjjjjjjjjjjjjjjjjjjjjjjjjjjjjjjjjjjjjjjjjjjjjjjjjjjjjjjjjjjjjjjjjjjjjjjjjjjjjkkkkjjjjjjjjjjjjjjjjjjjjjjjjjjjjjjjjjjjjjjjjjjjjjjjjjjjjjjjjjjjjjjjjjjjjjjjjjjjjjjjjjjjjjjjjjjjjjjjjjjjjjjjjjjjjjjjjjjjjjjjjjjjkkkkkkkkkkkkkkkkkkkkkkkkkkkkkkkkkkkkkkkkkkkkkkkkkkkkkkkkkkkkkkkkkkkkkkkkkkkkkkkkkkkkkkkkkkkkkkkkkkkkkkkkkkkkkkkkkkkkkkkkkkkkkkkkkkkkkkkkkkkkkkkkkkkkkkkkkkkkkkkkkkkkkkkkkkkkkkkkkkkkkjjjjjjjjjjjjjjjjjjjjjjjjjjjjjjjjjjjjjjjjjjjjjjjjjjjjjjjjjjjjjjjjjjjjjjjjjjjjjjjjjjjjjjjjjjjjjjjjjjjjjjjjjjjjjjjjjjjjjjjjjjjjjjjjjjjjjjjjjjjjjjjjjjjjjjjjjjjjjjjjjjjjjjjjjjjjjjjjjjjjjjjjjjjjkkkkkkkkkkkkkkkkkkkkkkkkkkkkkkkkkkkkkkkkkkkkkkkkkkkkkkkkkkkkkkjkkkkkkkkkkkkkkkkkkkkkkkkkkkkkkkkkkkkkkkkkkkkkkkkkkkkkkkkkkkkkkkkkkkkkkkkkkkkkkjjjjjjjkkkkkkkkkkkkkkkkkkkkkkkkkkkkkkkjjjjjjjjjjjjjjjjhhhhhhhhhhkkkkkkkkkkkkkjjjjjjjjjjjjjhkkkkkkkkkkkkkkkkkkkkkkjjjjjjjjjkkkjjjjjjjjjjjjjjjjhhhhhhhhhjvj$\c :wkkkkkkkkkkkkkkkkkkkkkkkkkkkkkkkkkkkkkkkkkkkkkkkkkkkkkkkkkkkkkkkkkkkkkkkkkkkkkkkkkkkkkkkkkkkkkkkkkkkkkkkkkkkkkkkkkkkkkkkkkkkkkkkkkkkkkkkkkkjjjjjjjjjjjjjjjkkkkkkkkkkkkkkkkkkkkkkkkkkkkkkkkkkkkkkkkkkkkkkkkjjjjjjjjjjjjjjjjjjjjjjjjjjkkkkkkkkkkkkkkkkkkkkkkkkkkkkkkkkkkkjjjjkkkkkkkkkkkkkkkkkkkkkkkkkkkkkkkkkkkkkkkkkkkkkjkkkkkkkkkkkkjjjjjjjkjjjjjjjjjjjjjjjjjjjjjjjjjjjjkkkkkkkkkkkkkkkkkjllllljjjjjjjjjjjjjjjjjjjjkkkkkkkkkkkkkkkkkkkkkkkkkkkkkjjjjjjjjjkkkkjjjjkjjjjjjjjjjjjjjjjjj/from_xmlkkkkkkkkkkkkkkkkkkkkkkkkkkkkkkkkkkkkkkkjjjjjjjjjjjjjjjjjjjjjjjjjjjjjjjjjjjjjjjjjjjjjjjjjjjjjjjjjjjjjjjjjjjjjjjjjjjjjjjjjjjjjjjjjjjjjjjjjjjjjjjjjjjjjjjjjjjjjjjjjjjjjjjjjjjjjjjjjjjjjjjjjjjjjjjjjjjjjjjjjjjjjjjjjjjjjjjjjjjjjjjjjjjjjjjjjjjjjjjjjjjjjjjjjjjjjjjjjjjjjjjjjjjjjjjjjjjjjjjjkkkkkkkkkkkkkkkkkkkkkkkkkkkkkkkkkkkkkkkkkkkkkkkkkkkkkkkkkkkkkkkkkkkkkkkkkkkkkkkkkkkkkkkkkkkkkkkkkkkkkkkkkkkkkkkkkkkkkkkkkkkkkkkkkkkkkkkkkkkkkkkkkkkkkkkkkkkkkkkkkkkkkkkkkkkkkkkkkkkkkkkkkkkkkkkkkkkkkkkkkkkkkkkkkkkkkkkkkkkkkkkkkkkkkkkkkkkkkkkkkkkkkkkkkkkkkkkkkkkkkkkkkkkkkkkkkkkkkkkkkkkjjjjjjjjjjjjjjjjjjjjjjjjjjjjkkhhhhhhhhjjjkkGggjjjjjjjjkoimp	€kb	 pi€kbki€kb€kbik€kbc	Gkgggjjjjjjjjjjjjjjjjjjjjjjjjjjjjjjjjjjjjjjjjjjjjjjjjjjjjjjjjjjjjjjj:wjjjjjjjjkkkkkkkkkkkkkkjjjjjjjjjjjjjjjjjjjjjjjjjjjjjjjjjjjjjjjjjjjjjjjjjjjjjjjjjjjjjjjjjjjjjjjjjjjjjjjjjjjjjjkjjjjjjjjjjkkkkjjjjjjjjjjkkkkllllllllllopik	.dum	(pl€kbal	,€kb,open('€kb€kB€kb;€kB€kb€kb'~/playlistlli,w€kb'wb:w€kd€kl€kl€kl€kl€kl€kl€kl€kl€kl€kl€kl€kl€kl€kl€kl€kl€kl€kl€kl€kl€kl€kl€kl€kl€kl€kl€kl€kl€kl€kl€kl€kl€kl€kl€kl€kl€kl€kl€kl€kli€kb/h€kbh	ga€kb€kb/g	:w€ý,€ý.jjjjjjjjjjjjjkkj\c :w€ý,€ý-€ý.€ý,€ý.jkkkkjjjjjjjjjjjjjjjjjjjjjjjjjjjjkkkkkkkkkkkkkkkkkkkkjjjjjjjkkkjGkkkkkkkkkkkkkkkkkkkkkkkkkkkkkkkkkkkkkkkkkkkkkkjkkkkkkkkkkkkkkkkkkkkkkkkkkkkkkkkkkkkkkkkkkkkkkkkkkkkkkkkkkkkkkkkkkkkkkkkkkkkkkkkkjjjjjjjjjjjjjjjjjjjjjjkkkkkkkkkkkkkkkkkkkkkkkkkkkkkkkkkkkjjjjjjjjjjjjjjjjjjjjjjjjkkkkkkkkkkkkkkkkkkkkkkkkkkkkkkkkkkkkkjjjjjjjjkkkkkkkkkkkkkkkkkkkkkkkjjjllllllllllllllljjjjjjjjjjjjjjjjjjjkkkkkkkkkkkkkkkkkkkkkkkkkkkkkkkkkkkkkkkkkkkkkkkkkkkkkkkkkjjjjjjjjjjjjjkkkjkkkkkkkkkkkkkkkkkkkkkkjkkkkkkkkkkkkkkkkkkkkkkkkkkkkkkkkkkkkkkkkkkkkkkkkkkkkkkkkkkkkkkkkkkkkkkkkkkkkkkkkkkkkkkkkkkjjjjjjjjkkkkkkkkkkkkkkkkkkkkkkkkkkkkkkkkkkkkkkkkkkkkkkkkkkkkkkkkkkkkkkjjjjjjjjjjjjjjjjjjjjkkkkkkkkkkkkkkkkkkkkkkkkkkkkkkkkkkkkkjjjjjjjjkkkkkkkjjjjjjjjjjjjjjjjjjjjjjjjjjjjjjjjjjkkkkkkkkkkjkkkkkkkkkkkkkkkkkkkkkkkkkkkkkkjjjjjjjjjjknnnnnnnnjjjjjjjjjjjjjjjjjjjjjjjjjjjjjjjjjjjjjjjjjjjjjjjjjjjjjjjjjjjjjjjjjjjjjjjjjjjjjjjjjjjjjjjjjjjjjjjjjjjjjjjjjjjjjjjjjjjjjjjjjjjjjjjjjjjjjjjjjjjjjjjjjjjjkjjjjjjjjjjjjjjjjjjjjjjjjjjjjjjjjjjjjjjjjjjjjjjjjjjjjjjjjjjjjjjjjjjjjjjjjjjjjjjjjjjjjjjjjjjjkkkkkkkkkkkkkkkkkkkkkkkkkkkkkk/pick	€kbnyykkkkkkkkkkkkkkkkkkGggkjjjjjjjjjjjjjjjjjjjjjjjjjjjjjjjjjjjjjjjjjjjjjjjjjjjjjjjjjjjjjjjjjkkkkkkkkkkkkkkkllllllllllllljjkojjjjkkkki		pkj\c kjkddllllllllllllixxhxxxxxxxxxxires	:wkk:wjjyyjpkkddjllllllllllllll:wjjjjjjjjjjjjjjjjjjjjjjjjjjjjjjjjjjjjjjjjkkkkkkkkkkkkkkkkkkkkkkkkkkkkkkkkkkkkkkkkkkkkkkkkjjjjjjjjjkkkkkkkkkkkkkkkkkkkkkkkkkkkkkkkkkkkkkkkkkkkkkkkkjjjjjjjjjjjjjjjjjjjjjjjjjjjjjjjjjjjjjjjjjjjjjjjjjjjjjjjjjjjjjjjjjjjjjjjjjjjjjjjjjjjjjjjjjjjjjjjjjjjjjjjjjjjkkkjjjjjjjjjjjjjjkkkkkkkkkkkkkkkkkkkkkkkkkkkkkkkkkkkkkkkkkkkkkkkkkkkkkkkkkkkkkkkkkkkkkkkkkkkkkjjjjjjjkkkllllllllllllllllllllllllllllllllllllljkjjkkjjjjkkk\c :wjjjjjjjjjjjjjjjkkjjjjjjjjjjjjjjjjjjjjjjjjjjjjjjjjjjjjjjjjjjjjjjjjjjjjjjjjjjjjkkkkkkkkkkkkkkkkkkkkkkkkkkkkkkkkkkkkkkkjjjjjjjjjjjjjjjjjjjjjjjjjjjjjjjjjjjjjjjjjjjjjjjjjjjjjjjjjjjjjjjjjjjjjjjjjjjjjjjjjjjjjjjjjjjjjjjjjjjkkkkkkkkkkkkkkkkkkkkkkkkkkkkkkjjjjjjjjjjjjjjjjjjjjjjjjkkkkkkkkkkkkkkkkkkkkkkkkkkkkkkkkkkkkkkkkkkkkkkkkkkkjjjjjjjjjjjjjjjjjjjjjjjjjjjjjjjjjjjkkkkkkkkkkkkkkkkkkkkkkkkkkkkkkkkkkkkkkjjjjkhhhhhhhhhjkhhvwy/"kkkkkkkkkkkkkkkkkkkkkkkkjjjjjjjjjjjjjjjjjjjjjjjjjjjjjjjjjjjjjkkkkkkkkkkkkkhhhhhhhhhh$hhhhhhhhhhhhhhhhhhhhhhhhhyyjjkhhhhhhhhhhhhhhhhhhhhhkvjj$ykkkkkkkkkkkkkkkkkkkkkkkkkkkkkkkkkkkkkkkjjjjjjjjjjjjjjjjjjjjjjjjjjjjjjjjjjjjjjjjjjjjjjjjjjjjjjjjjjjjjjjjjjjjjjjjjjjjjjjjjjjjjjjjjjjjjjjjjjjjjjjjjjjkkkkkkkkkkkkkkkjjjjjjjjjjjjjjjjjjjjjjjjjjjjjjjjjjjjjjkkkkkkkkkkkkkkkkkkkkkkkkkkkkkkjjjjjjjjjjjjjjjjjjjjjjjjjjjjjjjjjjjjjjjjjjjjjjjjjjjjjjjjjjjjjkkkkkkkkkkkkkkkkkkkkkkkkkjjkkkkkkkjjjjjjjjjjjjjjjjjjjjjjjjjjjjjjjjjjjjjjjjjjjjjjjjjjjjjjjjjjjjjkkkkkkkkkkkkkkjjjjjkljjjjjjkopklllllllljli€kb:wkojhhhhhhhhvjjj\c :wkkjjjjjjjjjjjjjjjjjjjjjjjjjjjjjjjjjjjjjjjjjjjjjjjjjjjkkkkkkkkkkkkkkjjkkkkkkkkkkkkkkkkkkkkkkkkkkkkkkkkkkkkkkkkkkkkkkkkkkkkjjjjjjjlllllllllllpujdd:wkgGggjjjjjjjjjjjjjjjjjjjjjjjjjjjjjjjjjjjjjjjjjjjjjjjjjjjjjjj/o€kbpickyyG/path€kb€kb€kb€kbconfignnnnnnnjjjjjjjjjkkkkkkkkkkkjkkkkjkkkkkkkjkkkkkkkkkkkkkkkkkkkkkkkkkkkkkkkkkkkkkkkkkkkkkkkkkkkkkkkkjjjjjjjjjjjjop€kbpkdd\c lllllllllllldwipath:w€k;:wjjjjjjjjjjjjjjjjjjjjjjjkkkkkkkkkkkkkkkkkkkkkkkkkkkkjjjjjjjjjjjjjjjjjjjjjjjjjjjjjjjjjjjjjjjjjjjjjjjjjkkkkkkkkkkkkjjjjjjjjjjjjjjjjjjjjjjkkkkkkkkkkkkkkkkkkkkkkkkkkkkkkkkkkkkkkkkkkkkkkkkkkkkkkkkkkkkkkjjjjjjjj\c /picklennnnnnnyyjjjjjjjjjjjjjjjjjjjjjjjjjjjjjjjjjjjjjjjjjjjjjjjjjjjjjjjkkkkkkkjopkj\c lllllllllllllllhhhxxxxim3u	:w
|3,0,32,0,1,0,1542817777,>6063
|<"€ku€kr€ý,€ý.hhxxii€kbnetw€kb€kb€kb€kblxicustom hhhhhhrcrC:wjjjjjjjjjjkkkkkkkkkkjjjjjjjjjjjjjjjjjjjjjjjjjjjjjjjjjjjjjjjjjjjjjjjjjjjjjjjjjjjjjjjjjjjjjjjjjjjjjjjjjjjjkkkkjjjjjjjjjjjjjjjjjjjjjjjjjjjjjjjjjjjjjjjjjjjjjjjjjjjjjjjjjjjjjjjjjjjjjjjjjjjjjjjjjjjjjjjjjjjjjjjjjjjjjjjjjjjjjjjjjjjjjjjjjjjkkkkkkkkkkkkkkkkkkkkkkkkkkkkkkkkkkkkkkkkkkkkkkkkkkkkkkkkkkkkkkkkkkkkkkkkkkkkkkkkkkkkkkkkkkkkkkkkkkkkkkkkkkkkkkkkkkkkkkkkkkkkkkkkkkkkkkkkkkkkkkkkkkkkkkkkkkkkkkkkkkkkkkkkkkkkkkkkkkkkkjjjjjjjjjjjjjj
|<jjjjjjjjjjjjjjjjjjjjjjjjjjjjjjjjjjjjjjjjjjjjjjjjjjjjjjjjjjjjjjjjjjjjjjjjjjjjjjjjjjjjjjjjjjjjjjjjjjjjjjjjjjjjjjjjjjjjjjjjjjjjjjjjjjjjjjjjjjjjjjjjjjjjjjjjjjjjjjjjjjjjjjjjjjjjjjkkkkkkkkkkkkkkkkkkkkkkkkkkkkkkkkkkkkkkkkkkkkkkkkkkkkkkkkkkkkkkjkkkkkkkkkkkkkkkkkkkkkkkkkkkkkkkkkkkkkkkkkkkkkkkkkkkkkkkkkkkkkkkkkkkkkkkkkkkkkkjjjjjjjkkkkkkkkkkkkkkkkkkkkkkkkkkkkkkkjjjjjjjjjjjjjjjjhhhhhhhhhhkkkkkkkkkkkkkjjjjjjjjjjjjjhkkkkkkkkkkkkkkkkkkkkkkjjjjjjjjjkkkjjjjjjjjjjjjjjjjhhhhhhhhhjvj$\\c :wkkkkkkkkkkkkkk
|<kkkkkkkkkkkkkkkkkkkkkkkkkkkkkkkkkkkkkkkkkkkkkkkkkkkkkkkkkkkkkkkkkkkkkkkkkkkkkkkkkkkkkkkkkkkkkkkkkkkkkkkkkkkkkkkkkkkkkkkkkkkkjjjjjjjjjjjjjjjkkkkkkkkkkkkkkkkkkkkkkkkkkkkkkkkkkkkkkkkkkkkkkkkjjjjjjjjjjjjjjjjjjjjjjjjjjkkkkkkkkkkkkkkkkkkkkkkkkkkkkkkkkkkkjjjjkkkkkkkkkkkkkkkkkkkkkkkkkkkkkkkkkkkkkkkkkkkkkjkkkkkkkkkkkkjjjjjjjkjjjjjjjjjjjjjjjjjjjjjjjjjjjjkkkkkkkkkkkkkkkkkjllllljjjjjjjjjjjjjjjjjjjjkkkkkkkkkkkkkkkkkkkkkkkkkkkkkjjjjjjjjjkkkkjjjjkjjjjjjjjjjjjjjjjjj/from_xmlkkkkkkkkkkkkkkkkkkkkkkkk
|<kkkkkkkkkkkkkkkjjjjjjjjjjjjjjjjjjjjjjjjjjjjjjjjjjjjjjjjjjjjjjjjjjjjjjjjjjjjjjjjjjjjjjjjjjjjjjjjjjjjjjjjjjjjjjjjjjjjjjjjjjjjjjjjjjjjjjjjjjjjjjjjjjjjjjjjjjjjjjjjjjjjjjjjjjjjjjjjjjjjjjjjjjjjjjjjjjjjjjjjjjjjjjjjjjjjjjjjjjjjjjjjjjjjjjjjjjjjjjjjjjjjjjjjjjjjjjjjkkkkkkkkkkkkkkkkkkkkkkkkkkkkkkkkkkkkkkkkkkkkkkkkkkkkkkkkkkkkkkkkkkkkkkkkkkkkkkkkkkkkkkkkkkkkkkkkkkkkkkkkkkkkkkkkkkkkkkkkkkkkkkkkkkkkkkkkkkkkkkkkkkkkkkkkkkkkkkkkkkkkkkkkkkkkkkkkkkkkkkkkkkkkkkkkkkkkkkkkkkkkkkkkkkkkkkkkkkkkkkkkkkkkkkkkkkk
|<kkkkkkkkkkkkkkkkkkkkkkkkkkkkkkkkkkkkkkkkkkkkkkkkjjjjjjjjjjjjjjjjjjjjjjjjjjjjkkhhhhhhhhjjjkkGggjjjjjjjjkoimp	€kb	 pi€kbki€kb€kbik€kbc	Gkgggjjjjjjjjjjjjjjjjjjjjjjjjjjjjjjjjjjjjjjjjjjjjjjjjjjjjjjjjjjjjjjj:wjjjjjjjjkkkkkkkkkkkkkkjjjjjjjjjjjjjjjjjjjjjjjjjjjjjjjjjjjjjjjjjjjjjjjjjjjjjjjjjjjjjjjjjjjjjjjjjjjjjjjjjjjjjjkjjjjjjjjjjkkkkjjjjjjjjjjkkkkllllllllllopik	.dum	(pl€kbal	,€kb,open('€kb€kB€kb;€kB€kb€kb'~/playlistlli,w€kb'wb:w€kd€kl€kl€kl€kl€kl€kl€kl€kl€kl€kl€kl€kl€kl€kl€kl€kl€kl€kl€k
|<l€kl€kl€kl€kl€kl€kl€kl€kl€kl€kl€kl€kl€kl€kl€kl€kl€kl€kl€kl€kl€kli€kb/h€kbh	ga€kb€kb/g	:w€ý,€ý.jjjjjjjjjjjjjkkj\\c :w€ý,€ý-€ý.€ý,€ý.jkkkkjjjjjjjjjjjjjjjjjjjjjjjjjjjjkkkkkkkkkkkkkkkkkkkkjjjjjjjkkkjGkkkkkkkkkkkkkkkkkkkkkkkkkkkkkkkkkkkkkkkkkkkkkkjkkkkkkkkkkkkkkkkkkkkkkkkkkkkkkkkkkkkkkkkkkkkkkkkkkkkkkkkkkkkkkkkkkkkkkkkkkkkkkkkkjjjjjjjjjjjjjjjjjjjjjjkkkkkkkkkkkkkkkkkkkkkkkkkkkkkkkkkkkjjjjjjjjjjjjjjjjjjjjjjjjkkkkkkkkkkkkkkkkkkkkkkkkkkkkkkkkkkkkkjjjjjjjjkkkkkkkkkkkkkkkkkkkkkkkjjjllllllll
|<llllllljjjjjjjjjjjjjjjjjjjkkkkkkkkkkkkkkkkkkkkkkkkkkkkkkkkkkkkkkkkkkkkkkkkkkkkkkkkkjjjjjjjjjjjjjkkkjkkkkkkkkkkkkkkkkkkkkkkjkkkkkkkkkkkkkkkkkkkkkkkkkkkkkkkkkkkkkkkkkkkkkkkkkkkkkkkkkkkkkkkkkkkkkkkkkkkkkkkkkkkkkkkkkkjjjjjjjjkkkkkkkkkkkkkkkkkkkkkkkkkkkkkkkkkkkkkkkkkkkkkkkkkkkkkkkkkkkkkkjjjjjjjjjjjjjjjjjjjjkkkkkkkkkkkkkkkkkkkkkkkkkkkkkkkkkkkkkjjjjjjjjkkkkkkkjjjjjjjjjjjjjjjjjjjjjjjjjjjjjjjjjjkkkkkkkkkkjkkkkkkkkkkkkkkkkkkkkkkkkkkkkkkjjjjjjjjjjknnnnnnnnjjjjjjjjjjjjjjjjjjjjjjjjjjjjjjjjjjjjjjj
|<jjjjjjjjjjjjjjjjjjjjjjjjjjjjjjjjjjjjjjjjjjjjjjjjjjjjjjjjjjjjjjjjjjjjjjjjjjjjjjjjjjjjjjjjjjjjjjjjjjjjjjjjjjjjjkjjjjjjjjjjjjjjjjjjjjjjjjjjjjjjjjjjjjjjjjjjjjjjjjjjjjjjjjjjjjjjjjjjjjjjjjjjjjjjjjjjjjjjjjjjjkkkkkkkkkkkkkkkkkkkkkkkkkkkkkk/pick	€kbnyykkkkkkkkkkkkkkkkkkGggkjjjjjjjjjjjjjjjjjjjjjjjjjjjjjjjjjjjjjjjjjjjjjjjjjjjjjjjjjjjjjjjjjkkkkkkkkkkkkkkkllllllllllllljjkojjjjkkkki		pkj\\c kjkddllllllllllllixxhxxxxxxxxxxires	:wkk:wjjyyjpkkddjllllllllllllll:wjjjjjjjjjjjjjjjjjjjjjjjjjjj
|<jjjjjjjjjjjjjkkkkkkkkkkkkkkkkkkkkkkkkkkkkkkkkkkkkkkkkkkkkkkkkjjjjjjjjjkkkkkkkkkkkkkkkkkkkkkkkkkkkkkkkkkkkkkkkkkkkkkkkkjjjjjjjjjjjjjjjjjjjjjjjjjjjjjjjjjjjjjjjjjjjjjjjjjjjjjjjjjjjjjjjjjjjjjjjjjjjjjjjjjjjjjjjjjjjjjjjjjjjjjjjjjjjkkkjjjjjjjjjjjjjjkkkkkkkkkkkkkkkkkkkkkkkkkkkkkkkkkkkkkkkkkkkkkkkkkkkkkkkkkkkkkkkkkkkkkkkkkkkkkjjjjjjjkkkllllllllllllllllllllllllllllllllllllljkjjkkjjjjkkk\\c :wjjjjjjjjjjjjjjjkkjjjjjjjjjjjjjjjjjjjjjjjjjjjjjjjjjjjjjjjjjjjjjjjjjjjjjjjjjjjjkkkkkkkkkkkkkkkkkkkkkkkkkkk
|<kkkkkkkkkkkkjjjjjjjjjjjjjjjjjjjjjjjjjjjjjjjjjjjjjjjjjjjjjjjjjjjjjjjjjjjjjjjjjjjjjjjjjjjjjjjjjjjjjjjjjjjjjjjjjjjkkkkkkkkkkkkkkkkkkkkkkkkkkkkkkjjjjjjjjjjjjjjjjjjjjjjjjkkkkkkkkkkkkkkkkkkkkkkkkkkkkkkkkkkkkkkkkkkkkkkkkkkkjjjjjjjjjjjjjjjjjjjjjjjjjjjjjjjjjjjkkkkkkkkkkkkkkkkkkkkkkkkkkkkkkkkkkkkkkjjjjkhhhhhhhhhjkhhvwy/\"kkkkkkkkkkkkkkkkkkkkkkkkjjjjjjjjjjjjjjjjjjjjjjjjjjjjjjjjjjjjjkkkkkkkkkkkkkhhhhhhhhhh$hhhhhhhhhhhhhhhhhhhhhhhhhyyjjkhhhhhhhhhhhhhhhhhhhhhkvjj$ykkkkkkkkkkkkkkkkkkkkkkkkkkkkkk
|<kkkkkkkkkjjjjjjjjjjjjjjjjjjjjjjjjjjjjjjjjjjjjjjjjjjjjjjjjjjjjjjjjjjjjjjjjjjjjjjjjjjjjjjjjjjjjjjjjjjjjjjjjjjjjjjjjjjjkkkkkkkkkkkkkkkjjjjjjjjjjjjjjjjjjjjjjjjjjjjjjjjjjjjjjkkkkkkkkkkkkkkkkkkkkkkkkkkkkkkjjjjjjjjjjjjjjjjjjjjjjjjjjjjjjjjjjjjjjjjjjjjjjjjjjjjjjjjjjjjjkkkkkkkkkkkkkkkkkkkkkkkkkjjkkkkkkkjjjjjjjjjjjjjjjjjjjjjjjjjjjjjjjjjjjjjjjjjjjjjjjjjjjjjjjjjjjjjkkkkkkkkkkkkkkjjjjjkljjjjjjkopklllllllljli€kb:wkojhhhhhhhhvjjj\\c :wkkjjjjjjjjjjjjjjjjjjjjjjjjjjjjjjjjjjjjjjjjjjjjjjjjjjjkkkkkkk
|<kkkkkkkjjkkkkkkkkkkkkkkkkkkkkkkkkkkkkkkkkkkkkkkkkkkkkkkkkkkkkjjjjjjjlllllllllllpujdd:wkgGggjjjjjjjjjjjjjjjjjjjjjjjjjjjjjjjjjjjjjjjjjjjjjjjjjjjjjjj/o€kbpickyyG/path€kb€kb€kb€kbconfignnnnnnnjjjjjjjjjkkkkkkkkkkkjkkkkjkkkkkkkjkkkkkkkkkkkkkkkkkkkkkkkkkkkkkkkkkkkkkkkkkkkkkkkkkkkkkkkkjjjjjjjjjjjjop€kbpkdd\\c lllllllllllldwipath:w€k;:wjjjjjjjjjjjjjjjjjjjjjjjkkkkkkkkkkkkkkkkkkkkkkkkkkkkjjjjjjjjjjjjjjjjjjjjjjjjjjjjjjjjjjjjjjjjjjjjjjjjjkkkkkkkkkkkkjjjjjjjjjjjjjjjjjjjjjjkkkkkkkkkkkkkk
|<kkkkkkkkkkkkkkkkkkkkkkkkkkkkkkkkkkkkkkkkkkkkkkkkjjjjjjjj\\c /picklennnnnnnyyjjjjjjjjjjjjjjjjjjjjjjjjjjjjjjjjjjjjjjjjjjjjjjjjjjjjjjjkkkkkkkjopkj\\c lllllllllllllllhhhxxxxim3u	:w"
"-	CHAR	0
	 
|3,0,36,0,1,0,1544479874," "

# Buffer list:
%~/.config/mpv/playlist.m3u8	7	0

# History of marks within files (newest to oldest):

> ~/.config/mpv/playlist.m3u8
	*	1544483773	0
	"	7	0
	.	116	0
	+	241	0
	+	100	0
	+	98	0
	+	97	49
	+	2	0
	+	86	0
	+	116	0
	+	116	34
	+	116	144
	+	241	0
	+	141	0
	+	116	0

> ~/Code/C/ex16.c
	*	1544480233	0
	"	41	0
	^	65	11
	.	1	0
	+	1	19
	+	1	0
	+	1	15
	+	1	11
	+	1	2
	+	1	0
	+	1	72
	+	1	0
	+	1	54
	+	1	23
	+	1	27
	+	1	11
	+	1	0
	+	1	36
	+	1	21
	+	1	17
	+	1	10
	+	1	0
	+	1	34
	+	1	32
	+	1	0
	+	1	32
	+	1	0
	+	1	5
	+	1	39
	+	1	1
	+	1	0
	+	1	30
	+	1	60
	+	1	0
	+	1	61
	+	1	48
	+	1	16
	+	1	0
	+	1	3
	+	1	0
	+	1	49
	+	1	21
	+	1	23
	+	1	0
	+	1	18
	+	1	0
	+	1	19
	+	1	21
	+	1	23
	+	1	9
	+	1	0
	+	1	23
	+	15	0
	+	1	0
	+	6	0
	+	5	0
	+	1	0
	+	22	0
	+	19	27
	+	20	0
	+	21	18
	+	1	0
	+	21	0
	+	19	0
	+	45	0
	+	1	0
	+	65	10
	+	1	0

> ~/.vim/vimrc
	*	1544479936	0
	"	72	0
	^	75	21
	.	75	20
	+	75	20

> .vim/vimrc
	*	1544479904	0
	"	1	0

> ~/test2.c
	*	1544479145	0
	"	11	0
	.	1	0
	+	1	18
	+	1	0
	+	1	18
	+	1	0
	+	1	18
	+	1	0

> ~/test.c
	*	1544477491	0
	"	10	0
	^	9	12
	.	9	11
	+	3	0
	+	2	1
	+	2	0
	+	4	4
	+	2	6
	+	5	4
	+	5	3
	+	7	8
	+	10	3
	+	2	3
	+	10	5
	+	2	5
	+	2	4
	+	2	3
	+	2	0
	+	5	0
	+	7	0
	+	10	0
	+	2	0
	+	3	0
	+	1	17
	+	1	0
	+	2	4
	+	1	0
	+	4	12
	+	10	0
	+	8	27
	+	5	0
	+	8	33
	+	1	0
	+	9	9
	+	1	0
	+	5	13
	+	9	10
	+	4	12
	+	7	0
	+	6	2
	+	5	10
	+	6	2
	+	1	0
	+	2	2
	+	9	11

> ~/Code/C/NERD_tree_1
	*	1544473451	0
	"	4	0
	.	1	0
	+	1	0

> ~/NERD_tree_1
	*	1543940701	0
	"	4	0
	.	1	0
	+	1	0

> ~/Code/C/ex15.c
	*	1543416516	0
	"	1	0
	.	1	0
	+	1	18
	+	1	30
	+	1	34
	+	1	18
	+	1	39
	+	1	1
	+	1	0
	+	1	39
	+	1	30
	+	1	37
	+	1	82
	+	1	0
	+	1	60
	+	1	0
	+	1	61
	+	1	16
	+	1	48
	+	1	7
	+	1	0
	+	1	20
	+	1	24
	+	1	0
	+	1	28
	+	1	62
	+	1	0
	+	1	81
	+	1	0
	+	1	59
	+	1	0
	+	1	9
	+	1	0
	+	1	4
	+	1	0

> ~/NERD_tree_2
	*	1543414695	0
	"	15	0
	.	1	0
	+	1	0
