# This viminfo file was generated by Vim 8.1.
# You may edit it if you're careful!

# Viminfo version
|1,4

# Value of 'encoding' when this file was written
*encoding=utf-8


# hlsearch on (H) or off (h):
~h
# Last Search Pattern:
~MSle0/jupyter_auto_connect

# Last Substitute Search Pattern:
~MSle0~&jupyter_auto_connect

# Last Substitute String:
$rsync -av --delete

# Command Line History (newest to oldest):
:q
|2,0,1549900335,,"q"
:w
|2,0,1549900335,,"w"
:g:j
|2,0,1549900257,,"g:j"
:JupyterConnect
|2,0,1549900023,,"JupyterConnect"
:echo maplocalleader
|2,0,1549899626,,"echo maplocalleader"
:echo mapleader
|2,0,1549898842,,"echo mapleader"
:echo map leader
|2,0,1549898817,,"echo map leader"
:echo 
|2,0,1549898808,,"echo "
:JupyterUpdateShell
|2,0,1549897834,,"JupyterUpdateShell"
:[5]JupyterSendCount
|2,0,1549897726,,"[5]JupyterSendCount"
:5 JupyterSendCount
|2,0,1549897712,,"5 JupyterSendCount"
:JupyterSendCount [5]
|2,0,1549897705,,"JupyterSendCount [5]"
:JupyterSendCount 5
|2,0,1549897680,,"JupyterSendCount 5"
:JupyterSendCount
|2,0,1549897671,,"JupyterSendCount"
:JupyterSendCount 6
|2,0,1549897643,,"JupyterSendCount 6"
:JupyterSendCount 7
|2,0,1549897632,,"JupyterSendCount 7"
:'<,'>JupyterSendRange
|2,0,1549897603,,"'<,'>JupyterSendRange"
:JupyterSendCell
|2,0,1549897554,,"JupyterSendCell"
:[4-7]JupyterSendRange
|2,0,1549897333,,"[4-7]JupyterSendRange"
:JupyterSendRange[4,7]
|2,0,1549897320,,"JupyterSendRange[4,7]"
:JupyterSendRange[4-7]
|2,0,1549897305,,"JupyterSendRange[4-7]"
:JupyterSendCount 5,6
|2,0,1549897168,,"JupyterSendCount 5,6"
:JupyterSendCount 5 6
|2,0,1549897164,,"JupyterSendCount 5 6"
:JupyterSendCount 5-6
|2,0,1549897160,,"JupyterSendCount 5-6"
:JupyterSendCode {'print ('kkk')'}
|2,0,1549897109,,"JupyterSendCode {'print ('kkk')'}"
:JupyterSendCode {}
|2,0,1549897082,,"JupyterSendCode {}"
:JupyterSendCode {'c = 6'}
|2,0,1549897016,,"JupyterSendCode {'c = 6'}"
:JupyterSendCode {c = 6}
|2,0,1549897008,,"JupyterSendCode {c = 6}"
:JupyterSendCode
|2,0,1549896996,,"JupyterSendCode"
:JupyterImportThisFile
|2,0,1549896923,,"JupyterImportThisFile"
:JupyterCd /home/gaffey/Code/
|2,0,1549896596,,"JupyterCd /home/gaffey/Code/"
:w test.txt
|2,0,1549896407,,"w test.txt"
:help jupyter-vim
|2,0,1549896389,,"help jupyter-vim"
:JupyterSendRange
|2,0,1549896342,,"JupyterSendRange"
:'<,'>JupyterSendCount 5,6
|2,0,1549896323,,"'<,'>JupyterSendCount 5,6"
:'<,'>JupyterSendCell
|2,0,1549896280,,"'<,'>JupyterSendCell"
:JupyterRunFile
|2,0,1549896137,,"JupyterRunFile"
:JupyterCd
|2,0,1549896019,,"JupyterCd"
:'<,'>
|2,0,1549896001,,"'<,'>"
:JupyterSendCode {'test'}
|2,0,1549895438,,"JupyterSendCode {'test'}"
:JupyterSendCode %
|2,0,1549895345,,"JupyterSendCode %"
:PlugInstall
|2,0,1549895120,,"PlugInstall"
:q!
|2,0,1547829036,,"q!"
:noh
|2,0,1545660306,,"noh"
:hol
|2,0,1545660210,,"hol"
:nohl
|2,0,1545659919,,"nohl"
:Noh
|2,0,1545559872,,"Noh"
:wq
|2,0,1545419732,,"wq"
:ii
|2,0,1545419446,,"ii"
::
|2,0,1545419446,,":"

# Search String History (newest to oldest):
?/let
|2,1,1549898940,47,"let"
? \<compare_cb\>
|2,1,1545661091,,"\\<compare_cb\\>"
? }
|2,1,1545660303,,"}"
? \<int\>
|2,1,1545660198,,"\\<int\\>"
? \<b\>
|2,1,1545659915,,"\\<b\\>"
? \<exit\>
|2,1,1545559867,,"\\<exit\\>"
? \<1\>
|2,1,1545559859,,"\\<1\\>"
? \<Connection\>
|2,1,1545055933,,"\\<Connection\\>"
? \<conn\>
|2,1,1544970622,,"\\<conn\\>"
? \<atoi\>
|2,1,1544970554,,"\\<atoi\\>"
? \<case\>
|2,1,1544970384,,"\\<case\\>"
? \<if\>
|2,1,1544970340,,"\\<if\\>"
? \<db\>
|2,1,1544968831,,"\\<db\\>"
? \<message\>
|2,1,1544898699,,"\\<message\\>"
? \<addr\>
|2,1,1544898689,,"\\<addr\\>"
? \<Database\>
|2,1,1544898686,,"\\<Database\\>"
? \<struct\>
|2,1,1544898661,,"\\<struct\\>"
? {
|2,1,1544898656,,"{"
? \<errno\>
|2,1,1544898623,,"\\<errno\\>"
? \<void\>
|2,1,1544898615,,"\\<void\\>"
? \<printf\>
|2,1,1544898593,,"\\<printf\\>"
? \<Address_print\>
|2,1,1544898583,,"\\<Address_print\\>"
? \<email\>
|2,1,1544898520,,"\\<email\\>"
? );
|2,1,1544898377,,");"
? )
|2,1,1544898374,,")"
? \<140\>
|2,1,1543938516,,"\\<140\\>"
? \<who\>
|2,1,1543938113,,"\\<who\\>"
? ;
|2,1,1543938111,,";"
? \<name\>
|2,1,1543938096,,"\\<name\\>"
?/ja
|2,1,1543332586,47,"ja"
?/jav
|2,1,1543332584,47,"jav"
?/s
|2,1,1543130709,47,"s"
? \\
|2,1,1543089279,,"\\\\"
?/curser
|2,1,1542896083,47,"curser"
?/cursoradio
|2,1,1542896076,47,"cursoradio"
?/self.flat
|2,1,1542893076,47,"self.flat"
?/TODO
|2,1,1542820564,47,"TODO"
?/todu
|2,1,1542820542,47,"todu"
?/pickle
|2,1,1542817745,47,"pickle"
?/config
|2,1,1542817580,47,"config"
?/pick
|2,1,1542817570,47,"pick"
?/OPMLAudio
|2,1,1542817395,47,"OPMLAudio"
?/from_xml
|2,1,1542816365,47,"from_xml"
?/libpath
|2,1,1542815585,47,"libpath"
?/libpaht
|2,1,1542815580,47,"libpaht"
?/CONFIG_DEFAULT
|2,1,1542814576,47,"CONFIG_DEFAULT"
?/self.config
|2,1,1542814370,47,"self.config"
?/load_config
|2,1,1542814325,47,"load_config"
?/lo
|2,1,1542814303,47,"lo"
? \<return\>
|2,1,1542814124,,"\\<return\\>"

# Expression History (newest to oldest):

# Input Line History (newest to oldest):
@y
|2,3,1543055481,,"y"
@/home/gaffey/Code/C_language/Lesson_one.c
|2,3,1539445334,,"/home/gaffey/Code/C_language/Lesson_one.c"
@/lost+found/
|2,3,1538371530,,"/lost+found/"
@/home/gaffey/Learn/Util/ThreadUtil.py
|2,3,1529935916,,"/home/gaffey/Learn/Util/ThreadUtil.py"
@/home/gaffey/Learn/Util/BpyUtil.py
|2,3,1529935480,,"/home/gaffey/Learn/Util/BpyUtil.py"

# Debug Line History (newest to oldest):

# Registers:
""0	LINE	0
	RRRRRR
|3,1,0,1,1,0,1549900247,"RRRRRR"
"1	LINE	0
	RRRRRR
|3,0,1,1,1,0,1549899863,"RRRRRR"
"2	LINE	0
	RRRRRR
|3,0,2,1,1,0,1549899278,"RRRRRR"
"3	LINE	0
	    import pdb; pdb.set_trace()
|3,0,3,1,1,0,1549899148,"    import pdb; pdb.set_trace()"
"4	LINE	0
	    import pdb; pdb.set_trace()
|3,0,4,1,1,0,1549899147,"    import pdb; pdb.set_trace()"
"5	LINE	0
	&&
|3,0,5,1,1,0,1549898688,"&&"
"6	LINE	0
	
|3,0,6,1,1,0,1549895925,""
"7	LINE	0
	print ('test') 
|3,0,7,1,1,0,1549895924,"print ('test') "
"8	LINE	0
	Restart=on-failure
|3,0,8,1,1,0,1548434878,"Restart=on-failure"
"9	LINE	0
	#ExecReload=-/bin/killall ss-local;/usr/sbin/bash /home/gaffey/.config/privarcy/PreLogin 
|3,0,9,1,1,0,1548434869,"#ExecReload=-/bin/killall ss-local;/usr/sbin/bash /home/gaffey/.config/privarcy/PreLogin "
"a	LINE	0
	Traceback (most recent call last):
	  File "/usr/lib/python3.6/site-packages/yapf/yapflib/pytree_utils.py", line 115, in ParseCodeToTree
	    tree = parser_driver.parse_string(code, debug=False)
	  File "/usr/lib/python3.6/lib2to3/pgen2/driver.py", line 107, in parse_string
	    return self.parse_tokens(tokens, debug)
	  File "/usr/lib/python3.6/lib2to3/pgen2/driver.py", line 72, in parse_tokens
	    if p.addtoken(type, value, (prefix, start)):
	  File "/usr/lib/python3.6/lib2to3/pgen2/parse.py", line 159, in addtoken
	    raise ParseError("bad input", type, value, context)
	lib2to3.pgen2.parse.ParseError: bad input: type=22, value='=', context=('', (36, 15))
	
	During handling of the above exception, another exception occurred:
	
	Traceback (most recent call last):
	  File "/usr/lib/python3.6/site-packages/yapf/yapflib/pytree_utils.py", line 121, in ParseCodeToTree
	    tree = parser_driver.parse_string(code, debug=False)
	  File "/usr/lib/python3.6/lib2to3/pgen2/driver.py", line 107, in parse_string
	    return self.parse_tokens(tokens, debug)
	  File "/usr/lib/python3.6/lib2to3/pgen2/driver.py", line 72, in parse_tokens
	    if p.addtoken(type, value, (prefix, start)):
	  File "/usr/lib/python3.6/lib2to3/pgen2/parse.py", line 159, in addtoken
	    raise ParseError("bad input", type, value, context)
	lib2to3.pgen2.parse.ParseError: bad input: type=22, value='=', context=('', (36, 15))
	
	During handling of the above exception, another exception occurred:
	
	Traceback (most recent call last):
	  File "/usr/bin/yapf", line 11, in <module>
	    sys.exit(run_main())
	  File "/usr/lib/python3.6/site-packages/yapf/__init__.py", line 313, in run_main
	    sys.exit(main(sys.argv))
	  File "/usr/lib/python3.6/site-packages/yapf/__init__.py", line 183, in main
	    verify=args.verify)
	  File "/usr/lib/python3.6/site-packages/yapf/yapflib/yapf_api.py", line 129, in FormatCode
	    tree = pytree_utils.ParseCodeToTree(unformatted_source)
	  File "/usr/lib/python3.6/site-packages/yapf/yapflib/pytree_utils.py", line 127, in ParseCodeToTree
	    raise e
	  File "/usr/lib/python3.6/site-packages/yapf/yapflib/pytree_utils.py", line 125, in ParseCodeToTree
	    ast.parse(code)
	  File "/usr/lib/python3.6/ast.py", line 35, in parse
	    return compile(source, filename, mode, PyCF_ONLY_AST)
	  File "<unknown>", line 36
	    with outputfile=open(fileurl,'wb') as f:
	                   ^
	SyntaxError: invalid syntax
|3,0,10,1,45,0,1528977822,"Traceback (most recent call last):","  File \"/usr/lib/python3.6/site-packages/yapf/yapflib/pytree_utils.py\", line 115, in ParseCodeToTree","    tree = parser_driver.parse_string(code, debug=False)","  File \"/usr/lib/python3.6/lib2to3/pgen2/driver.py\", line 107, in parse_string","    return self.parse_tokens(tokens, debug)","  File \"/usr/lib/python3.6/lib2to3/pgen2/driver.py\", line 72, in parse_tokens",>50
|<"    if p.addtoken(type, value, (prefix, start)):","  File \"/usr/lib/python3.6/lib2to3/pgen2/parse.py\", line 159, in addtoken","    raise ParseError(\"bad input\", type, value, context)","lib2to3.pgen2.parse.ParseError: bad input: type=22, value='=', context=('', (36, 15))","","During handling of the above exception, another exception occurred:","","Traceback (most recent call last):",>104
|<"  File \"/usr/lib/python3.6/site-packages/yapf/yapflib/pytree_utils.py\", line 121, in ParseCodeToTree","    tree = parser_driver.parse_string(code, debug=False)","  File \"/usr/lib/python3.6/lib2to3/pgen2/driver.py\", line 107, in parse_string","    return self.parse_tokens(tokens, debug)","  File \"/usr/lib/python3.6/lib2to3/pgen2/driver.py\", line 72, in parse_tokens","    if p.addtoken(type, value, (prefix, start)):",>77
|<"  File \"/usr/lib/python3.6/lib2to3/pgen2/parse.py\", line 159, in addtoken","    raise ParseError(\"bad input\", type, value, context)","lib2to3.pgen2.parse.ParseError: bad input: type=22, value='=', context=('', (36, 15))","","During handling of the above exception, another exception occurred:","","Traceback (most recent call last):","  File \"/usr/bin/yapf\", line 11, in <module>","    sys.exit(run_main())",>85
|<"  File \"/usr/lib/python3.6/site-packages/yapf/__init__.py\", line 313, in run_main","    sys.exit(main(sys.argv))","  File \"/usr/lib/python3.6/site-packages/yapf/__init__.py\", line 183, in main","    verify=args.verify)","  File \"/usr/lib/python3.6/site-packages/yapf/yapflib/yapf_api.py\", line 129, in FormatCode","    tree = pytree_utils.ParseCodeToTree(unformatted_source)","  File \"/usr/lib/python3.6/site-packages/yapf/yapflib/pytree_utils.py\", line 127, in ParseCodeToTree",>13
|<"    raise e","  File \"/usr/lib/python3.6/site-packages/yapf/yapflib/pytree_utils.py\", line 125, in ParseCodeToTree","    ast.parse(code)","  File \"/usr/lib/python3.6/ast.py\", line 35, in parse","    return compile(source, filename, mode, PyCF_ONLY_AST)","  File \"<unknown>\", line 36","    with outputfile=open(fileurl,'wb') as f:","                   ^","SyntaxError: invalid syntax"
"h	CHAR	0
	563
<hhhhhhhhhhhhhhliint(lxlllllllllllllli)hi.0jhhhhhhhhhhhhhhhhhhjhiint(lx$a)hhi.li90€kb€kb0:w€k; uGkkkjBlkkkkkkhllllllllllllllllllllllllllll€k;uBGBBuuuuuuuuuuuuuukjhhhhhhhhhhhhhhhhllllllllllllllhhhhlllhhhhkkjjllllllllha):wkjhhhhhhhhhhhhhhhhlliii€kbnt(lxlllllllllllllli)hhhhhhkkjhkhhhhhhhhhhhliinit€kb€kbt(lxlllllllllllllllha):wjja):wjjjkkkkkjjjjjjjjjjjjjjjjjjjjjjjkkkkkkkkkkkkkkkkkkkkkkkkkkkkkkkkkkkkkkkkkkkkkkkkkkkkj:wjkkkkkkkkkkkjjjjjjjkjkkkkkkkkkkkkkkkkkkkkkkkjjjjjjjkkkjkkkkkkjjjjjjjkjjjjjjjjjjjjjjjjjkjjjkkkkkkkkkkkkkkkkkkkkjj:w
|3,0,17,0,1,0,1542722471,>562
|<"hhhhhhhhhhhhhhliint(lxlllllllllllllli)hi.0jhhhhhhhhhhhhhhhhhhjhiint(lx$a)hhi.li90€kb€kb0:w€k; uGkkkjBlkkkkkkhllllllllllllllllllllllllllll€k;uBGBBuuuuuuuuuuuuuukjhhhhhhhhhhhhhhhhllllllllllllllhhhhlllhhhhkkjjllllllllha):wkjhhhhhhhhhhhhhhhhlliii€kbnt(lxlllllllllllllli)hhhhhhkkjhkhhhhhhhhhhhliinit€kb€kbt(lxlllllllllllllllha):wjja):wjjjkkkkkjjjjjjjjjjjjjjjjjjjjjjjkkkkkkkkkkkkkkkkkkkkkkkkkkkkkkkkkkkkkkkkkkkkkkkkkkkkj:wjkkkkkkkkkkkjjjjjjjkjkkkkkkkkkkkkkkkkkkkkkkkj
|<jjjjjjkkkjkkkkkkjjjjjjjkjjjjjjjjjjjjjjjjjkjjjkkkkkkkkkkkkkkkkkkkkjj:w"
"i	CHAR	0
	i
|3,0,18,0,1,0,1545414279,"i"
"j	CHAR	0
	kkkkkkkkkkkkkkkkkkkkkkkkkkkkkkkkkjjjjjjjjjjjjjjjjjjjjjjjjjjjjjjjjjjjjjjjjjjjjjjjjjjjjjjjjjjjjjjjkkkkkkkkkkjjjjkjjdduddudd:wkkkjyyjjjjkkopkddoukokkkdd:wkk
|3,0,19,0,1,0,1542894990,"kkkkkkkkkkkkkkkkkkkkkkkkkkkkkkkkkjjjjjjjjjjjjjjjjjjjjjjjjjjjjjjjjjjjjjjjjjjjjjjjjjjjjjjjjjjjjjjjkkkkkkkkkkjjjjkjjdduddudd:wkkkjyyjjjjkkopkddoukokkkdd:wkk"
"k	CHAR	0
	6699
<kjjjjjjjjjjkkkkkkkkkkjjjjjjjjjjjjjjjjjjjjjjjjjjjjjjjjjjjjjjjjjkkkkkkkkkkkkkkkkkkkkkkkkkkkkkkkkkkkkkkkkkkkkkkkkkkkkkkkkkkjjjjjjjjjjjjjjkkkkkkkkkkkkkkkkkkkkkkkkkkkkkkkkkkkkkkkkkkkkkkkkjjjjjjjjjjjjjjjjjjjjjjjkkkkkkkkkkkkkkkkkkkkkkkkkkkkkkkkkkkkkkkkkkkkkkkkkkkkkkkkkkkkkkkkkkkkkkkkkkkkkkkkkkkkkkkkkkkkkkkkkkkkkkkkkkkkkkkkkkkkkkkkkkkkkkkkkkkkkkkkkkkkkkkkkkkkkkkkkkkkkkkkkkkkkkkkkkkkkkkkkkkkkkkkkkkkkkkkkkkkkkkkkkkkkkkkkkkjjjjjjjjjjjjdd:wjjjjjjjjjjjjjjjjjjjjjjjjjjjjjjjjjjjjjjjjjjjjjjjjjjjjjjjjjjjjjjjjjjjjjjjjjjjjjjjjjjjjjjjjjjjjjjjjjjjjjjjjjjjjjjjjjjjjjjjjjjjjjjjjjjjjjjjjjjjjjjjjjjjjjjjjjjjjjjjjjjjjjjjjjjjjjjjjjjjjjjjjjjjjjjjjjjjjjjjjjjjjjjjjjjjjjjjjjjjjjjjjjjjjjjjjjjjjjjjjjjjjjjjjjjjjjjjjjjjjjjjjjjjjjjjjjjjjkkkkkkjhhhhhhhhhhhhhhhhhdwdwxhxhlhx:w€k;:wkkkkkkkkkkkkkkkkkkkkkkkkkkkkkkkkkkkkkkkkkkkkkkkkkkkkkkkkkkkkkkkkkkkkkkkkkkkkkkkkkkkkkkkkkkkkkkkkkkkkkkkkjjjjjjjjjjjjjjjjjjjjjjjjjjjjjjjjjjjjjjjjjkkkkkkkkkjjjjjjjjjjjjjjjjjjjjjjjjkkkkkkkkkkkkkkjjjjjjjjjjjjjjjjjjjjjjjjjjjjjjjjjjjjjjjjkkkkkkkkkkkkkkkkkkkkkkkkkkkkkkkkkkkkkjjjjjjjjjjjjjjjjjjjkkkkkkkkkkkkkkkkkkkkkkkkkkkkkkkkkkkkkkkkkkkkkkkkkkkkkkkkkkkkkkkkkkkkkkkkkkkkkkkkkkkkkkkkkkkkkkkkkkkkkkkkkkkkkkkkkkkkkkkkkkkkkkkkkkkkkkkkkkkkkkkkkkkkkkkkkkkkkkkkkkkkkkkkkkkkkkkkkkkkkkkkkkkkkkkkkkkkkkkkkkkkkkkkkkkkkkkkkkkkkkkkkkkkkkkkkkkkkkkkkjjjjjjjjjjjjjjjjjjjjjjjjjjjjjjjjjjjjjjjjjjjjjjjjjjjjjjjjjjjjjjjjjjjjjjjjjjjjjjjjjjjjjjjjjjjjjjjjjjjjjjjjjjjjjjjjjjjjjjjjjjjjjjjjjjjjjjjjjjjjjjjjjjjjjjjjjjjjjjjjjjkjjjjjjjjjjjjjjjjjjjjjjjjjjjjjjjjjjjjjjjjjjkkkkkkkjjjjjjjjjjjjjjjjjjkkkkkkkkkkkkkkkkjjjjjjjjjjjjjjjjjjjjjjjjkkkkkkkkjjjkkkkkkkkkkkkkkkkkkkkkkkkkkkjhjjjkvjjjjjjjjjjjjjjjjjjjjjjjjjjjjj\c ujvjjjjjjjjjjjjjjjjjjjjjjjjjjjj\c :wjjjjjjjjjkkkkkkkkkkjjjjjjjjjjjjjjjjjjjjjjjjjjjjjjjjjjjjjjjjjjjjjjjjjjjjjjjjjjjkkkkkkkkkkkkjjjjjjjjjjjjjjjjjkkkkkkkkkkkkkkkkkkkkkkkkkkkkkkkkkkkkkkkkkkkkkkkkkkkkkkkkkkkkkkkkkkkkjjjjjjjjjjjjjjjjjjjjjjjjjjjjjjjjjjjjjjjjjjjjjjjjjjjjjjjjjjjjjjjjjjjjjjjjjjjjjjjjjjkkkkkkkkkkkkkkkkkkkkkkkkkkkkkkkkkkjjjjjjjjjjjjjjjjjjjjjjjjjjjjjjjjjjjjjjjjjjjjjjjjjjjjjjjjjjjjjjjjjjjjjjjjjjjjjjjjjjjjjjjjjjjjjjjjjjjjjjjjjjjjjjjjjjjjjjjjjjjjjjjjjjjjjjjjjjjjjjjjjjjjjjjjjjjjjjjjjjjjjjjjkjjjjjjjjjjjjjjjjjjjjjkGggjjjjjjjjjjjjjjjjjjjjjjjjjjjjjjjjjjjjjjjjjjjjjjjjjjjjjjjjjjjjjjjjjjjjjjjjjjjkkkkkkkkkkkkkkkkkkkkkkkkkkkkkkkkkkkkkjjjjjjjjjjjjjjjjjjjjjjjjjjjjjjjjjjjjjjjjjjjjjjjjjjjjjjjjjjjjjjjjjjjjjjjjjjjjjjjjjjjjjjjjjjjjjjjjjjjjjjjjjjjjjjjjjjjjjjjjjjjjjjjjjjjjjjjjjjjjjjjjjjjjjjjjjjjjjjjjjjjjjjjjjjjjjjjjjjjjjjjjjjjjjjjjjjjjjkkkkkkkkkkkkkkkkkkkkkklllllljjjjjjjjkkjjjjjjjjkkkjjjjjjjjjkkjjjjjjjjjjjjjkkkkkkkjkllllllllllllllllllllllllljjjjjjjjjjjjjjjjjjjjjjjjjkkkkkjjjjjjjjjjjjjjjjjjjkkkkkjjjjjjjjjjjjjkkkkkkkkkkkkkkkkkkkkkkkkjkjjjjjjjjjjjjjjjkkjhhhhhhhhhhhhhhhhhhhhhhhhhhhhhhhkvjjjjjj\c :wjlllllllllllllllllllljlllvwy/"nNNNnnnnnnnnnnnnnn€ý,€ý.€ku€ku€ku€ku€ku€ku€ku€kd€kd€kd€kd€kd€kd€kd€kd€kd€kd€kd€kd€kd€kd€kd€kd€kd€kd€kd€kd€kd€kd€ku€ku€ku€kr€kr€kr€kr€kr€kr€kr€kr€kr€kr€kr€kr€kr€kr€kd€kd€kd€kd€kd€kd€kd€kd€kd€kd€kd€kd€kd€kd€kd€ku€ku€ku€ku€ku€ku€ku€ku€ku€ku€ku€ku€ku€ku€kdjjjjjj€ku€kl€kl€kl€kl€kl€kl€kl€kl€kl€kl€kl€kl€kl€kl€kl€kl€kl€kl€kl€kl€kl€kl€kl€kl€kl€kl€kl€kl€kl€kl€kl€kl€kl€kl€ku€ku€kuv€kd€kd€kd€kd€kd€kd€kd€kd€ku€ku€ku€ku€ku€ku€ku€ku€ku€ku€kd€kd€kdv€kd€kd€kd€kd€kd€kd€kdduv€kd€kd€kd€kd€kd€kd€kd€kd€kd€kd€kd€kd€kd€kd€kd€kd€kd€kd€kd€kd€kd€kd€kd€kd€kd€kd€kd€kd€kd€kd€kd€kd€kd€kd€kd€kd€kd€kd€kd€kd€kd€kd€kd€kd€kd€kd€kd€kd€kd€kd€kd€kd€kd€kd€kd€kd€kd€kd€kd€kd€kd€kd€kd€kd€kd€kd€kd€kd€kd€kd€kd€kd€kd€kd€kd€kd€kd€kd€kd€kd€kd€kd€kd€kd€kd€kd€kd€kd€kd€kd€kd€kd€kd€kd€kdGG€ku€ku€ku€ku€ku€ku€ku€ku€ku€ku€ku€ku€ku€ku€ku€ku€ku€ku€ku€ku€ku€ku€ku€ku€ku€ku€ku€ku€ku€ku€ku€ku€ku€ku€ku€ku€ku€kd€kd€kd€kd€kd€kd€kd€kd€kd€kd€kd€kd€kd€kd€kd€kd€kd€kd€kd€kd€kd€ku€ku€ku€ku€kd€kd€kd€kd€kd€kd€kd€kd€ku€ku€ku€ku€ku€ku€ku€ku€kd€ku€ku€ku€ku€ku€ku€ku€kddd€kd€kd€kd€kd€ku€kd€kd€kl€kl€kl€kl€kl€kl€kl€klv€kd€kd€kd€kdddd€ku€ku€ku€ku€ku€ku€ku€ku€ku€ku€ku€ku€ku€ku€ku€ku€ku€ku€ku€kuuuv€kd€kd€kd€kdddd€ku:w€ku€ku€ku€ku€ku€ku€ku€ku€ku€ku€ku€ku€ku€ku€ku€ku€ku€ku€ku€ku€ku€ku€ku€ku€ku€ku€ku€ku€ku€ku€ku€ku€ku€ku€ku€ku€ku€ku€ku€ku€ku€ku€ku€ku€ku€ku€ku€ku€ku€ku€ku€ku€ku€ku€ku€ku€ku€ku€ku€ku€ku€ku€ku€ku€ku€ku€ku€ku€ku€ku€ku€ku€ku€ku€ku€ku€ku€ku€ku€ku€ku€ku€ku€ku€ku€ku€ku€ku€ku€ku€ku€ku€ku€ku€ku€ku€ku€ku€ku€ku€ku€ku€ku€ku€ku€ku€ku€ku€ku€ku€ku€ku€ku€ku€ku€ku€ku€ku€ku€ku€ku€ku€ku€ku€ku€ku€ku€ku€ku€ku€ku€ku€ku€ku€ku€ku€ku€ku€ku€ku€ku€ku€ku€ku€ku€ku€ku€ku€ku€ku€ku€ku€kd€kd€kd€kd€kd€kd€kd€kd€kd€kd€kd€kd€kd€kd€ku€ku€ku€ku€ku€ku€ku€ku€ku€ku€ku€ku€ku€ku€ku€ku€ku€ku€ku€ku€ku€ku€ku€ku€ku€ku€kd€kd€kd€kd€kd€kd€kd€kd€kd€kd€kd€kd€kd€kd€kd€kd€kd€kd€kd€kd€kd€kd€kd€kd€kd€kd€kd€ku€kl€kl€kl€kl€kl€kl€kl€kl€kl€kl€kl€ku€ku€ku€ku€ku€ku€ku€ku€ku€kd€kd€kd€kd€kd€kd€kd€kd€kd€kd€ku€ku€ku€ku€ku€ku€ku€ku€ku€ku€ku€ku€kd€kd€kd€kd€kd€kd€kd€kd€kd€kd€kd€kd€kd€kd€kd€kd€kd€ku€ku€ku€ku€ku€ku€ku€ku€ku€ku€ku€ku€ku€ku€kd€kd€kd€kd€kd€kd€kd€kd€kd€kd€kd€ku€ku€ku€ku€ku€ku€ku€ku€ku€ku€ku€ku€ku€ku€ku€ku€ku€ku€ku€ku€ku€ku€ku€ku€ku€ku€ku€ku€ku€ku€ku€ku€ku€ku€ku€ku€ku€ku€ku€ku€ku€ku€ku€ku€ku€ku€ku€ku€ku€ku€ku€ku€ku€ku€ku€ku€ku€ku€ku€ku€ku€kd€kd€kd€kd€kd€kd€kd€kdv€kd€kd€kd€kd€kd€kd€kd€kd€kd€kd#€ku€ku€ku€ku€ku€ku€ku€ku€ku€ku€ku€ku€ku€ku€ku€ku€ku€ku€ku€ku€ku€ku€ku€ku€ku€ku€ku€ku€ku€ku€ku€ku€ku€ku€ku€ku€ku€ku€ku€ku€ku€kdG€ku€ku€ku€ku€ku€ku€ku€ku€ku€ku€ku€ku€ku€ku€ku€ku€ku€ku€ku€ku€ku€ku€ku€ku€ku€ku€ku€ku€ku€ku€ku€ku€ku€ku€ku€ku€ku€ku€ku€ku€ku€ku€ku€ku€ku€ku€ku€ku€ku€ku€ku€ku€ku€ku€ku€ku€ku€ku€ku€ku€ku€ku€kd€kd€kd€kd€kd€kd€kd€kd€kd€kd€kd€kd€kd€kd€kd€kd€kd€kd€kd€kd€kd€kd€kd€kd€kr€kr€kr€kr€kr€kr€kr€kr€kr€kr€kr€kr€kr€kr€kr€kr€kr€kr€kr€kr€kr€kr€kr€kr€kr€kr€kr€kr€kr€kr€kr€kr€kr€ku€ku€ku€ku€ku€ku€ku€kr€kr€kr€kr€kr€kr€kr€kr€kr€kr€kr€kr€kr€kr€kr€kr€kr€kr€kr€kr€kr€kr€kr€kr€kr€kr€kr€kr€kr€kr€kr€kr€kr€kr€kr€kr€kr€kr€kr€kr€kr€kr€kr€kr€kr€kr€kr€kr€kr€kr€kl€kld$€kd€kd€kr€kr€krd$€kd€kd€kd€kd€kd€kdd$€kd€ku€ku€ku€ku€ku€ku€ku€ku€ku€ku€ku€ku€ku€ku€ku€ku€ku€ku€ku€ku€ku€ku€ku€ku€ku€ku€ku€ku€ku€ku€ku€ku€ku€ku€ku€ku€ku€ku€ku€ku€ku€ku€ku€ku€ku€ku€ku€ku€ku€ku€ku€ku€ku€ku€ku€ku€ku€ku€ku€ku€ku€ku€ku€ku€ku€ku€ku€ku€ku€ku€ku€ku€ku€ku€ku€ku€ku€ku€ku€ku€ku€ku€ku€ku€ku€ku€ku€ku€ku€ku€ku€ku€ku€ku€ku€ku€ku€ku€ku€ku€ku€ku€ku€ku€ku€ku€ku€ku€ku€ku€ku€ku€ku€ku€ku€ku€ku€ku€ku€ku€ku€ku€ku€ku€ku€ku€ku€ku€ku€ku€ku€ku€ku€ku€kd€ku€ku€ku€ku€ku€ku€ku€ku€ku€ku€ku€ku€ku€ku€ku€ku€ku€ku€ku€ku€ku€ku€ku€ku€ku€ku€ku€ku€ku€ku€ku€ku€ku€ku€ku€ku€ku€ku€ku€ku€ku€ku€kunkjjjjjdddd:wkkkkj\c kkjjjjjjjjjjjjjjjjjjjjjjjjjkkkkjjjjjjjjjkjjjjjjjjkkkkkkkkkjjjjjjjjjjjjjjjjjjjjjjjjjjjjjjjjjjjjjjjjjkkkkkkkkkkkkhhhhhhhhhkkvjjjjjjjjjj$dddddddddk:wjjjjjjjjjjjjjjjjjjjjjjjjjjjjjjkkkkkkkkkkkkjjjjjjjjjjjjjjjjjjjjjjjjjkkkkkkkjvjjjjj$djddkkjjjjjjjjjjjjjjkkkkkkkkkkkkkdd:w/confignnnnnnnnnnnnnnnnnnnnkkkkkkkkkkkkkkkkkkkkkkkkkkkknnnnnnnn/lo
|3,0,20,0,1,0,1542814305,>6703
|<"kjjjjjjjjjjkkkkkkkkkkjjjjjjjjjjjjjjjjjjjjjjjjjjjjjjjjjjjjjjjjjkkkkkkkkkkkkkkkkkkkkkkkkkkkkkkkkkkkkkkkkkkkkkkkkkkkkkkkkkkjjjjjjjjjjjjjjkkkkkkkkkkkkkkkkkkkkkkkkkkkkkkkkkkkkkkkkkkkkkkkkjjjjjjjjjjjjjjjjjjjjjjjkkkkkkkkkkkkkkkkkkkkkkkkkkkkkkkkkkkkkkkkkkkkkkkkkkkkkkkkkkkkkkkkkkkkkkkkkkkkkkkkkkkkkkkkkkkkkkkkkkkkkkkkkkkkkkkkkkkkkkkkkkkkkkkkkkkkkkkkkkkkkkkkkkkkkkkkkkkkkkkkkkkkkkkkkkkkkkkkkkkkkkkkkkkkkkkkkkkkkkkkkkkkkkkkkkkjjjjjjjjjjjjdd:wjjjjjjjjjjjjjjjjjjjjjjjjjjjjjjjjjjjjjjjjjjjjjjjjjjjjjjjjj
|<jjjjjjjjjjjjjjjjjjjjjjjjjjjjjjjjjjjjjjjjjjjjjjjjjjjjjjjjjjjjjjjjjjjjjjjjjjjjjjjjjjjjjjjjjjjjjjjjjjjjjjjjjjjjjjjjjjjjjjjjjjjjjjjjjjjjjjjjjjjjjjjjjjjjjjjjjjjjjjjjjjjjjjjjjjjjjjjjjjjjjjjjjjjjjjjjjjjjjjjjjjjjjjjjjjjjjjjjjjjkkkkkkjhhhhhhhhhhhhhhhhhdwdwxhxhlhx:w€k;:wkkkkkkkkkkkkkkkkkkkkkkkkkkkkkkkkkkkkkkkkkkkkkkkkkkkkkkkkkkkkkkkkkkkkkkkkkkkkkkkkkkkkkkkkkkkkkkkkkkkkkkkkjjjjjjjjjjjjjjjjjjjjjjjjjjjjjjjjjjjjjjjjjkkkkkkkkkjjjjjjjjjjjjjjjjjjjjjjjjkkkkkkkkkkkkkkjjjjjjjjjjjjjjjjjjjjjjjjjjjjjjjjjjj
|<jjjjjkkkkkkkkkkkkkkkkkkkkkkkkkkkkkkkkkkkkkjjjjjjjjjjjjjjjjjjjkkkkkkkkkkkkkkkkkkkkkkkkkkkkkkkkkkkkkkkkkkkkkkkkkkkkkkkkkkkkkkkkkkkkkkkkkkkkkkkkkkkkkkkkkkkkkkkkkkkkkkkkkkkkkkkkkkkkkkkkkkkkkkkkkkkkkkkkkkkkkkkkkkkkkkkkkkkkkkkkkkkkkkkkkkkkkkkkkkkkkkkkkkkkkkkkkkkkkkkkkkkkkkkkkkkkkkkkkkkkkkkkkkkkkkkkkkkkkkkkkjjjjjjjjjjjjjjjjjjjjjjjjjjjjjjjjjjjjjjjjjjjjjjjjjjjjjjjjjjjjjjjjjjjjjjjjjjjjjjjjjjjjjjjjjjjjjjjjjjjjjjjjjjjjjjjjjjjjjjjjjjjjjjjjjjjjjjjjjjjjjjjjjjjjjjjjjjjjjjjjjjkjjjjjjjjjjjjjjjjjjjjjjjjj
|<jjjjjjjjjjjjjjjjjkkkkkkkjjjjjjjjjjjjjjjjjjkkkkkkkkkkkkkkkkjjjjjjjjjjjjjjjjjjjjjjjjkkkkkkkkjjjkkkkkkkkkkkkkkkkkkkkkkkkkkkjhjjjkvjjjjjjjjjjjjjjjjjjjjjjjjjjjjj\\c ujvjjjjjjjjjjjjjjjjjjjjjjjjjjjj\\c :wjjjjjjjjjkkkkkkkkkkjjjjjjjjjjjjjjjjjjjjjjjjjjjjjjjjjjjjjjjjjjjjjjjjjjjjjjjjjjjkkkkkkkkkkkkjjjjjjjjjjjjjjjjjkkkkkkkkkkkkkkkkkkkkkkkkkkkkkkkkkkkkkkkkkkkkkkkkkkkkkkkkkkkkkkkkkkkkjjjjjjjjjjjjjjjjjjjjjjjjjjjjjjjjjjjjjjjjjjjjjjjjjjjjjjjjjjjjjjjjjjjjjjjjjjjjjjjjjjkkkkkkkkkkkkkkkkkkkkkkkkkkkkkkkkkkj
|<jjjjjjjjjjjjjjjjjjjjjjjjjjjjjjjjjjjjjjjjjjjjjjjjjjjjjjjjjjjjjjjjjjjjjjjjjjjjjjjjjjjjjjjjjjjjjjjjjjjjjjjjjjjjjjjjjjjjjjjjjjjjjjjjjjjjjjjjjjjjjjjjjjjjjjjjjjjjjjjjjjjjjjjkjjjjjjjjjjjjjjjjjjjjjkGggjjjjjjjjjjjjjjjjjjjjjjjjjjjjjjjjjjjjjjjjjjjjjjjjjjjjjjjjjjjjjjjjjjjjjjjjjjjkkkkkkkkkkkkkkkkkkkkkkkkkkkkkkkkkkkkkjjjjjjjjjjjjjjjjjjjjjjjjjjjjjjjjjjjjjjjjjjjjjjjjjjjjjjjjjjjjjjjjjjjjjjjjjjjjjjjjjjjjjjjjjjjjjjjjjjjjjjjjjjjjjjjjjjjjjjjjjjjjjjjjjjjjjjjjjjjjjjjjjjjjjjjjjjjjjjjjjjjjjjjjjjjjjjjjjjjjjjjjj
|<jjjjjjjjjjjjkkkkkkkkkkkkkkkkkkkkkklllllljjjjjjjjkkjjjjjjjjkkkjjjjjjjjjkkjjjjjjjjjjjjjkkkkkkkjkllllllllllllllllllllllllljjjjjjjjjjjjjjjjjjjjjjjjjkkkkkjjjjjjjjjjjjjjjjjjjkkkkkjjjjjjjjjjjjjkkkkkkkkkkkkkkkkkkkkkkkkjkjjjjjjjjjjjjjjjkkjhhhhhhhhhhhhhhhhhhhhhhhhhhhhhhhkvjjjjjj\\c :wjlllllllllllllllllllljlllvwy/\"nNNNnnnnnnnnnnnnnn€ý,€ý.€ku€ku€ku€ku€ku€ku€ku€kd€kd€kd€kd€kd€kd€kd€kd€kd€kd€kd€kd€kd€kd€kd€kd€kd€kd€kd€kd€kd€kd€ku€ku€ku€kr€kr€kr€kr€kr€kr€kr€kr€kr€kr€kr€kr€kr€kr€kd€kd€kd€kd€kd€kd€
|<kd€kd€kd€kd€kd€kd€kd€kd€kd€ku€ku€ku€ku€ku€ku€ku€ku€ku€ku€ku€ku€ku€ku€kdjjjjjj€ku€kl€kl€kl€kl€kl€kl€kl€kl€kl€kl€kl€kl€kl€kl€kl€kl€kl€kl€kl€kl€kl€kl€kl€kl€kl€kl€kl€kl€kl€kl€kl€kl€kl€kl€ku€ku€kuv€kd€kd€kd€kd€kd€kd€kd€kd€ku€ku€ku€ku€ku€ku€ku€ku€ku€ku€kd€kd€kdv€kd€kd€kd€kd€kd€kd€kdduv€kd€kd€kd€kd€kd€kd€kd€kd€kd€kd€kd€kd€kd€kd€kd€kd€kd€kd€kd€kd€kd€kd€kd€kd€kd€kd€kd€kd€kd€kd€kd€kd€kd€kd€kd€kd€kd€kd€kd€kd€kd€kd€kd€kd€kd€kd€kd€kd€kd€kd€kd€kd€kd€kd€kd€kd€kd€kd€kd€kd€kd€kd€kd€kd€kd€kd€kd€kd€kd
|<€kd€kd€kd€kd€kd€kd€kd€kd€kd€kd€kd€kd€kd€kd€kd€kd€kd€kd€kd€kd€kd€kd€kd€kd€kd€kdGG€ku€ku€ku€ku€ku€ku€ku€ku€ku€ku€ku€ku€ku€ku€ku€ku€ku€ku€ku€ku€ku€ku€ku€ku€ku€ku€ku€ku€ku€ku€ku€ku€ku€ku€ku€ku€ku€kd€kd€kd€kd€kd€kd€kd€kd€kd€kd€kd€kd€kd€kd€kd€kd€kd€kd€kd€kd€kd€ku€ku€ku€ku€kd€kd€kd€kd€kd€kd€kd€kd€ku€ku€ku€ku€ku€ku€ku€ku€kd€ku€ku€ku€ku€ku€ku€ku€kddd€kd€kd€kd€kd€ku€kd€kd€kl€kl€kl€kl€kl€kl€kl€klv€kd€kd€kd€kdddd€ku€ku€ku€ku€ku€ku€ku€ku€ku€ku€ku€ku€ku€ku€ku€ku€ku€ku€ku€kuuuv€kd€kd€kd€kdddd€ku:w€k
|<u€ku€ku€ku€ku€ku€ku€ku€ku€ku€ku€ku€ku€ku€ku€ku€ku€ku€ku€ku€ku€ku€ku€ku€ku€ku€ku€ku€ku€ku€ku€ku€ku€ku€ku€ku€ku€ku€ku€ku€ku€ku€ku€ku€ku€ku€ku€ku€ku€ku€ku€ku€ku€ku€ku€ku€ku€ku€ku€ku€ku€ku€ku€ku€ku€ku€ku€ku€ku€ku€ku€ku€ku€ku€ku€ku€ku€ku€ku€ku€ku€ku€ku€ku€ku€ku€ku€ku€ku€ku€ku€ku€ku€ku€ku€ku€ku€ku€ku€ku€ku€ku€ku€ku€ku€ku€ku€ku€ku€ku€ku€ku€ku€ku€ku€ku€ku€ku€ku€ku€ku€ku€ku€ku€ku€ku€ku€ku€ku€ku€ku€ku€ku€ku€ku€ku€ku€ku€ku€ku€ku€ku€ku€ku€ku€ku€ku€ku€ku€ku€ku€ku€kd€kd€kd€kd€kd€kd€kd€kd€kd€kd€kd€kd
|<€kd€kd€ku€ku€ku€ku€ku€ku€ku€ku€ku€ku€ku€ku€ku€ku€ku€ku€ku€ku€ku€ku€ku€ku€ku€ku€ku€ku€kd€kd€kd€kd€kd€kd€kd€kd€kd€kd€kd€kd€kd€kd€kd€kd€kd€kd€kd€kd€kd€kd€kd€kd€kd€kd€kd€ku€kl€kl€kl€kl€kl€kl€kl€kl€kl€kl€kl€ku€ku€ku€ku€ku€ku€ku€ku€ku€kd€kd€kd€kd€kd€kd€kd€kd€kd€kd€ku€ku€ku€ku€ku€ku€ku€ku€ku€ku€ku€ku€kd€kd€kd€kd€kd€kd€kd€kd€kd€kd€kd€kd€kd€kd€kd€kd€kd€ku€ku€ku€ku€ku€ku€ku€ku€ku€ku€ku€ku€ku€ku€kd€kd€kd€kd€kd€kd€kd€kd€kd€kd€kd€ku€ku€ku€ku€ku€ku€ku€ku€ku€ku€ku€ku€ku€ku€ku€ku€ku€ku€ku€ku€ku€ku€ku€
|<ku€ku€ku€ku€ku€ku€ku€ku€ku€ku€ku€ku€ku€ku€ku€ku€ku€ku€ku€ku€ku€ku€ku€ku€ku€ku€ku€ku€ku€ku€ku€ku€ku€ku€ku€ku€ku€ku€kd€kd€kd€kd€kd€kd€kd€kdv€kd€kd€kd€kd€kd€kd€kd€kd€kd€kd#€ku€ku€ku€ku€ku€ku€ku€ku€ku€ku€ku€ku€ku€ku€ku€ku€ku€ku€ku€ku€ku€ku€ku€ku€ku€ku€ku€ku€ku€ku€ku€ku€ku€ku€ku€ku€ku€ku€ku€ku€ku€kdG€ku€ku€ku€ku€ku€ku€ku€ku€ku€ku€ku€ku€ku€ku€ku€ku€ku€ku€ku€ku€ku€ku€ku€ku€ku€ku€ku€ku€ku€ku€ku€ku€ku€ku€ku€ku€ku€ku€ku€ku€ku€ku€ku€ku€ku€ku€ku€ku€ku€ku€ku€ku€ku€ku€ku€ku€ku€ku€ku€ku€ku€ku€kd€
|<kd€kd€kd€kd€kd€kd€kd€kd€kd€kd€kd€kd€kd€kd€kd€kd€kd€kd€kd€kd€kd€kd€kd€kr€kr€kr€kr€kr€kr€kr€kr€kr€kr€kr€kr€kr€kr€kr€kr€kr€kr€kr€kr€kr€kr€kr€kr€kr€kr€kr€kr€kr€kr€kr€kr€kr€ku€ku€ku€ku€ku€ku€ku€kr€kr€kr€kr€kr€kr€kr€kr€kr€kr€kr€kr€kr€kr€kr€kr€kr€kr€kr€kr€kr€kr€kr€kr€kr€kr€kr€kr€kr€kr€kr€kr€kr€kr€kr€kr€kr€kr€kr€kr€kr€kr€kr€kr€kr€kr€kr€kr€kr€kr€kl€kld$€kd€kd€kr€kr€krd$€kd€kd€kd€kd€kd€kdd$€kd€ku€ku€ku€ku€ku€ku€ku€ku€ku€ku€ku€ku€ku€ku€ku€ku€ku€ku€ku€ku€ku€ku€ku€ku€ku€ku€ku€ku€ku€ku€ku€ku€ku€ku€k
|<u€ku€ku€ku€ku€ku€ku€ku€ku€ku€ku€ku€ku€ku€ku€ku€ku€ku€ku€ku€ku€ku€ku€ku€ku€ku€ku€ku€ku€ku€ku€ku€ku€ku€ku€ku€ku€ku€ku€ku€ku€ku€ku€ku€ku€ku€ku€ku€ku€ku€ku€ku€ku€ku€ku€ku€ku€ku€ku€ku€ku€ku€ku€ku€ku€ku€ku€ku€ku€ku€ku€ku€ku€ku€ku€ku€ku€ku€ku€ku€ku€ku€ku€ku€ku€ku€ku€ku€ku€ku€ku€ku€ku€ku€ku€ku€ku€ku€ku€ku€kd€ku€ku€ku€ku€ku€ku€ku€ku€ku€ku€ku€ku€ku€ku€ku€ku€ku€ku€ku€ku€ku€ku€ku€ku€ku€ku€ku€ku€ku€ku€ku€ku€ku€ku€ku€ku€ku€ku€ku€ku€ku€ku€ku\nkjjjjjdddd:wkkkkj\\c kkjjjjjjjjjjjjjjjjjj
|<jjjjjjjkkkkjjjjjjjjjkjjjjjjjjkkkkkkkkkjjjjjjjjjjjjjjjjjjjjjjjjjjjjjjjjjjjjjjjjjkkkkkkkkkkkkhhhhhhhhhkkvjjjjjjjjjj$dddddddddk:wjjjjjjjjjjjjjjjjjjjjjjjjjjjjjjkkkkkkkkkkkkjjjjjjjjjjjjjjjjjjjjjjjjjkkkkkkkjvjjjjj$djddkkjjjjjjjjjjjjjjkkkkkkkkkkkkkdd:w/confignnnnnnnnnnnnnnnnnnnnkkkkkkkkkkkkkkkkkkkkkkkkkkkknnnnnnnn/lo"
"q	CHAR	0
	
|3,0,26,0,1,0,1546619797,""
"t	CHAR	0
	I# -*- coding: utf-8 -*-
|3,0,29,0,1,0,1529740655,"I# -*- coding: utf-8 -*-"
"u	CHAR	0
	uu:w
|3,0,30,0,1,0,1543053994,"uu:w"
"w	CHAR	0
	6055
<€ku€kr€ý,€ý.hhxxii€kbnetw€kb€kb€kb€kblxicustom hhhhhhrcrC:wjjjjjjjjjjkkkkkkkkkkjjjjjjjjjjjjjjjjjjjjjjjjjjjjjjjjjjjjjjjjjjjjjjjjjjjjjjjjjjjjjjjjjjjjjjjjjjjjjjjjjjjjkkkkjjjjjjjjjjjjjjjjjjjjjjjjjjjjjjjjjjjjjjjjjjjjjjjjjjjjjjjjjjjjjjjjjjjjjjjjjjjjjjjjjjjjjjjjjjjjjjjjjjjjjjjjjjjjjjjjjjjjjjjjjjjkkkkkkkkkkkkkkkkkkkkkkkkkkkkkkkkkkkkkkkkkkkkkkkkkkkkkkkkkkkkkkkkkkkkkkkkkkkkkkkkkkkkkkkkkkkkkkkkkkkkkkkkkkkkkkkkkkkkkkkkkkkkkkkkkkkkkkkkkkkkkkkkkkkkkkkkkkkkkkkkkkkkkkkkkkkkkkkkkkkkkjjjjjjjjjjjjjjjjjjjjjjjjjjjjjjjjjjjjjjjjjjjjjjjjjjjjjjjjjjjjjjjjjjjjjjjjjjjjjjjjjjjjjjjjjjjjjjjjjjjjjjjjjjjjjjjjjjjjjjjjjjjjjjjjjjjjjjjjjjjjjjjjjjjjjjjjjjjjjjjjjjjjjjjjjjjjjjjjjjjjjjjjjjjjkkkkkkkkkkkkkkkkkkkkkkkkkkkkkkkkkkkkkkkkkkkkkkkkkkkkkkkkkkkkkkjkkkkkkkkkkkkkkkkkkkkkkkkkkkkkkkkkkkkkkkkkkkkkkkkkkkkkkkkkkkkkkkkkkkkkkkkkkkkkkjjjjjjjkkkkkkkkkkkkkkkkkkkkkkkkkkkkkkkjjjjjjjjjjjjjjjjhhhhhhhhhhkkkkkkkkkkkkkjjjjjjjjjjjjjhkkkkkkkkkkkkkkkkkkkkkkjjjjjjjjjkkkjjjjjjjjjjjjjjjjhhhhhhhhhjvj$\c :wkkkkkkkkkkkkkkkkkkkkkkkkkkkkkkkkkkkkkkkkkkkkkkkkkkkkkkkkkkkkkkkkkkkkkkkkkkkkkkkkkkkkkkkkkkkkkkkkkkkkkkkkkkkkkkkkkkkkkkkkkkkkkkkkkkkkkkkkkkjjjjjjjjjjjjjjjkkkkkkkkkkkkkkkkkkkkkkkkkkkkkkkkkkkkkkkkkkkkkkkkjjjjjjjjjjjjjjjjjjjjjjjjjjkkkkkkkkkkkkkkkkkkkkkkkkkkkkkkkkkkkjjjjkkkkkkkkkkkkkkkkkkkkkkkkkkkkkkkkkkkkkkkkkkkkkjkkkkkkkkkkkkjjjjjjjkjjjjjjjjjjjjjjjjjjjjjjjjjjjjkkkkkkkkkkkkkkkkkjllllljjjjjjjjjjjjjjjjjjjjkkkkkkkkkkkkkkkkkkkkkkkkkkkkkjjjjjjjjjkkkkjjjjkjjjjjjjjjjjjjjjjjj/from_xmlkkkkkkkkkkkkkkkkkkkkkkkkkkkkkkkkkkkkkkkjjjjjjjjjjjjjjjjjjjjjjjjjjjjjjjjjjjjjjjjjjjjjjjjjjjjjjjjjjjjjjjjjjjjjjjjjjjjjjjjjjjjjjjjjjjjjjjjjjjjjjjjjjjjjjjjjjjjjjjjjjjjjjjjjjjjjjjjjjjjjjjjjjjjjjjjjjjjjjjjjjjjjjjjjjjjjjjjjjjjjjjjjjjjjjjjjjjjjjjjjjjjjjjjjjjjjjjjjjjjjjjjjjjjjjjjjjjjjjjjkkkkkkkkkkkkkkkkkkkkkkkkkkkkkkkkkkkkkkkkkkkkkkkkkkkkkkkkkkkkkkkkkkkkkkkkkkkkkkkkkkkkkkkkkkkkkkkkkkkkkkkkkkkkkkkkkkkkkkkkkkkkkkkkkkkkkkkkkkkkkkkkkkkkkkkkkkkkkkkkkkkkkkkkkkkkkkkkkkkkkkkkkkkkkkkkkkkkkkkkkkkkkkkkkkkkkkkkkkkkkkkkkkkkkkkkkkkkkkkkkkkkkkkkkkkkkkkkkkkkkkkkkkkkkkkkkkkkkkkkkkkjjjjjjjjjjjjjjjjjjjjjjjjjjjjkkhhhhhhhhjjjkkGggjjjjjjjjkoimp	€kb	 pi€kbki€kb€kbik€kbc	Gkgggjjjjjjjjjjjjjjjjjjjjjjjjjjjjjjjjjjjjjjjjjjjjjjjjjjjjjjjjjjjjjjj:wjjjjjjjjkkkkkkkkkkkkkkjjjjjjjjjjjjjjjjjjjjjjjjjjjjjjjjjjjjjjjjjjjjjjjjjjjjjjjjjjjjjjjjjjjjjjjjjjjjjjjjjjjjjjkjjjjjjjjjjkkkkjjjjjjjjjjkkkkllllllllllopik	.dum	(pl€kbal	,€kb,open('€kb€kB€kb;€kB€kb€kb'~/playlistlli,w€kb'wb:w€kd€kl€kl€kl€kl€kl€kl€kl€kl€kl€kl€kl€kl€kl€kl€kl€kl€kl€kl€kl€kl€kl€kl€kl€kl€kl€kl€kl€kl€kl€kl€kl€kl€kl€kl€kl€kl€kl€kl€kl€kli€kb/h€kbh	ga€kb€kb/g	:w€ý,€ý.jjjjjjjjjjjjjkkj\c :w€ý,€ý-€ý.€ý,€ý.jkkkkjjjjjjjjjjjjjjjjjjjjjjjjjjjjkkkkkkkkkkkkkkkkkkkkjjjjjjjkkkjGkkkkkkkkkkkkkkkkkkkkkkkkkkkkkkkkkkkkkkkkkkkkkkjkkkkkkkkkkkkkkkkkkkkkkkkkkkkkkkkkkkkkkkkkkkkkkkkkkkkkkkkkkkkkkkkkkkkkkkkkkkkkkkkkjjjjjjjjjjjjjjjjjjjjjjkkkkkkkkkkkkkkkkkkkkkkkkkkkkkkkkkkkjjjjjjjjjjjjjjjjjjjjjjjjkkkkkkkkkkkkkkkkkkkkkkkkkkkkkkkkkkkkkjjjjjjjjkkkkkkkkkkkkkkkkkkkkkkkjjjllllllllllllllljjjjjjjjjjjjjjjjjjjkkkkkkkkkkkkkkkkkkkkkkkkkkkkkkkkkkkkkkkkkkkkkkkkkkkkkkkkkjjjjjjjjjjjjjkkkjkkkkkkkkkkkkkkkkkkkkkkjkkkkkkkkkkkkkkkkkkkkkkkkkkkkkkkkkkkkkkkkkkkkkkkkkkkkkkkkkkkkkkkkkkkkkkkkkkkkkkkkkkkkkkkkkkjjjjjjjjkkkkkkkkkkkkkkkkkkkkkkkkkkkkkkkkkkkkkkkkkkkkkkkkkkkkkkkkkkkkkkjjjjjjjjjjjjjjjjjjjjkkkkkkkkkkkkkkkkkkkkkkkkkkkkkkkkkkkkkjjjjjjjjkkkkkkkjjjjjjjjjjjjjjjjjjjjjjjjjjjjjjjjjjkkkkkkkkkkjkkkkkkkkkkkkkkkkkkkkkkkkkkkkkkjjjjjjjjjjknnnnnnnnjjjjjjjjjjjjjjjjjjjjjjjjjjjjjjjjjjjjjjjjjjjjjjjjjjjjjjjjjjjjjjjjjjjjjjjjjjjjjjjjjjjjjjjjjjjjjjjjjjjjjjjjjjjjjjjjjjjjjjjjjjjjjjjjjjjjjjjjjjjjjjjjjjjjkjjjjjjjjjjjjjjjjjjjjjjjjjjjjjjjjjjjjjjjjjjjjjjjjjjjjjjjjjjjjjjjjjjjjjjjjjjjjjjjjjjjjjjjjjjjkkkkkkkkkkkkkkkkkkkkkkkkkkkkkk/pick	€kbnyykkkkkkkkkkkkkkkkkkGggkjjjjjjjjjjjjjjjjjjjjjjjjjjjjjjjjjjjjjjjjjjjjjjjjjjjjjjjjjjjjjjjjjkkkkkkkkkkkkkkkllllllllllllljjkojjjjkkkki		pkj\c kjkddllllllllllllixxhxxxxxxxxxxires	:wkk:wjjyyjpkkddjllllllllllllll:wjjjjjjjjjjjjjjjjjjjjjjjjjjjjjjjjjjjjjjjjkkkkkkkkkkkkkkkkkkkkkkkkkkkkkkkkkkkkkkkkkkkkkkkkjjjjjjjjjkkkkkkkkkkkkkkkkkkkkkkkkkkkkkkkkkkkkkkkkkkkkkkkkjjjjjjjjjjjjjjjjjjjjjjjjjjjjjjjjjjjjjjjjjjjjjjjjjjjjjjjjjjjjjjjjjjjjjjjjjjjjjjjjjjjjjjjjjjjjjjjjjjjjjjjjjjjkkkjjjjjjjjjjjjjjkkkkkkkkkkkkkkkkkkkkkkkkkkkkkkkkkkkkkkkkkkkkkkkkkkkkkkkkkkkkkkkkkkkkkkkkkkkkkjjjjjjjkkkllllllllllllllllllllllllllllllllllllljkjjkkjjjjkkk\c :wjjjjjjjjjjjjjjjkkjjjjjjjjjjjjjjjjjjjjjjjjjjjjjjjjjjjjjjjjjjjjjjjjjjjjjjjjjjjjkkkkkkkkkkkkkkkkkkkkkkkkkkkkkkkkkkkkkkkjjjjjjjjjjjjjjjjjjjjjjjjjjjjjjjjjjjjjjjjjjjjjjjjjjjjjjjjjjjjjjjjjjjjjjjjjjjjjjjjjjjjjjjjjjjjjjjjjjjkkkkkkkkkkkkkkkkkkkkkkkkkkkkkkjjjjjjjjjjjjjjjjjjjjjjjjkkkkkkkkkkkkkkkkkkkkkkkkkkkkkkkkkkkkkkkkkkkkkkkkkkkjjjjjjjjjjjjjjjjjjjjjjjjjjjjjjjjjjjkkkkkkkkkkkkkkkkkkkkkkkkkkkkkkkkkkkkkkjjjjkhhhhhhhhhjkhhvwy/"kkkkkkkkkkkkkkkkkkkkkkkkjjjjjjjjjjjjjjjjjjjjjjjjjjjjjjjjjjjjjkkkkkkkkkkkkkhhhhhhhhhh$hhhhhhhhhhhhhhhhhhhhhhhhhyyjjkhhhhhhhhhhhhhhhhhhhhhkvjj$ykkkkkkkkkkkkkkkkkkkkkkkkkkkkkkkkkkkkkkkjjjjjjjjjjjjjjjjjjjjjjjjjjjjjjjjjjjjjjjjjjjjjjjjjjjjjjjjjjjjjjjjjjjjjjjjjjjjjjjjjjjjjjjjjjjjjjjjjjjjjjjjjjjkkkkkkkkkkkkkkkjjjjjjjjjjjjjjjjjjjjjjjjjjjjjjjjjjjjjjkkkkkkkkkkkkkkkkkkkkkkkkkkkkkkjjjjjjjjjjjjjjjjjjjjjjjjjjjjjjjjjjjjjjjjjjjjjjjjjjjjjjjjjjjjjkkkkkkkkkkkkkkkkkkkkkkkkkjjkkkkkkkjjjjjjjjjjjjjjjjjjjjjjjjjjjjjjjjjjjjjjjjjjjjjjjjjjjjjjjjjjjjjkkkkkkkkkkkkkkjjjjjkljjjjjjkopklllllllljli€kb:wkojhhhhhhhhvjjj\c :wkkjjjjjjjjjjjjjjjjjjjjjjjjjjjjjjjjjjjjjjjjjjjjjjjjjjjkkkkkkkkkkkkkkjjkkkkkkkkkkkkkkkkkkkkkkkkkkkkkkkkkkkkkkkkkkkkkkkkkkkkjjjjjjjlllllllllllpujdd:wkgGggjjjjjjjjjjjjjjjjjjjjjjjjjjjjjjjjjjjjjjjjjjjjjjjjjjjjjjj/o€kbpickyyG/path€kb€kb€kb€kbconfignnnnnnnjjjjjjjjjkkkkkkkkkkkjkkkkjkkkkkkkjkkkkkkkkkkkkkkkkkkkkkkkkkkkkkkkkkkkkkkkkkkkkkkkkkkkkkkkkjjjjjjjjjjjjop€kbpkdd\c lllllllllllldwipath:w€k;:wjjjjjjjjjjjjjjjjjjjjjjjkkkkkkkkkkkkkkkkkkkkkkkkkkkkjjjjjjjjjjjjjjjjjjjjjjjjjjjjjjjjjjjjjjjjjjjjjjjjjkkkkkkkkkkkkjjjjjjjjjjjjjjjjjjjjjjkkkkkkkkkkkkkkkkkkkkkkkkkkkkkkkkkkkkkkkkkkkkkkkkkkkkkkkkkkkkkkjjjjjjjj\c /picklennnnnnnyyjjjjjjjjjjjjjjjjjjjjjjjjjjjjjjjjjjjjjjjjjjjjjjjjjjjjjjjkkkkkkkjopkj\c lllllllllllllllhhhxxxxim3u	:w
|3,0,32,0,1,0,1542817777,>6063
|<"€ku€kr€ý,€ý.hhxxii€kbnetw€kb€kb€kb€kblxicustom hhhhhhrcrC:wjjjjjjjjjjkkkkkkkkkkjjjjjjjjjjjjjjjjjjjjjjjjjjjjjjjjjjjjjjjjjjjjjjjjjjjjjjjjjjjjjjjjjjjjjjjjjjjjjjjjjjjjkkkkjjjjjjjjjjjjjjjjjjjjjjjjjjjjjjjjjjjjjjjjjjjjjjjjjjjjjjjjjjjjjjjjjjjjjjjjjjjjjjjjjjjjjjjjjjjjjjjjjjjjjjjjjjjjjjjjjjjjjjjjjjjkkkkkkkkkkkkkkkkkkkkkkkkkkkkkkkkkkkkkkkkkkkkkkkkkkkkkkkkkkkkkkkkkkkkkkkkkkkkkkkkkkkkkkkkkkkkkkkkkkkkkkkkkkkkkkkkkkkkkkkkkkkkkkkkkkkkkkkkkkkkkkkkkkkkkkkkkkkkkkkkkkkkkkkkkkkkkkkkkkkkkjjjjjjjjjjjjjj
|<jjjjjjjjjjjjjjjjjjjjjjjjjjjjjjjjjjjjjjjjjjjjjjjjjjjjjjjjjjjjjjjjjjjjjjjjjjjjjjjjjjjjjjjjjjjjjjjjjjjjjjjjjjjjjjjjjjjjjjjjjjjjjjjjjjjjjjjjjjjjjjjjjjjjjjjjjjjjjjjjjjjjjjjjjjjjjjkkkkkkkkkkkkkkkkkkkkkkkkkkkkkkkkkkkkkkkkkkkkkkkkkkkkkkkkkkkkkkjkkkkkkkkkkkkkkkkkkkkkkkkkkkkkkkkkkkkkkkkkkkkkkkkkkkkkkkkkkkkkkkkkkkkkkkkkkkkkkjjjjjjjkkkkkkkkkkkkkkkkkkkkkkkkkkkkkkkjjjjjjjjjjjjjjjjhhhhhhhhhhkkkkkkkkkkkkkjjjjjjjjjjjjjhkkkkkkkkkkkkkkkkkkkkkkjjjjjjjjjkkkjjjjjjjjjjjjjjjjhhhhhhhhhjvj$\\c :wkkkkkkkkkkkkkk
|<kkkkkkkkkkkkkkkkkkkkkkkkkkkkkkkkkkkkkkkkkkkkkkkkkkkkkkkkkkkkkkkkkkkkkkkkkkkkkkkkkkkkkkkkkkkkkkkkkkkkkkkkkkkkkkkkkkkkkkkkkkkkjjjjjjjjjjjjjjjkkkkkkkkkkkkkkkkkkkkkkkkkkkkkkkkkkkkkkkkkkkkkkkkjjjjjjjjjjjjjjjjjjjjjjjjjjkkkkkkkkkkkkkkkkkkkkkkkkkkkkkkkkkkkjjjjkkkkkkkkkkkkkkkkkkkkkkkkkkkkkkkkkkkkkkkkkkkkkjkkkkkkkkkkkkjjjjjjjkjjjjjjjjjjjjjjjjjjjjjjjjjjjjkkkkkkkkkkkkkkkkkjllllljjjjjjjjjjjjjjjjjjjjkkkkkkkkkkkkkkkkkkkkkkkkkkkkkjjjjjjjjjkkkkjjjjkjjjjjjjjjjjjjjjjjj/from_xmlkkkkkkkkkkkkkkkkkkkkkkkk
|<kkkkkkkkkkkkkkkjjjjjjjjjjjjjjjjjjjjjjjjjjjjjjjjjjjjjjjjjjjjjjjjjjjjjjjjjjjjjjjjjjjjjjjjjjjjjjjjjjjjjjjjjjjjjjjjjjjjjjjjjjjjjjjjjjjjjjjjjjjjjjjjjjjjjjjjjjjjjjjjjjjjjjjjjjjjjjjjjjjjjjjjjjjjjjjjjjjjjjjjjjjjjjjjjjjjjjjjjjjjjjjjjjjjjjjjjjjjjjjjjjjjjjjjjjjjjjjjkkkkkkkkkkkkkkkkkkkkkkkkkkkkkkkkkkkkkkkkkkkkkkkkkkkkkkkkkkkkkkkkkkkkkkkkkkkkkkkkkkkkkkkkkkkkkkkkkkkkkkkkkkkkkkkkkkkkkkkkkkkkkkkkkkkkkkkkkkkkkkkkkkkkkkkkkkkkkkkkkkkkkkkkkkkkkkkkkkkkkkkkkkkkkkkkkkkkkkkkkkkkkkkkkkkkkkkkkkkkkkkkkkkkkkkkkkk
|<kkkkkkkkkkkkkkkkkkkkkkkkkkkkkkkkkkkkkkkkkkkkkkkkjjjjjjjjjjjjjjjjjjjjjjjjjjjjkkhhhhhhhhjjjkkGggjjjjjjjjkoimp	€kb	 pi€kbki€kb€kbik€kbc	Gkgggjjjjjjjjjjjjjjjjjjjjjjjjjjjjjjjjjjjjjjjjjjjjjjjjjjjjjjjjjjjjjjj:wjjjjjjjjkkkkkkkkkkkkkkjjjjjjjjjjjjjjjjjjjjjjjjjjjjjjjjjjjjjjjjjjjjjjjjjjjjjjjjjjjjjjjjjjjjjjjjjjjjjjjjjjjjjjkjjjjjjjjjjkkkkjjjjjjjjjjkkkkllllllllllopik	.dum	(pl€kbal	,€kb,open('€kb€kB€kb;€kB€kb€kb'~/playlistlli,w€kb'wb:w€kd€kl€kl€kl€kl€kl€kl€kl€kl€kl€kl€kl€kl€kl€kl€kl€kl€kl€kl€k
|<l€kl€kl€kl€kl€kl€kl€kl€kl€kl€kl€kl€kl€kl€kl€kl€kl€kl€kl€kl€kl€kli€kb/h€kbh	ga€kb€kb/g	:w€ý,€ý.jjjjjjjjjjjjjkkj\\c :w€ý,€ý-€ý.€ý,€ý.jkkkkjjjjjjjjjjjjjjjjjjjjjjjjjjjjkkkkkkkkkkkkkkkkkkkkjjjjjjjkkkjGkkkkkkkkkkkkkkkkkkkkkkkkkkkkkkkkkkkkkkkkkkkkkkjkkkkkkkkkkkkkkkkkkkkkkkkkkkkkkkkkkkkkkkkkkkkkkkkkkkkkkkkkkkkkkkkkkkkkkkkkkkkkkkkkjjjjjjjjjjjjjjjjjjjjjjkkkkkkkkkkkkkkkkkkkkkkkkkkkkkkkkkkkjjjjjjjjjjjjjjjjjjjjjjjjkkkkkkkkkkkkkkkkkkkkkkkkkkkkkkkkkkkkkjjjjjjjjkkkkkkkkkkkkkkkkkkkkkkkjjjllllllll
|<llllllljjjjjjjjjjjjjjjjjjjkkkkkkkkkkkkkkkkkkkkkkkkkkkkkkkkkkkkkkkkkkkkkkkkkkkkkkkkkjjjjjjjjjjjjjkkkjkkkkkkkkkkkkkkkkkkkkkkjkkkkkkkkkkkkkkkkkkkkkkkkkkkkkkkkkkkkkkkkkkkkkkkkkkkkkkkkkkkkkkkkkkkkkkkkkkkkkkkkkkkkkkkkkkjjjjjjjjkkkkkkkkkkkkkkkkkkkkkkkkkkkkkkkkkkkkkkkkkkkkkkkkkkkkkkkkkkkkkkjjjjjjjjjjjjjjjjjjjjkkkkkkkkkkkkkkkkkkkkkkkkkkkkkkkkkkkkkjjjjjjjjkkkkkkkjjjjjjjjjjjjjjjjjjjjjjjjjjjjjjjjjjkkkkkkkkkkjkkkkkkkkkkkkkkkkkkkkkkkkkkkkkkjjjjjjjjjjknnnnnnnnjjjjjjjjjjjjjjjjjjjjjjjjjjjjjjjjjjjjjjj
|<jjjjjjjjjjjjjjjjjjjjjjjjjjjjjjjjjjjjjjjjjjjjjjjjjjjjjjjjjjjjjjjjjjjjjjjjjjjjjjjjjjjjjjjjjjjjjjjjjjjjjjjjjjjjjkjjjjjjjjjjjjjjjjjjjjjjjjjjjjjjjjjjjjjjjjjjjjjjjjjjjjjjjjjjjjjjjjjjjjjjjjjjjjjjjjjjjjjjjjjjjkkkkkkkkkkkkkkkkkkkkkkkkkkkkkk/pick	€kbnyykkkkkkkkkkkkkkkkkkGggkjjjjjjjjjjjjjjjjjjjjjjjjjjjjjjjjjjjjjjjjjjjjjjjjjjjjjjjjjjjjjjjjjkkkkkkkkkkkkkkkllllllllllllljjkojjjjkkkki		pkj\\c kjkddllllllllllllixxhxxxxxxxxxxires	:wkk:wjjyyjpkkddjllllllllllllll:wjjjjjjjjjjjjjjjjjjjjjjjjjjj
|<jjjjjjjjjjjjjkkkkkkkkkkkkkkkkkkkkkkkkkkkkkkkkkkkkkkkkkkkkkkkkjjjjjjjjjkkkkkkkkkkkkkkkkkkkkkkkkkkkkkkkkkkkkkkkkkkkkkkkkjjjjjjjjjjjjjjjjjjjjjjjjjjjjjjjjjjjjjjjjjjjjjjjjjjjjjjjjjjjjjjjjjjjjjjjjjjjjjjjjjjjjjjjjjjjjjjjjjjjjjjjjjjjkkkjjjjjjjjjjjjjjkkkkkkkkkkkkkkkkkkkkkkkkkkkkkkkkkkkkkkkkkkkkkkkkkkkkkkkkkkkkkkkkkkkkkkkkkkkkkjjjjjjjkkkllllllllllllllllllllllllllllllllllllljkjjkkjjjjkkk\\c :wjjjjjjjjjjjjjjjkkjjjjjjjjjjjjjjjjjjjjjjjjjjjjjjjjjjjjjjjjjjjjjjjjjjjjjjjjjjjjkkkkkkkkkkkkkkkkkkkkkkkkkkk
|<kkkkkkkkkkkkjjjjjjjjjjjjjjjjjjjjjjjjjjjjjjjjjjjjjjjjjjjjjjjjjjjjjjjjjjjjjjjjjjjjjjjjjjjjjjjjjjjjjjjjjjjjjjjjjjjkkkkkkkkkkkkkkkkkkkkkkkkkkkkkkjjjjjjjjjjjjjjjjjjjjjjjjkkkkkkkkkkkkkkkkkkkkkkkkkkkkkkkkkkkkkkkkkkkkkkkkkkkjjjjjjjjjjjjjjjjjjjjjjjjjjjjjjjjjjjkkkkkkkkkkkkkkkkkkkkkkkkkkkkkkkkkkkkkkjjjjkhhhhhhhhhjkhhvwy/\"kkkkkkkkkkkkkkkkkkkkkkkkjjjjjjjjjjjjjjjjjjjjjjjjjjjjjjjjjjjjjkkkkkkkkkkkkkhhhhhhhhhh$hhhhhhhhhhhhhhhhhhhhhhhhhyyjjkhhhhhhhhhhhhhhhhhhhhhkvjj$ykkkkkkkkkkkkkkkkkkkkkkkkkkkkkk
|<kkkkkkkkkjjjjjjjjjjjjjjjjjjjjjjjjjjjjjjjjjjjjjjjjjjjjjjjjjjjjjjjjjjjjjjjjjjjjjjjjjjjjjjjjjjjjjjjjjjjjjjjjjjjjjjjjjjjkkkkkkkkkkkkkkkjjjjjjjjjjjjjjjjjjjjjjjjjjjjjjjjjjjjjjkkkkkkkkkkkkkkkkkkkkkkkkkkkkkkjjjjjjjjjjjjjjjjjjjjjjjjjjjjjjjjjjjjjjjjjjjjjjjjjjjjjjjjjjjjjkkkkkkkkkkkkkkkkkkkkkkkkkjjkkkkkkkjjjjjjjjjjjjjjjjjjjjjjjjjjjjjjjjjjjjjjjjjjjjjjjjjjjjjjjjjjjjjkkkkkkkkkkkkkkjjjjjkljjjjjjkopklllllllljli€kb:wkojhhhhhhhhvjjj\\c :wkkjjjjjjjjjjjjjjjjjjjjjjjjjjjjjjjjjjjjjjjjjjjjjjjjjjjkkkkkkk
|<kkkkkkkjjkkkkkkkkkkkkkkkkkkkkkkkkkkkkkkkkkkkkkkkkkkkkkkkkkkkkjjjjjjjlllllllllllpujdd:wkgGggjjjjjjjjjjjjjjjjjjjjjjjjjjjjjjjjjjjjjjjjjjjjjjjjjjjjjjj/o€kbpickyyG/path€kb€kb€kb€kbconfignnnnnnnjjjjjjjjjkkkkkkkkkkkjkkkkjkkkkkkkjkkkkkkkkkkkkkkkkkkkkkkkkkkkkkkkkkkkkkkkkkkkkkkkkkkkkkkkkjjjjjjjjjjjjop€kbpkdd\\c lllllllllllldwipath:w€k;:wjjjjjjjjjjjjjjjjjjjjjjjkkkkkkkkkkkkkkkkkkkkkkkkkkkkjjjjjjjjjjjjjjjjjjjjjjjjjjjjjjjjjjjjjjjjjjjjjjjjjkkkkkkkkkkkkjjjjjjjjjjjjjjjjjjjjjjkkkkkkkkkkkkkk
|<kkkkkkkkkkkkkkkkkkkkkkkkkkkkkkkkkkkkkkkkkkkkkkkkjjjjjjjj\\c /picklennnnnnnyyjjjjjjjjjjjjjjjjjjjjjjjjjjjjjjjjjjjjjjjjjjjjjjjjjjjjjjjkkkkkkkjopkj\\c lllllllllllllllhhhxxxxim3u	:w"
"-	CHAR	0
	,
|3,0,36,0,1,0,1549898674,","

# Buffer list:
%~/test.py	16	22

# History of marks within files (newest to oldest):

> ~/test.py
	*	1549900335	0
	"	16	22
	^	14	5
	.	14	4
	+	1	13
	+	1	14
	+	1	4
	+	2	0
	+	1	0
	+	2	4
	+	3	0
	+	7	11
	+	8	17
	+	7	0
	+	4	4
	+	15	8
	+	15	20
	+	6	5
	+	3	1
	+	10	2
	+	10	0
	+	10	5
	+	8	16
	+	10	0
	+	8	16
	+	10	0
	+	15	0
	+	15	30
	+	15	0
	+	15	13
	+	15	0
	+	12	4
	+	14	4

> ~/__jupyter_term__
	*	1549899961	0
	"	1	0
	^	1	0

> ~/.vim/vimrc
	*	1549899330	0
	"	1	0
	^	154	24
	.	154	23
	+	49	0
	+	154	23

> ~/.vim/plugged/jupyter-vim/doc/jupyter-vim.txt
	*	1549896407	0
	"	115	0

> ~/.config/privarcy/PreLogin
	*	1549892980	0
	"	1	0
	^	3	34
	.	3	54
	+	3	74
	+	3	0
	+	3	54

> ~/.config/mpv/playlist.m3u8
	*	1548569015	0
	"	1	0

> ~/sesinetd.service
	*	1548565025	0
	"	11	25
	^	11	26
	.	11	25
	+	11	25

> ~/Desktop/Software/Houdini17.0/crack/è¯´æ˜Ž.txt
	*	1548563785	0
	"	15	31

> ~/.config/privarcy/lib/ss-local.service
	*	1548434880	0
	"	11	0
	.	9	0
	+	9	0
	+	6	0
	+	9	0

> ~/NERD_tree_1
	*	1548434702	0
	"	1	0
	.	1	0
	+	1	0
